{"C:\\Users\\Ruth Jahswill\\Documents\\Paradise\\PROJECT\\HelloBooks\\server\\test\\accounttypetest.js":{"path":"C:\\Users\\Ruth Jahswill\\Documents\\Paradise\\PROJECT\\HelloBooks\\server\\test\\accounttypetest.js","statementMap":{"0":{"start":{"line":3,"column":12},"end":{"line":3,"column":27}},"1":{"start":{"line":5,"column":13},"end":{"line":5,"column":42}},"2":{"start":{"line":7,"column":14},"end":{"line":7,"column":31}},"3":{"start":{"line":9,"column":15},"end":{"line":9,"column":46}},"4":{"start":{"line":11,"column":17},"end":{"line":11,"column":37}},"5":{"start":{"line":13,"column":18},"end":{"line":13,"column":52}},"6":{"start":{"line":15,"column":11},"end":{"line":15,"column":31}},"7":{"start":{"line":17,"column":12},"end":{"line":17,"column":40}},"8":{"start":{"line":19,"column":16},"end":{"line":19,"column":37}},"9":{"start":{"line":21,"column":20},"end":{"line":21,"column":54}},"10":{"start":{"line":23,"column":40},"end":{"line":23,"column":267}},"11":{"start":{"line":23,"column":69},"end":{"line":23,"column":80}},"12":{"start":{"line":23,"column":103},"end":{"line":23,"column":105}},"13":{"start":{"line":23,"column":107},"end":{"line":23,"column":228}},"14":{"start":{"line":23,"column":126},"end":{"line":23,"column":226}},"15":{"start":{"line":23,"column":149},"end":{"line":23,"column":224}},"16":{"start":{"line":23,"column":201},"end":{"line":23,"column":224}},"17":{"start":{"line":23,"column":229},"end":{"line":23,"column":250}},"18":{"start":{"line":23,"column":251},"end":{"line":23,"column":265}},"19":{"start":{"line":25,"column":39},"end":{"line":25,"column":93}},"20":{"start":{"line":27,"column":13},"end":{"line":27,"column":36}},"21":{"start":{"line":28,"column":13},"end":{"line":28,"column":34}},"22":{"start":{"line":30,"column":0},"end":{"line":69,"column":3}},"23":{"start":{"line":31,"column":4},"end":{"line":40,"column":7}},"24":{"start":{"line":32,"column":8},"end":{"line":39,"column":11}},"25":{"start":{"line":37,"column":12},"end":{"line":37,"column":46}},"26":{"start":{"line":38,"column":12},"end":{"line":38,"column":19}},"27":{"start":{"line":42,"column":4},"end":{"line":50,"column":7}},"28":{"start":{"line":43,"column":8},"end":{"line":49,"column":11}},"29":{"start":{"line":47,"column":12},"end":{"line":47,"column":46}},"30":{"start":{"line":48,"column":12},"end":{"line":48,"column":19}},"31":{"start":{"line":52,"column":4},"end":{"line":60,"column":7}},"32":{"start":{"line":53,"column":8},"end":{"line":59,"column":11}},"33":{"start":{"line":57,"column":12},"end":{"line":57,"column":46}},"34":{"start":{"line":58,"column":12},"end":{"line":58,"column":19}},"35":{"start":{"line":62,"column":4},"end":{"line":68,"column":7}},"36":{"start":{"line":63,"column":8},"end":{"line":67,"column":11}},"37":{"start":{"line":64,"column":12},"end":{"line":64,"column":46}},"38":{"start":{"line":65,"column":12},"end":{"line":65,"column":49}},"39":{"start":{"line":66,"column":12},"end":{"line":66,"column":19}}},"fnMap":{"0":{"name":"_interopRequireWildcard","decl":{"start":{"line":23,"column":9},"end":{"line":23,"column":32}},"loc":{"start":{"line":23,"column":38},"end":{"line":23,"column":269}},"line":23},"1":{"name":"_interopRequireDefault","decl":{"start":{"line":25,"column":9},"end":{"line":25,"column":31}},"loc":{"start":{"line":25,"column":37},"end":{"line":25,"column":95}},"line":25},"2":{"name":"(anonymous_2)","decl":{"start":{"line":30,"column":39},"end":{"line":30,"column":40}},"loc":{"start":{"line":30,"column":51},"end":{"line":69,"column":1}},"line":30},"3":{"name":"(anonymous_3)","decl":{"start":{"line":31,"column":27},"end":{"line":31,"column":28}},"loc":{"start":{"line":31,"column":43},"end":{"line":40,"column":5}},"line":31},"4":{"name":"(anonymous_4)","decl":{"start":{"line":36,"column":15},"end":{"line":36,"column":16}},"loc":{"start":{"line":36,"column":35},"end":{"line":39,"column":9}},"line":36},"5":{"name":"(anonymous_5)","decl":{"start":{"line":42,"column":27},"end":{"line":42,"column":28}},"loc":{"start":{"line":42,"column":43},"end":{"line":50,"column":5}},"line":42},"6":{"name":"(anonymous_6)","decl":{"start":{"line":46,"column":15},"end":{"line":46,"column":16}},"loc":{"start":{"line":46,"column":35},"end":{"line":49,"column":9}},"line":46},"7":{"name":"(anonymous_7)","decl":{"start":{"line":52,"column":27},"end":{"line":52,"column":28}},"loc":{"start":{"line":52,"column":43},"end":{"line":60,"column":5}},"line":52},"8":{"name":"(anonymous_8)","decl":{"start":{"line":56,"column":15},"end":{"line":56,"column":16}},"loc":{"start":{"line":56,"column":35},"end":{"line":59,"column":9}},"line":56},"9":{"name":"(anonymous_9)","decl":{"start":{"line":62,"column":28},"end":{"line":62,"column":29}},"loc":{"start":{"line":62,"column":44},"end":{"line":68,"column":5}},"line":62},"10":{"name":"(anonymous_10)","decl":{"start":{"line":63,"column":131},"end":{"line":63,"column":132}},"loc":{"start":{"line":63,"column":151},"end":{"line":67,"column":9}},"line":63}},"branchMap":{"0":{"loc":{"start":{"line":23,"column":40},"end":{"line":23,"column":267}},"type":"if","locations":[{"start":{"line":23,"column":40},"end":{"line":23,"column":267}},{"start":{"line":23,"column":40},"end":{"line":23,"column":267}}],"line":23},"1":{"loc":{"start":{"line":23,"column":44},"end":{"line":23,"column":65}},"type":"binary-expr","locations":[{"start":{"line":23,"column":44},"end":{"line":23,"column":47}},{"start":{"line":23,"column":51},"end":{"line":23,"column":65}}],"line":23},"2":{"loc":{"start":{"line":23,"column":107},"end":{"line":23,"column":228}},"type":"if","locations":[{"start":{"line":23,"column":107},"end":{"line":23,"column":228}},{"start":{"line":23,"column":107},"end":{"line":23,"column":228}}],"line":23},"3":{"loc":{"start":{"line":23,"column":149},"end":{"line":23,"column":224}},"type":"if","locations":[{"start":{"line":23,"column":149},"end":{"line":23,"column":224}},{"start":{"line":23,"column":149},"end":{"line":23,"column":224}}],"line":23},"4":{"loc":{"start":{"line":25,"column":46},"end":{"line":25,"column":92}},"type":"cond-expr","locations":[{"start":{"line":25,"column":70},"end":{"line":25,"column":73}},{"start":{"line":25,"column":76},"end":{"line":25,"column":92}}],"line":25},"5":{"loc":{"start":{"line":25,"column":46},"end":{"line":25,"column":67}},"type":"binary-expr","locations":[{"start":{"line":25,"column":46},"end":{"line":25,"column":49}},{"start":{"line":25,"column":53},"end":{"line":25,"column":67}}],"line":25}},"s":{"0":1,"1":1,"2":1,"3":1,"4":1,"5":1,"6":1,"7":1,"8":1,"9":1,"10":1,"11":1,"12":0,"13":0,"14":0,"15":0,"16":0,"17":0,"18":0,"19":4,"20":1,"21":1,"22":1,"23":1,"24":1,"25":1,"26":1,"27":1,"28":1,"29":1,"30":1,"31":1,"32":1,"33":1,"34":1,"35":1,"36":1,"37":1,"38":1,"39":1},"f":{"0":1,"1":4,"2":1,"3":1,"4":1,"5":1,"6":1,"7":1,"8":1,"9":1,"10":1},"b":{"0":[1,0],"1":[1,1],"2":[0,0],"3":[0,0],"4":[1,3],"5":[4,4]},"_coverageSchema":"332fd63041d2c1bcb487cc26dd0d5f7d97098a6c","hash":"ab646a27a1a206eca53d0967a654e9f408453afe","contentHash":"37e057103c1368cfc51e825e2fa345b6_11.1.0"},"C:\\Users\\Ruth Jahswill\\Documents\\Paradise\\PROJECT\\HelloBooks\\server\\app.js":{"path":"C:\\Users\\Ruth Jahswill\\Documents\\Paradise\\PROJECT\\HelloBooks\\server\\app.js","statementMap":{"0":{"start":{"line":3,"column":0},"end":{"line":5,"column":3}},"1":{"start":{"line":7,"column":15},"end":{"line":7,"column":33}},"2":{"start":{"line":9,"column":16},"end":{"line":9,"column":48}},"3":{"start":{"line":11,"column":14},"end":{"line":11,"column":31}},"4":{"start":{"line":13,"column":15},"end":{"line":13,"column":46}},"5":{"start":{"line":15,"column":18},"end":{"line":15,"column":40}},"6":{"start":{"line":17,"column":19},"end":{"line":17,"column":54}},"7":{"start":{"line":19,"column":14},"end":{"line":19,"column":40}},"8":{"start":{"line":21,"column":15},"end":{"line":21,"column":46}},"9":{"start":{"line":23,"column":39},"end":{"line":23,"column":93}},"10":{"start":{"line":25,"column":10},"end":{"line":25,"column":34}},"11":{"start":{"line":27,"column":0},"end":{"line":27,"column":38}},"12":{"start":{"line":29,"column":0},"end":{"line":29,"column":37}},"13":{"start":{"line":30,"column":0},"end":{"line":30,"column":62}},"14":{"start":{"line":32,"column":0},"end":{"line":32,"column":58}},"15":{"start":{"line":34,"column":0},"end":{"line":34,"column":67}},"16":{"start":{"line":36,"column":0},"end":{"line":36,"column":27}},"17":{"start":{"line":38,"column":0},"end":{"line":42,"column":3}},"18":{"start":{"line":39,"column":4},"end":{"line":41,"column":7}},"19":{"start":{"line":44,"column":0},"end":{"line":44,"column":22}}},"fnMap":{"0":{"name":"_interopRequireDefault","decl":{"start":{"line":23,"column":9},"end":{"line":23,"column":31}},"loc":{"start":{"line":23,"column":37},"end":{"line":23,"column":95}},"line":23},"1":{"name":"(anonymous_1)","decl":{"start":{"line":38,"column":13},"end":{"line":38,"column":14}},"loc":{"start":{"line":38,"column":33},"end":{"line":42,"column":1}},"line":38}},"branchMap":{"0":{"loc":{"start":{"line":23,"column":46},"end":{"line":23,"column":92}},"type":"cond-expr","locations":[{"start":{"line":23,"column":70},"end":{"line":23,"column":73}},{"start":{"line":23,"column":76},"end":{"line":23,"column":92}}],"line":23},"1":{"loc":{"start":{"line":23,"column":46},"end":{"line":23,"column":67}},"type":"binary-expr","locations":[{"start":{"line":23,"column":46},"end":{"line":23,"column":49}},{"start":{"line":23,"column":53},"end":{"line":23,"column":67}}],"line":23}},"s":{"0":1,"1":1,"2":1,"3":1,"4":1,"5":1,"6":1,"7":1,"8":1,"9":4,"10":1,"11":1,"12":1,"13":1,"14":1,"15":1,"16":1,"17":1,"18":0,"19":1},"f":{"0":4,"1":0},"b":{"0":[1,3],"1":[4,4]},"_coverageSchema":"332fd63041d2c1bcb487cc26dd0d5f7d97098a6c","hash":"b9f92b1605dfd6d7e8eff287880c7eaf03c6a2b9","contentHash":"d574d31d13af50eb6edd4c3f09416d8f_11.1.0"},"C:\\Users\\Ruth Jahswill\\Documents\\Paradise\\PROJECT\\HelloBooks\\server\\server\\routes\\index.js":{"path":"C:\\Users\\Ruth Jahswill\\Documents\\Paradise\\PROJECT\\HelloBooks\\server\\server\\routes\\index.js","statementMap":{"0":{"start":{"line":3,"column":0},"end":{"line":5,"column":3}},"1":{"start":{"line":7,"column":18},"end":{"line":7,"column":42}},"2":{"start":{"line":9,"column":19},"end":{"line":9,"column":54}},"3":{"start":{"line":11,"column":17},"end":{"line":11,"column":47}},"4":{"start":{"line":13,"column":18},"end":{"line":13,"column":52}},"5":{"start":{"line":15,"column":18},"end":{"line":15,"column":49}},"6":{"start":{"line":17,"column":19},"end":{"line":17,"column":54}},"7":{"start":{"line":19,"column":39},"end":{"line":19,"column":93}},"8":{"start":{"line":21,"column":16},"end":{"line":21,"column":35}},"9":{"start":{"line":22,"column":17},"end":{"line":22,"column":37}},"10":{"start":{"line":24,"column":21},"end":{"line":24,"column":46}},"11":{"start":{"line":25,"column":21},"end":{"line":25,"column":46}},"12":{"start":{"line":26,"column":26},"end":{"line":26,"column":56}},"13":{"start":{"line":29,"column":25},"end":{"line":29,"column":54}},"14":{"start":{"line":30,"column":28},"end":{"line":30,"column":60}},"15":{"start":{"line":31,"column":29},"end":{"line":31,"column":62}},"16":{"start":{"line":32,"column":22},"end":{"line":32,"column":48}},"17":{"start":{"line":34,"column":13},"end":{"line":94,"column":1}},"18":{"start":{"line":36,"column":2},"end":{"line":36,"column":58}},"19":{"start":{"line":38,"column":2},"end":{"line":38,"column":58}},"20":{"start":{"line":55,"column":2},"end":{"line":55,"column":53}},"21":{"start":{"line":57,"column":2},"end":{"line":57,"column":53}},"22":{"start":{"line":59,"column":2},"end":{"line":59,"column":60}},"23":{"start":{"line":61,"column":2},"end":{"line":61,"column":53}},"24":{"start":{"line":63,"column":2},"end":{"line":63,"column":73}},"25":{"start":{"line":65,"column":2},"end":{"line":65,"column":75}},"26":{"start":{"line":67,"column":2},"end":{"line":67,"column":80}},"27":{"start":{"line":69,"column":2},"end":{"line":69,"column":74}},"28":{"start":{"line":71,"column":2},"end":{"line":71,"column":52}},"29":{"start":{"line":73,"column":2},"end":{"line":73,"column":92}},"30":{"start":{"line":75,"column":2},"end":{"line":75,"column":83}},"31":{"start":{"line":77,"column":2},"end":{"line":77,"column":73}},"32":{"start":{"line":79,"column":2},"end":{"line":79,"column":61}},"33":{"start":{"line":81,"column":2},"end":{"line":81,"column":66}},"34":{"start":{"line":83,"column":2},"end":{"line":83,"column":68}},"35":{"start":{"line":85,"column":2},"end":{"line":85,"column":69}},"36":{"start":{"line":87,"column":2},"end":{"line":87,"column":64}},"37":{"start":{"line":89,"column":2},"end":{"line":89,"column":64}},"38":{"start":{"line":91,"column":2},"end":{"line":91,"column":73}},"39":{"start":{"line":93,"column":2},"end":{"line":93,"column":73}},"40":{"start":{"line":96,"column":0},"end":{"line":96,"column":25}}},"fnMap":{"0":{"name":"_interopRequireDefault","decl":{"start":{"line":19,"column":9},"end":{"line":19,"column":31}},"loc":{"start":{"line":19,"column":37},"end":{"line":19,"column":95}},"line":19},"1":{"name":"routes","decl":{"start":{"line":34,"column":22},"end":{"line":34,"column":28}},"loc":{"start":{"line":34,"column":34},"end":{"line":94,"column":1}},"line":34}},"branchMap":{"0":{"loc":{"start":{"line":19,"column":46},"end":{"line":19,"column":92}},"type":"cond-expr","locations":[{"start":{"line":19,"column":70},"end":{"line":19,"column":73}},{"start":{"line":19,"column":76},"end":{"line":19,"column":92}}],"line":19},"1":{"loc":{"start":{"line":19,"column":46},"end":{"line":19,"column":67}},"type":"binary-expr","locations":[{"start":{"line":19,"column":46},"end":{"line":19,"column":49}},{"start":{"line":19,"column":53},"end":{"line":19,"column":67}}],"line":19}},"s":{"0":1,"1":1,"2":1,"3":1,"4":1,"5":1,"6":1,"7":3,"8":1,"9":1,"10":1,"11":1,"12":1,"13":1,"14":1,"15":1,"16":1,"17":1,"18":1,"19":1,"20":1,"21":1,"22":1,"23":1,"24":1,"25":1,"26":1,"27":1,"28":1,"29":1,"30":1,"31":1,"32":1,"33":1,"34":1,"35":1,"36":1,"37":1,"38":1,"39":1,"40":1},"f":{"0":3,"1":1},"b":{"0":[3,0],"1":[3,3]},"_coverageSchema":"332fd63041d2c1bcb487cc26dd0d5f7d97098a6c","hash":"97dc9c99dc99003c0ff7d4613ebece10811d4343","contentHash":"2aa229e83b968015e4ebcea5e34b91c0_11.1.0"},"C:\\Users\\Ruth Jahswill\\Documents\\Paradise\\PROJECT\\HelloBooks\\server\\server\\controller\\index.js":{"path":"C:\\Users\\Ruth Jahswill\\Documents\\Paradise\\PROJECT\\HelloBooks\\server\\server\\controller\\index.js","statementMap":{"0":{"start":{"line":3,"column":0},"end":{"line":5,"column":3}},"1":{"start":{"line":7,"column":12},"end":{"line":7,"column":29}},"2":{"start":{"line":9,"column":13},"end":{"line":9,"column":42}},"3":{"start":{"line":11,"column":12},"end":{"line":11,"column":29}},"4":{"start":{"line":13,"column":13},"end":{"line":13,"column":42}},"5":{"start":{"line":15,"column":17},"end":{"line":15,"column":39}},"6":{"start":{"line":17,"column":18},"end":{"line":17,"column":52}},"7":{"start":{"line":19,"column":20},"end":{"line":19,"column":45}},"8":{"start":{"line":21,"column":21},"end":{"line":21,"column":58}},"9":{"start":{"line":23,"column":16},"end":{"line":23,"column":37}},"10":{"start":{"line":25,"column":17},"end":{"line":25,"column":50}},"11":{"start":{"line":27,"column":19},"end":{"line":27,"column":43}},"12":{"start":{"line":29,"column":20},"end":{"line":29,"column":56}},"13":{"start":{"line":31,"column":39},"end":{"line":31,"column":93}},"14":{"start":{"line":36,"column":0},"end":{"line":43,"column":2}}},"fnMap":{"0":{"name":"_interopRequireDefault","decl":{"start":{"line":31,"column":9},"end":{"line":31,"column":31}},"loc":{"start":{"line":31,"column":37},"end":{"line":31,"column":95}},"line":31}},"branchMap":{"0":{"loc":{"start":{"line":31,"column":46},"end":{"line":31,"column":92}},"type":"cond-expr","locations":[{"start":{"line":31,"column":70},"end":{"line":31,"column":73}},{"start":{"line":31,"column":76},"end":{"line":31,"column":92}}],"line":31},"1":{"loc":{"start":{"line":31,"column":46},"end":{"line":31,"column":67}},"type":"binary-expr","locations":[{"start":{"line":31,"column":46},"end":{"line":31,"column":49}},{"start":{"line":31,"column":53},"end":{"line":31,"column":67}}],"line":31}},"s":{"0":1,"1":1,"2":1,"3":1,"4":1,"5":1,"6":1,"7":1,"8":1,"9":1,"10":1,"11":1,"12":1,"13":6,"14":1},"f":{"0":6},"b":{"0":[6,0],"1":[6,6]},"_coverageSchema":"332fd63041d2c1bcb487cc26dd0d5f7d97098a6c","hash":"cbb23d4017f2f19889a99914ff996642d5aa073c","contentHash":"5fbdeb68ac61da18159c3161bef69c31_11.1.0"},"C:\\Users\\Ruth Jahswill\\Documents\\Paradise\\PROJECT\\HelloBooks\\server\\server\\controller\\user.js":{"path":"C:\\Users\\Ruth Jahswill\\Documents\\Paradise\\PROJECT\\HelloBooks\\server\\server\\controller\\user.js","statementMap":{"0":{"start":{"line":3,"column":0},"end":{"line":5,"column":3}},"1":{"start":{"line":7,"column":14},"end":{"line":7,"column":31}},"2":{"start":{"line":9,"column":15},"end":{"line":9,"column":46}},"3":{"start":{"line":11,"column":17},"end":{"line":11,"column":37}},"4":{"start":{"line":13,"column":18},"end":{"line":13,"column":52}},"5":{"start":{"line":15,"column":20},"end":{"line":15,"column":43}},"6":{"start":{"line":17,"column":21},"end":{"line":17,"column":58}},"7":{"start":{"line":19,"column":14},"end":{"line":19,"column":31}},"8":{"start":{"line":21,"column":15},"end":{"line":21,"column":46}},"9":{"start":{"line":23,"column":14},"end":{"line":23,"column":34}},"10":{"start":{"line":25,"column":15},"end":{"line":25,"column":46}},"11":{"start":{"line":27,"column":39},"end":{"line":27,"column":93}},"12":{"start":{"line":30,"column":11},"end":{"line":30,"column":32}},"13":{"start":{"line":33,"column":13},"end":{"line":33,"column":38}},"14":{"start":{"line":34,"column":12},"end":{"line":34,"column":14}},"15":{"start":{"line":37,"column":13},"end":{"line":37,"column":33}},"16":{"start":{"line":38,"column":11},"end":{"line":38,"column":43}},"17":{"start":{"line":40,"column":0},"end":{"line":358,"column":2}},"18":{"start":{"line":42,"column":23},"end":{"line":42,"column":40}},"19":{"start":{"line":43,"column":20},"end":{"line":43,"column":34}},"20":{"start":{"line":44,"column":23},"end":{"line":44,"column":40}},"21":{"start":{"line":46,"column":8},"end":{"line":52,"column":9}},"22":{"start":{"line":47,"column":12},"end":{"line":50,"column":15}},"23":{"start":{"line":51,"column":12},"end":{"line":51,"column":19}},"24":{"start":{"line":53,"column":8},"end":{"line":53,"column":59}},"25":{"start":{"line":55,"column":8},"end":{"line":61,"column":9}},"26":{"start":{"line":56,"column":12},"end":{"line":59,"column":15}},"27":{"start":{"line":60,"column":12},"end":{"line":60,"column":19}},"28":{"start":{"line":62,"column":8},"end":{"line":62,"column":53}},"29":{"start":{"line":64,"column":8},"end":{"line":72,"column":9}},"30":{"start":{"line":65,"column":12},"end":{"line":68,"column":15}},"31":{"start":{"line":69,"column":12},"end":{"line":69,"column":19}},"32":{"start":{"line":71,"column":12},"end":{"line":71,"column":63}},"33":{"start":{"line":74,"column":8},"end":{"line":80,"column":9}},"34":{"start":{"line":75,"column":12},"end":{"line":78,"column":15}},"35":{"start":{"line":79,"column":12},"end":{"line":79,"column":19}},"36":{"start":{"line":82,"column":8},"end":{"line":131,"column":11}},"37":{"start":{"line":83,"column":12},"end":{"line":130,"column":15}},"38":{"start":{"line":94,"column":28},"end":{"line":94,"column":203}},"39":{"start":{"line":95,"column":16},"end":{"line":108,"column":17}},"40":{"start":{"line":97,"column":20},"end":{"line":101,"column":23}},"41":{"start":{"line":103,"column":20},"end":{"line":107,"column":23}},"42":{"start":{"line":110,"column":16},"end":{"line":129,"column":17}},"43":{"start":{"line":111,"column":20},"end":{"line":116,"column":21}},"44":{"start":{"line":112,"column":24},"end":{"line":115,"column":27}},"45":{"start":{"line":118,"column":20},"end":{"line":123,"column":21}},"46":{"start":{"line":119,"column":24},"end":{"line":122,"column":27}},"47":{"start":{"line":125,"column":20},"end":{"line":128,"column":23}},"48":{"start":{"line":134,"column":23},"end":{"line":134,"column":40}},"49":{"start":{"line":135,"column":23},"end":{"line":135,"column":40}},"50":{"start":{"line":137,"column":8},"end":{"line":143,"column":9}},"51":{"start":{"line":138,"column":12},"end":{"line":141,"column":15}},"52":{"start":{"line":142,"column":12},"end":{"line":142,"column":19}},"53":{"start":{"line":145,"column":8},"end":{"line":151,"column":9}},"54":{"start":{"line":146,"column":12},"end":{"line":149,"column":15}},"55":{"start":{"line":150,"column":12},"end":{"line":150,"column":19}},"56":{"start":{"line":153,"column":8},"end":{"line":191,"column":11}},"57":{"start":{"line":159,"column":12},"end":{"line":185,"column":13}},"58":{"start":{"line":160,"column":16},"end":{"line":179,"column":19}},"59":{"start":{"line":161,"column":20},"end":{"line":178,"column":21}},"60":{"start":{"line":162,"column":24},"end":{"line":162,"column":45}},"61":{"start":{"line":165,"column":36},"end":{"line":165,"column":217}},"62":{"start":{"line":168,"column":24},"end":{"line":172,"column":27}},"63":{"start":{"line":174,"column":24},"end":{"line":177,"column":27}},"64":{"start":{"line":181,"column":16},"end":{"line":184,"column":19}},"65":{"start":{"line":187,"column":12},"end":{"line":190,"column":15}},"66":{"start":{"line":194,"column":8},"end":{"line":205,"column":11}},"67":{"start":{"line":199,"column":12},"end":{"line":199,"column":40}},"68":{"start":{"line":201,"column":12},"end":{"line":204,"column":15}},"69":{"start":{"line":208,"column":25},"end":{"line":208,"column":46}},"70":{"start":{"line":210,"column":8},"end":{"line":216,"column":9}},"71":{"start":{"line":211,"column":12},"end":{"line":214,"column":15}},"72":{"start":{"line":215,"column":12},"end":{"line":215,"column":19}},"73":{"start":{"line":218,"column":8},"end":{"line":230,"column":11}},"74":{"start":{"line":224,"column":12},"end":{"line":224,"column":40}},"75":{"start":{"line":226,"column":12},"end":{"line":229,"column":15}},"76":{"start":{"line":233,"column":28},"end":{"line":233,"column":52}},"77":{"start":{"line":235,"column":8},"end":{"line":240,"column":9}},"78":{"start":{"line":236,"column":12},"end":{"line":239,"column":15}},"79":{"start":{"line":242,"column":8},"end":{"line":254,"column":11}},"80":{"start":{"line":248,"column":12},"end":{"line":248,"column":40}},"81":{"start":{"line":250,"column":12},"end":{"line":253,"column":15}},"82":{"start":{"line":257,"column":23},"end":{"line":257,"column":40}},"83":{"start":{"line":258,"column":25},"end":{"line":258,"column":44}},"84":{"start":{"line":259,"column":28},"end":{"line":259,"column":50}},"85":{"start":{"line":260,"column":23},"end":{"line":260,"column":40}},"86":{"start":{"line":261,"column":21},"end":{"line":261,"column":38}},"87":{"start":{"line":263,"column":8},"end":{"line":269,"column":9}},"88":{"start":{"line":264,"column":12},"end":{"line":267,"column":15}},"89":{"start":{"line":268,"column":12},"end":{"line":268,"column":19}},"90":{"start":{"line":271,"column":8},"end":{"line":289,"column":11}},"91":{"start":{"line":280,"column":12},"end":{"line":283,"column":15}},"92":{"start":{"line":285,"column":12},"end":{"line":288,"column":15}},"93":{"start":{"line":292,"column":23},"end":{"line":292,"column":40}},"94":{"start":{"line":293,"column":21},"end":{"line":293,"column":38}},"95":{"start":{"line":294,"column":8},"end":{"line":300,"column":9}},"96":{"start":{"line":295,"column":12},"end":{"line":298,"column":15}},"97":{"start":{"line":299,"column":12},"end":{"line":299,"column":19}},"98":{"start":{"line":302,"column":8},"end":{"line":308,"column":9}},"99":{"start":{"line":303,"column":12},"end":{"line":306,"column":15}},"100":{"start":{"line":307,"column":12},"end":{"line":307,"column":19}},"101":{"start":{"line":310,"column":8},"end":{"line":328,"column":11}},"102":{"start":{"line":311,"column":12},"end":{"line":327,"column":15}},"103":{"start":{"line":318,"column":16},"end":{"line":321,"column":19}},"104":{"start":{"line":323,"column":16},"end":{"line":326,"column":19}},"105":{"start":{"line":331,"column":21},"end":{"line":331,"column":38}},"106":{"start":{"line":332,"column":8},"end":{"line":338,"column":9}},"107":{"start":{"line":333,"column":12},"end":{"line":336,"column":15}},"108":{"start":{"line":337,"column":12},"end":{"line":337,"column":19}},"109":{"start":{"line":340,"column":8},"end":{"line":356,"column":11}},"110":{"start":{"line":347,"column":12},"end":{"line":350,"column":15}},"111":{"start":{"line":352,"column":12},"end":{"line":355,"column":15}}},"fnMap":{"0":{"name":"_interopRequireDefault","decl":{"start":{"line":27,"column":9},"end":{"line":27,"column":31}},"loc":{"start":{"line":27,"column":37},"end":{"line":27,"column":95}},"line":27},"1":{"name":"signup","decl":{"start":{"line":41,"column":21},"end":{"line":41,"column":27}},"loc":{"start":{"line":41,"column":38},"end":{"line":132,"column":5}},"line":41},"2":{"name":"(anonymous_2)","decl":{"start":{"line":82,"column":46},"end":{"line":82,"column":47}},"loc":{"start":{"line":82,"column":77},"end":{"line":131,"column":9}},"line":82},"3":{"name":"(anonymous_3)","decl":{"start":{"line":92,"column":20},"end":{"line":92,"column":21}},"loc":{"start":{"line":92,"column":36},"end":{"line":109,"column":13}},"line":92},"4":{"name":"(anonymous_4)","decl":{"start":{"line":109,"column":21},"end":{"line":109,"column":22}},"loc":{"start":{"line":109,"column":38},"end":{"line":130,"column":13}},"line":109},"5":{"name":"signin","decl":{"start":{"line":133,"column":21},"end":{"line":133,"column":27}},"loc":{"start":{"line":133,"column":38},"end":{"line":192,"column":5}},"line":133},"6":{"name":"(anonymous_6)","decl":{"start":{"line":158,"column":16},"end":{"line":158,"column":17}},"loc":{"start":{"line":158,"column":32},"end":{"line":186,"column":9}},"line":158},"7":{"name":"(anonymous_7)","decl":{"start":{"line":160,"column":66},"end":{"line":160,"column":67}},"loc":{"start":{"line":160,"column":90},"end":{"line":179,"column":17}},"line":160},"8":{"name":"(anonymous_8)","decl":{"start":{"line":186,"column":17},"end":{"line":186,"column":18}},"loc":{"start":{"line":186,"column":34},"end":{"line":191,"column":9}},"line":186},"9":{"name":"getUsers","decl":{"start":{"line":193,"column":23},"end":{"line":193,"column":31}},"loc":{"start":{"line":193,"column":42},"end":{"line":206,"column":5}},"line":193},"10":{"name":"(anonymous_10)","decl":{"start":{"line":198,"column":16},"end":{"line":198,"column":17}},"loc":{"start":{"line":198,"column":33},"end":{"line":200,"column":9}},"line":198},"11":{"name":"(anonymous_11)","decl":{"start":{"line":200,"column":17},"end":{"line":200,"column":18}},"loc":{"start":{"line":200,"column":34},"end":{"line":205,"column":9}},"line":200},"12":{"name":"getUsersByUserType","decl":{"start":{"line":207,"column":33},"end":{"line":207,"column":51}},"loc":{"start":{"line":207,"column":62},"end":{"line":231,"column":5}},"line":207},"13":{"name":"(anonymous_13)","decl":{"start":{"line":223,"column":16},"end":{"line":223,"column":17}},"loc":{"start":{"line":223,"column":33},"end":{"line":225,"column":9}},"line":223},"14":{"name":"(anonymous_14)","decl":{"start":{"line":225,"column":17},"end":{"line":225,"column":18}},"loc":{"start":{"line":225,"column":34},"end":{"line":230,"column":9}},"line":225},"15":{"name":"getUsersByAccountType","decl":{"start":{"line":232,"column":36},"end":{"line":232,"column":57}},"loc":{"start":{"line":232,"column":68},"end":{"line":255,"column":5}},"line":232},"16":{"name":"(anonymous_16)","decl":{"start":{"line":247,"column":16},"end":{"line":247,"column":17}},"loc":{"start":{"line":247,"column":33},"end":{"line":249,"column":9}},"line":247},"17":{"name":"(anonymous_17)","decl":{"start":{"line":249,"column":17},"end":{"line":249,"column":18}},"loc":{"start":{"line":249,"column":34},"end":{"line":254,"column":9}},"line":249},"18":{"name":"editUser","decl":{"start":{"line":256,"column":23},"end":{"line":256,"column":31}},"loc":{"start":{"line":256,"column":42},"end":{"line":290,"column":5}},"line":256},"19":{"name":"(anonymous_19)","decl":{"start":{"line":279,"column":16},"end":{"line":279,"column":17}},"loc":{"start":{"line":279,"column":32},"end":{"line":284,"column":9}},"line":279},"20":{"name":"(anonymous_20)","decl":{"start":{"line":284,"column":17},"end":{"line":284,"column":18}},"loc":{"start":{"line":284,"column":34},"end":{"line":289,"column":9}},"line":284},"21":{"name":"editPassword","decl":{"start":{"line":291,"column":27},"end":{"line":291,"column":39}},"loc":{"start":{"line":291,"column":50},"end":{"line":329,"column":5}},"line":291},"22":{"name":"(anonymous_22)","decl":{"start":{"line":310,"column":46},"end":{"line":310,"column":47}},"loc":{"start":{"line":310,"column":77},"end":{"line":328,"column":9}},"line":310},"23":{"name":"(anonymous_23)","decl":{"start":{"line":317,"column":20},"end":{"line":317,"column":21}},"loc":{"start":{"line":317,"column":36},"end":{"line":322,"column":13}},"line":317},"24":{"name":"(anonymous_24)","decl":{"start":{"line":322,"column":21},"end":{"line":322,"column":22}},"loc":{"start":{"line":322,"column":38},"end":{"line":327,"column":13}},"line":322},"25":{"name":"deleteUser","decl":{"start":{"line":330,"column":25},"end":{"line":330,"column":35}},"loc":{"start":{"line":330,"column":46},"end":{"line":357,"column":5}},"line":330},"26":{"name":"(anonymous_26)","decl":{"start":{"line":346,"column":16},"end":{"line":346,"column":17}},"loc":{"start":{"line":346,"column":32},"end":{"line":351,"column":9}},"line":346},"27":{"name":"(anonymous_27)","decl":{"start":{"line":351,"column":17},"end":{"line":351,"column":18}},"loc":{"start":{"line":351,"column":34},"end":{"line":356,"column":9}},"line":351}},"branchMap":{"0":{"loc":{"start":{"line":27,"column":46},"end":{"line":27,"column":92}},"type":"cond-expr","locations":[{"start":{"line":27,"column":70},"end":{"line":27,"column":73}},{"start":{"line":27,"column":76},"end":{"line":27,"column":92}}],"line":27},"1":{"loc":{"start":{"line":27,"column":46},"end":{"line":27,"column":67}},"type":"binary-expr","locations":[{"start":{"line":27,"column":46},"end":{"line":27,"column":49}},{"start":{"line":27,"column":53},"end":{"line":27,"column":67}}],"line":27},"2":{"loc":{"start":{"line":46,"column":8},"end":{"line":52,"column":9}},"type":"if","locations":[{"start":{"line":46,"column":8},"end":{"line":52,"column":9}},{"start":{"line":46,"column":8},"end":{"line":52,"column":9}}],"line":46},"3":{"loc":{"start":{"line":46,"column":12},"end":{"line":46,"column":81}},"type":"binary-expr","locations":[{"start":{"line":46,"column":12},"end":{"line":46,"column":61}},{"start":{"line":46,"column":65},"end":{"line":46,"column":81}}],"line":46},"4":{"loc":{"start":{"line":55,"column":8},"end":{"line":61,"column":9}},"type":"if","locations":[{"start":{"line":55,"column":8},"end":{"line":61,"column":9}},{"start":{"line":55,"column":8},"end":{"line":61,"column":9}}],"line":55},"5":{"loc":{"start":{"line":55,"column":12},"end":{"line":55,"column":68}},"type":"binary-expr","locations":[{"start":{"line":55,"column":12},"end":{"line":55,"column":51}},{"start":{"line":55,"column":55},"end":{"line":55,"column":68}}],"line":55},"6":{"loc":{"start":{"line":64,"column":8},"end":{"line":72,"column":9}},"type":"if","locations":[{"start":{"line":64,"column":8},"end":{"line":72,"column":9}},{"start":{"line":64,"column":8},"end":{"line":72,"column":9}}],"line":64},"7":{"loc":{"start":{"line":64,"column":12},"end":{"line":64,"column":74}},"type":"binary-expr","locations":[{"start":{"line":64,"column":12},"end":{"line":64,"column":54}},{"start":{"line":64,"column":58},"end":{"line":64,"column":74}}],"line":64},"8":{"loc":{"start":{"line":74,"column":8},"end":{"line":80,"column":9}},"type":"if","locations":[{"start":{"line":74,"column":8},"end":{"line":80,"column":9}},{"start":{"line":74,"column":8},"end":{"line":80,"column":9}}],"line":74},"9":{"loc":{"start":{"line":95,"column":16},"end":{"line":108,"column":17}},"type":"if","locations":[{"start":{"line":95,"column":16},"end":{"line":108,"column":17}},{"start":{"line":95,"column":16},"end":{"line":108,"column":17}}],"line":95},"10":{"loc":{"start":{"line":110,"column":16},"end":{"line":129,"column":17}},"type":"if","locations":[{"start":{"line":110,"column":16},"end":{"line":129,"column":17}},{"start":{"line":110,"column":16},"end":{"line":129,"column":17}}],"line":110},"11":{"loc":{"start":{"line":111,"column":20},"end":{"line":116,"column":21}},"type":"if","locations":[{"start":{"line":111,"column":20},"end":{"line":116,"column":21}},{"start":{"line":111,"column":20},"end":{"line":116,"column":21}}],"line":111},"12":{"loc":{"start":{"line":118,"column":20},"end":{"line":123,"column":21}},"type":"if","locations":[{"start":{"line":118,"column":20},"end":{"line":123,"column":21}},{"start":{"line":118,"column":20},"end":{"line":123,"column":21}}],"line":118},"13":{"loc":{"start":{"line":137,"column":8},"end":{"line":143,"column":9}},"type":"if","locations":[{"start":{"line":137,"column":8},"end":{"line":143,"column":9}},{"start":{"line":137,"column":8},"end":{"line":143,"column":9}}],"line":137},"14":{"loc":{"start":{"line":145,"column":8},"end":{"line":151,"column":9}},"type":"if","locations":[{"start":{"line":145,"column":8},"end":{"line":151,"column":9}},{"start":{"line":145,"column":8},"end":{"line":151,"column":9}}],"line":145},"15":{"loc":{"start":{"line":159,"column":12},"end":{"line":185,"column":13}},"type":"if","locations":[{"start":{"line":159,"column":12},"end":{"line":185,"column":13}},{"start":{"line":159,"column":12},"end":{"line":185,"column":13}}],"line":159},"16":{"loc":{"start":{"line":161,"column":20},"end":{"line":178,"column":21}},"type":"if","locations":[{"start":{"line":161,"column":20},"end":{"line":178,"column":21}},{"start":{"line":161,"column":20},"end":{"line":178,"column":21}}],"line":161},"17":{"loc":{"start":{"line":210,"column":8},"end":{"line":216,"column":9}},"type":"if","locations":[{"start":{"line":210,"column":8},"end":{"line":216,"column":9}},{"start":{"line":210,"column":8},"end":{"line":216,"column":9}}],"line":210},"18":{"loc":{"start":{"line":235,"column":8},"end":{"line":240,"column":9}},"type":"if","locations":[{"start":{"line":235,"column":8},"end":{"line":240,"column":9}},{"start":{"line":235,"column":8},"end":{"line":240,"column":9}}],"line":235},"19":{"loc":{"start":{"line":263,"column":8},"end":{"line":269,"column":9}},"type":"if","locations":[{"start":{"line":263,"column":8},"end":{"line":269,"column":9}},{"start":{"line":263,"column":8},"end":{"line":269,"column":9}}],"line":263},"20":{"loc":{"start":{"line":294,"column":8},"end":{"line":300,"column":9}},"type":"if","locations":[{"start":{"line":294,"column":8},"end":{"line":300,"column":9}},{"start":{"line":294,"column":8},"end":{"line":300,"column":9}}],"line":294},"21":{"loc":{"start":{"line":302,"column":8},"end":{"line":308,"column":9}},"type":"if","locations":[{"start":{"line":302,"column":8},"end":{"line":308,"column":9}},{"start":{"line":302,"column":8},"end":{"line":308,"column":9}}],"line":302},"22":{"loc":{"start":{"line":302,"column":12},"end":{"line":302,"column":74}},"type":"binary-expr","locations":[{"start":{"line":302,"column":12},"end":{"line":302,"column":54}},{"start":{"line":302,"column":58},"end":{"line":302,"column":74}}],"line":302},"23":{"loc":{"start":{"line":332,"column":8},"end":{"line":338,"column":9}},"type":"if","locations":[{"start":{"line":332,"column":8},"end":{"line":338,"column":9}},{"start":{"line":332,"column":8},"end":{"line":338,"column":9}}],"line":332}},"s":{"0":1,"1":1,"2":1,"3":1,"4":1,"5":1,"6":1,"7":1,"8":1,"9":1,"10":1,"11":5,"12":1,"13":1,"14":1,"15":1,"16":1,"17":1,"18":4,"19":4,"20":4,"21":4,"22":1,"23":1,"24":3,"25":3,"26":1,"27":1,"28":2,"29":2,"30":0,"31":0,"32":2,"33":2,"34":1,"35":1,"36":1,"37":1,"38":1,"39":1,"40":1,"41":0,"42":0,"43":0,"44":0,"45":0,"46":0,"47":0,"48":1,"49":1,"50":1,"51":0,"52":0,"53":1,"54":0,"55":0,"56":1,"57":1,"58":1,"59":1,"60":1,"61":1,"62":1,"63":0,"64":0,"65":0,"66":1,"67":1,"68":0,"69":1,"70":1,"71":0,"72":0,"73":1,"74":1,"75":0,"76":1,"77":1,"78":0,"79":1,"80":1,"81":0,"82":1,"83":1,"84":1,"85":1,"86":1,"87":1,"88":0,"89":0,"90":1,"91":1,"92":0,"93":1,"94":1,"95":1,"96":0,"97":0,"98":1,"99":0,"100":0,"101":1,"102":1,"103":1,"104":0,"105":0,"106":0,"107":0,"108":0,"109":0,"110":0,"111":0},"f":{"0":5,"1":4,"2":1,"3":1,"4":0,"5":1,"6":1,"7":1,"8":0,"9":1,"10":1,"11":0,"12":1,"13":1,"14":0,"15":1,"16":1,"17":0,"18":1,"19":1,"20":0,"21":1,"22":1,"23":1,"24":0,"25":0,"26":0,"27":0},"b":{"0":[1,4],"1":[5,5],"2":[1,3],"3":[4,4],"4":[1,2],"5":[3,3],"6":[0,2],"7":[2,2],"8":[1,1],"9":[1,0],"10":[0,0],"11":[0,0],"12":[0,0],"13":[0,1],"14":[0,1],"15":[1,0],"16":[1,0],"17":[0,1],"18":[0,1],"19":[0,1],"20":[0,1],"21":[0,1],"22":[1,1],"23":[0,0]},"_coverageSchema":"332fd63041d2c1bcb487cc26dd0d5f7d97098a6c","hash":"bce80c852fe0d3b6852f525585c9e37b8c48de0b","contentHash":"90cde4a7499ebb7639714e1a2c142a9a_11.1.0"},"C:\\Users\\Ruth Jahswill\\Documents\\Paradise\\PROJECT\\HelloBooks\\server\\server\\models\\index.js":{"path":"C:\\Users\\Ruth Jahswill\\Documents\\Paradise\\PROJECT\\HelloBooks\\server\\server\\models\\index.js","statementMap":{"0":{"start":{"line":3,"column":0},"end":{"line":5,"column":3}},"1":{"start":{"line":7,"column":10},"end":{"line":7,"column":23}},"2":{"start":{"line":9,"column":11},"end":{"line":9,"column":38}},"3":{"start":{"line":11,"column":12},"end":{"line":11,"column":27}},"4":{"start":{"line":13,"column":13},"end":{"line":13,"column":42}},"5":{"start":{"line":15,"column":17},"end":{"line":15,"column":37}},"6":{"start":{"line":17,"column":18},"end":{"line":17,"column":52}},"7":{"start":{"line":19,"column":14},"end":{"line":19,"column":46}},"8":{"start":{"line":21,"column":15},"end":{"line":21,"column":46}},"9":{"start":{"line":23,"column":39},"end":{"line":23,"column":93}},"10":{"start":{"line":25,"column":0},"end":{"line":25,"column":34}},"11":{"start":{"line":26,"column":28},"end":{"line":26,"column":83}},"12":{"start":{"line":27,"column":15},"end":{"line":27,"column":55}},"13":{"start":{"line":28,"column":9},"end":{"line":28,"column":11}},"14":{"start":{"line":29,"column":16},"end":{"line":29,"column":22}},"15":{"start":{"line":31,"column":0},"end":{"line":35,"column":1}},"16":{"start":{"line":32,"column":2},"end":{"line":32,"column":78}},"17":{"start":{"line":34,"column":2},"end":{"line":34,"column":157}},"18":{"start":{"line":37,"column":0},"end":{"line":42,"column":3}},"19":{"start":{"line":38,"column":2},"end":{"line":38,"column":82}},"20":{"start":{"line":40,"column":14},"end":{"line":40,"column":71}},"21":{"start":{"line":41,"column":2},"end":{"line":41,"column":25}},"22":{"start":{"line":44,"column":0},"end":{"line":48,"column":3}},"23":{"start":{"line":45,"column":2},"end":{"line":47,"column":3}},"24":{"start":{"line":46,"column":4},"end":{"line":46,"column":32}},"25":{"start":{"line":50,"column":0},"end":{"line":50,"column":25}},"26":{"start":{"line":51,"column":0},"end":{"line":51,"column":35}},"27":{"start":{"line":55,"column":0},"end":{"line":55,"column":21}}},"fnMap":{"0":{"name":"_interopRequireDefault","decl":{"start":{"line":23,"column":9},"end":{"line":23,"column":31}},"loc":{"start":{"line":23,"column":37},"end":{"line":23,"column":95}},"line":23},"1":{"name":"(anonymous_1)","decl":{"start":{"line":37,"column":43},"end":{"line":37,"column":44}},"loc":{"start":{"line":37,"column":59},"end":{"line":39,"column":1}},"line":37},"2":{"name":"(anonymous_2)","decl":{"start":{"line":39,"column":11},"end":{"line":39,"column":12}},"loc":{"start":{"line":39,"column":27},"end":{"line":42,"column":1}},"line":39},"3":{"name":"(anonymous_3)","decl":{"start":{"line":44,"column":24},"end":{"line":44,"column":25}},"loc":{"start":{"line":44,"column":45},"end":{"line":48,"column":1}},"line":44}},"branchMap":{"0":{"loc":{"start":{"line":23,"column":46},"end":{"line":23,"column":92}},"type":"cond-expr","locations":[{"start":{"line":23,"column":70},"end":{"line":23,"column":73}},{"start":{"line":23,"column":76},"end":{"line":23,"column":92}}],"line":23},"1":{"loc":{"start":{"line":23,"column":46},"end":{"line":23,"column":67}},"type":"binary-expr","locations":[{"start":{"line":23,"column":46},"end":{"line":23,"column":49}},{"start":{"line":23,"column":53},"end":{"line":23,"column":67}}],"line":23},"2":{"loc":{"start":{"line":26,"column":45},"end":{"line":26,"column":82}},"type":"binary-expr","locations":[{"start":{"line":26,"column":45},"end":{"line":26,"column":65}},{"start":{"line":26,"column":69},"end":{"line":26,"column":82}}],"line":26},"3":{"loc":{"start":{"line":31,"column":0},"end":{"line":35,"column":1}},"type":"if","locations":[{"start":{"line":31,"column":0},"end":{"line":35,"column":1}},{"start":{"line":31,"column":0},"end":{"line":35,"column":1}}],"line":31},"4":{"loc":{"start":{"line":38,"column":9},"end":{"line":38,"column":81}},"type":"binary-expr","locations":[{"start":{"line":38,"column":9},"end":{"line":38,"column":32}},{"start":{"line":38,"column":36},"end":{"line":38,"column":53}},{"start":{"line":38,"column":57},"end":{"line":38,"column":81}}],"line":38},"5":{"loc":{"start":{"line":45,"column":2},"end":{"line":47,"column":3}},"type":"if","locations":[{"start":{"line":45,"column":2},"end":{"line":47,"column":3}},{"start":{"line":45,"column":2},"end":{"line":47,"column":3}}],"line":45}},"s":{"0":1,"1":1,"2":1,"3":1,"4":1,"5":1,"6":1,"7":1,"8":1,"9":4,"10":1,"11":1,"12":1,"13":1,"14":1,"15":1,"16":1,"17":0,"18":1,"19":7,"20":6,"21":6,"22":1,"23":6,"24":3,"25":1,"26":1,"27":1},"f":{"0":4,"1":7,"2":6,"3":6},"b":{"0":[0,4],"1":[4,4],"2":[1,0],"3":[1,0],"4":[7,7,6],"5":[3,3]},"_coverageSchema":"332fd63041d2c1bcb487cc26dd0d5f7d97098a6c","hash":"ba12253d291bc45b1c472671d9ba370a795b43f6","contentHash":"7f748a01809d2d111946fd2843dc3da4_11.1.0"},"C:\\Users\\Ruth Jahswill\\Documents\\Paradise\\PROJECT\\HelloBooks\\server\\server\\models\\accounttype.js":{"path":"C:\\Users\\Ruth Jahswill\\Documents\\Paradise\\PROJECT\\HelloBooks\\server\\server\\models\\accounttype.js","statementMap":{"0":{"start":{"line":3,"column":0},"end":{"line":5,"column":3}},"1":{"start":{"line":7,"column":0},"end":{"line":30,"column":2}},"2":{"start":{"line":8,"column":20},"end":{"line":27,"column":4}},"3":{"start":{"line":29,"column":2},"end":{"line":29,"column":21}}},"fnMap":{"0":{"name":"(anonymous_0)","decl":{"start":{"line":7,"column":18},"end":{"line":7,"column":19}},"loc":{"start":{"line":7,"column":50},"end":{"line":30,"column":1}},"line":7}},"branchMap":{},"s":{"0":1,"1":1,"2":1,"3":1},"f":{"0":1},"b":{},"_coverageSchema":"332fd63041d2c1bcb487cc26dd0d5f7d97098a6c","hash":"a06b2fc4b99ce226bc57e7117f41480dff30d9b6","contentHash":"23eb5cf0c5fa88b7ffc8b5abfae4abb6_11.1.0"},"C:\\Users\\Ruth Jahswill\\Documents\\Paradise\\PROJECT\\HelloBooks\\server\\server\\models\\book.js":{"path":"C:\\Users\\Ruth Jahswill\\Documents\\Paradise\\PROJECT\\HelloBooks\\server\\server\\models\\book.js","statementMap":{"0":{"start":{"line":3,"column":0},"end":{"line":5,"column":3}},"1":{"start":{"line":7,"column":0},"end":{"line":39,"column":2}},"2":{"start":{"line":8,"column":13},"end":{"line":34,"column":4}},"3":{"start":{"line":35,"column":2},"end":{"line":37,"column":4}},"4":{"start":{"line":36,"column":4},"end":{"line":36,"column":88}},"5":{"start":{"line":38,"column":2},"end":{"line":38,"column":14}}},"fnMap":{"0":{"name":"(anonymous_0)","decl":{"start":{"line":7,"column":18},"end":{"line":7,"column":19}},"loc":{"start":{"line":7,"column":50},"end":{"line":39,"column":1}},"line":7},"1":{"name":"(anonymous_1)","decl":{"start":{"line":35,"column":19},"end":{"line":35,"column":20}},"loc":{"start":{"line":35,"column":37},"end":{"line":37,"column":3}},"line":35}},"branchMap":{},"s":{"0":1,"1":1,"2":1,"3":1,"4":1,"5":1},"f":{"0":1,"1":1},"b":{},"_coverageSchema":"332fd63041d2c1bcb487cc26dd0d5f7d97098a6c","hash":"582f9194457811089d202813b376f3ae5cf5e1f2","contentHash":"7fc99965b5e3c82e500db0b5d294e051_11.1.0"},"C:\\Users\\Ruth Jahswill\\Documents\\Paradise\\PROJECT\\HelloBooks\\server\\server\\models\\BookCategory.js":{"path":"C:\\Users\\Ruth Jahswill\\Documents\\Paradise\\PROJECT\\HelloBooks\\server\\server\\models\\BookCategory.js","statementMap":{"0":{"start":{"line":3,"column":0},"end":{"line":5,"column":3}},"1":{"start":{"line":7,"column":0},"end":{"line":50,"column":2}},"2":{"start":{"line":8,"column":21},"end":{"line":26,"column":4}},"3":{"start":{"line":49,"column":2},"end":{"line":49,"column":22}}},"fnMap":{"0":{"name":"(anonymous_0)","decl":{"start":{"line":7,"column":18},"end":{"line":7,"column":19}},"loc":{"start":{"line":7,"column":50},"end":{"line":50,"column":1}},"line":7}},"branchMap":{},"s":{"0":1,"1":1,"2":1,"3":1},"f":{"0":1},"b":{},"_coverageSchema":"332fd63041d2c1bcb487cc26dd0d5f7d97098a6c","hash":"ea83d68192baf68d3cfb079a2307787e162ac484","contentHash":"f7a31a40181d57de74e1c0432702f93b_11.1.0"},"C:\\Users\\Ruth Jahswill\\Documents\\Paradise\\PROJECT\\HelloBooks\\server\\server\\models\\borrowlog.js":{"path":"C:\\Users\\Ruth Jahswill\\Documents\\Paradise\\PROJECT\\HelloBooks\\server\\server\\models\\borrowlog.js","statementMap":{"0":{"start":{"line":3,"column":0},"end":{"line":5,"column":3}},"1":{"start":{"line":7,"column":0},"end":{"line":41,"column":2}},"2":{"start":{"line":8,"column":18},"end":{"line":35,"column":4}},"3":{"start":{"line":36,"column":2},"end":{"line":39,"column":4}},"4":{"start":{"line":37,"column":4},"end":{"line":37,"column":81}},"5":{"start":{"line":38,"column":4},"end":{"line":38,"column":81}},"6":{"start":{"line":40,"column":2},"end":{"line":40,"column":19}}},"fnMap":{"0":{"name":"(anonymous_0)","decl":{"start":{"line":7,"column":18},"end":{"line":7,"column":19}},"loc":{"start":{"line":7,"column":50},"end":{"line":41,"column":1}},"line":7},"1":{"name":"(anonymous_1)","decl":{"start":{"line":36,"column":24},"end":{"line":36,"column":25}},"loc":{"start":{"line":36,"column":42},"end":{"line":39,"column":3}},"line":36}},"branchMap":{},"s":{"0":1,"1":1,"2":1,"3":1,"4":1,"5":1,"6":1},"f":{"0":1,"1":1},"b":{},"_coverageSchema":"332fd63041d2c1bcb487cc26dd0d5f7d97098a6c","hash":"3408ae2cdf0a67ea230696ccc2919790e090825f","contentHash":"3662f7856286960623457bbcc21e7cfb_11.1.0"},"C:\\Users\\Ruth Jahswill\\Documents\\Paradise\\PROJECT\\HelloBooks\\server\\server\\models\\user.js":{"path":"C:\\Users\\Ruth Jahswill\\Documents\\Paradise\\PROJECT\\HelloBooks\\server\\server\\models\\user.js","statementMap":{"0":{"start":{"line":3,"column":0},"end":{"line":5,"column":3}},"1":{"start":{"line":7,"column":0},"end":{"line":53,"column":2}},"2":{"start":{"line":8,"column":13},"end":{"line":47,"column":4}},"3":{"start":{"line":48,"column":2},"end":{"line":51,"column":4}},"4":{"start":{"line":49,"column":4},"end":{"line":49,"column":85}},"5":{"start":{"line":50,"column":4},"end":{"line":50,"column":91}},"6":{"start":{"line":52,"column":2},"end":{"line":52,"column":14}}},"fnMap":{"0":{"name":"(anonymous_0)","decl":{"start":{"line":7,"column":18},"end":{"line":7,"column":19}},"loc":{"start":{"line":7,"column":50},"end":{"line":53,"column":1}},"line":7},"1":{"name":"(anonymous_1)","decl":{"start":{"line":48,"column":19},"end":{"line":48,"column":20}},"loc":{"start":{"line":48,"column":37},"end":{"line":51,"column":3}},"line":48}},"branchMap":{},"s":{"0":1,"1":1,"2":1,"3":1,"4":1,"5":1,"6":1},"f":{"0":1,"1":1},"b":{},"_coverageSchema":"332fd63041d2c1bcb487cc26dd0d5f7d97098a6c","hash":"37b449f2ec325268c97ed6626efce71b440d2801","contentHash":"1d0fbb89bc8195889cf4e0616b65393b_11.1.0"},"C:\\Users\\Ruth Jahswill\\Documents\\Paradise\\PROJECT\\HelloBooks\\server\\server\\models\\usertype.js":{"path":"C:\\Users\\Ruth Jahswill\\Documents\\Paradise\\PROJECT\\HelloBooks\\server\\server\\models\\usertype.js","statementMap":{"0":{"start":{"line":3,"column":0},"end":{"line":5,"column":3}},"1":{"start":{"line":7,"column":0},"end":{"line":43,"column":2}},"2":{"start":{"line":8,"column":17},"end":{"line":26,"column":4}},"3":{"start":{"line":42,"column":2},"end":{"line":42,"column":18}}},"fnMap":{"0":{"name":"(anonymous_0)","decl":{"start":{"line":7,"column":18},"end":{"line":7,"column":19}},"loc":{"start":{"line":7,"column":50},"end":{"line":43,"column":1}},"line":7}},"branchMap":{},"s":{"0":1,"1":1,"2":1,"3":1},"f":{"0":1},"b":{},"_coverageSchema":"332fd63041d2c1bcb487cc26dd0d5f7d97098a6c","hash":"04a5bae72eee14a1994079c3431605c0b3d6ec68","contentHash":"fb9a146e8c30340703f9d957cd61b52d_11.1.0"},"C:\\Users\\Ruth Jahswill\\Documents\\Paradise\\PROJECT\\HelloBooks\\server\\server\\controller\\book.js":{"path":"C:\\Users\\Ruth Jahswill\\Documents\\Paradise\\PROJECT\\HelloBooks\\server\\server\\controller\\book.js","statementMap":{"0":{"start":{"line":3,"column":0},"end":{"line":5,"column":3}},"1":{"start":{"line":7,"column":14},"end":{"line":7,"column":34}},"2":{"start":{"line":9,"column":15},"end":{"line":9,"column":46}},"3":{"start":{"line":11,"column":17},"end":{"line":11,"column":37}},"4":{"start":{"line":13,"column":18},"end":{"line":13,"column":52}},"5":{"start":{"line":15,"column":39},"end":{"line":15,"column":93}},"6":{"start":{"line":17,"column":11},"end":{"line":17,"column":32}},"7":{"start":{"line":19,"column":0},"end":{"line":225,"column":2}},"8":{"start":{"line":22,"column":8},"end":{"line":38,"column":11}},"9":{"start":{"line":31,"column":12},"end":{"line":35,"column":15}},"10":{"start":{"line":37,"column":12},"end":{"line":37,"column":47}},"11":{"start":{"line":44,"column":25},"end":{"line":44,"column":46}},"12":{"start":{"line":46,"column":8},"end":{"line":52,"column":9}},"13":{"start":{"line":47,"column":12},"end":{"line":50,"column":15}},"14":{"start":{"line":51,"column":12},"end":{"line":51,"column":19}},"15":{"start":{"line":53,"column":8},"end":{"line":70,"column":11}},"16":{"start":{"line":63,"column":12},"end":{"line":67,"column":15}},"17":{"start":{"line":69,"column":12},"end":{"line":69,"column":47}},"18":{"start":{"line":73,"column":8},"end":{"line":90,"column":11}},"19":{"start":{"line":83,"column":12},"end":{"line":87,"column":15}},"20":{"start":{"line":89,"column":12},"end":{"line":89,"column":47}},"21":{"start":{"line":93,"column":27},"end":{"line":93,"column":45}},"22":{"start":{"line":94,"column":8},"end":{"line":111,"column":11}},"23":{"start":{"line":104,"column":12},"end":{"line":108,"column":15}},"24":{"start":{"line":110,"column":12},"end":{"line":110,"column":47}},"25":{"start":{"line":114,"column":19},"end":{"line":114,"column":32}},"26":{"start":{"line":115,"column":21},"end":{"line":115,"column":36}},"27":{"start":{"line":116,"column":26},"end":{"line":116,"column":46}},"28":{"start":{"line":117,"column":25},"end":{"line":117,"column":44}},"29":{"start":{"line":118,"column":23},"end":{"line":118,"column":40}},"30":{"start":{"line":119,"column":20},"end":{"line":119,"column":34}},"31":{"start":{"line":122,"column":8},"end":{"line":130,"column":9}},"32":{"start":{"line":123,"column":12},"end":{"line":126,"column":15}},"33":{"start":{"line":127,"column":12},"end":{"line":127,"column":19}},"34":{"start":{"line":129,"column":12},"end":{"line":129,"column":55}},"35":{"start":{"line":133,"column":8},"end":{"line":141,"column":9}},"36":{"start":{"line":134,"column":12},"end":{"line":137,"column":15}},"37":{"start":{"line":138,"column":12},"end":{"line":138,"column":19}},"38":{"start":{"line":140,"column":12},"end":{"line":140,"column":59}},"39":{"start":{"line":144,"column":8},"end":{"line":152,"column":9}},"40":{"start":{"line":145,"column":12},"end":{"line":148,"column":15}},"41":{"start":{"line":149,"column":12},"end":{"line":149,"column":19}},"42":{"start":{"line":151,"column":12},"end":{"line":151,"column":42}},"43":{"start":{"line":155,"column":8},"end":{"line":163,"column":9}},"44":{"start":{"line":156,"column":12},"end":{"line":159,"column":15}},"45":{"start":{"line":160,"column":12},"end":{"line":160,"column":19}},"46":{"start":{"line":162,"column":12},"end":{"line":162,"column":46}},"47":{"start":{"line":165,"column":8},"end":{"line":165,"column":53}},"48":{"start":{"line":167,"column":8},"end":{"line":187,"column":11}},"49":{"start":{"line":177,"column":12},"end":{"line":181,"column":15}},"50":{"start":{"line":183,"column":12},"end":{"line":186,"column":15}},"51":{"start":{"line":190,"column":26},"end":{"line":190,"column":46}},"52":{"start":{"line":191,"column":23},"end":{"line":191,"column":40}},"53":{"start":{"line":192,"column":25},"end":{"line":192,"column":44}},"54":{"start":{"line":193,"column":21},"end":{"line":193,"column":38}},"55":{"start":{"line":194,"column":24},"end":{"line":194,"column":38}},"56":{"start":{"line":196,"column":8},"end":{"line":202,"column":9}},"57":{"start":{"line":197,"column":12},"end":{"line":200,"column":15}},"58":{"start":{"line":201,"column":12},"end":{"line":201,"column":19}},"59":{"start":{"line":204,"column":8},"end":{"line":223,"column":11}},"60":{"start":{"line":214,"column":12},"end":{"line":217,"column":15}},"61":{"start":{"line":219,"column":12},"end":{"line":222,"column":15}}},"fnMap":{"0":{"name":"_interopRequireDefault","decl":{"start":{"line":15,"column":9},"end":{"line":15,"column":31}},"loc":{"start":{"line":15,"column":37},"end":{"line":15,"column":95}},"line":15},"1":{"name":"getBooks","decl":{"start":{"line":21,"column":23},"end":{"line":21,"column":31}},"loc":{"start":{"line":21,"column":42},"end":{"line":39,"column":5}},"line":21},"2":{"name":"(anonymous_2)","decl":{"start":{"line":30,"column":16},"end":{"line":30,"column":17}},"loc":{"start":{"line":30,"column":32},"end":{"line":36,"column":9}},"line":30},"3":{"name":"(anonymous_3)","decl":{"start":{"line":36,"column":17},"end":{"line":36,"column":18}},"loc":{"start":{"line":36,"column":34},"end":{"line":38,"column":9}},"line":36},"4":{"name":"getBookByCategory","decl":{"start":{"line":43,"column":32},"end":{"line":43,"column":49}},"loc":{"start":{"line":43,"column":60},"end":{"line":71,"column":5}},"line":43},"5":{"name":"(anonymous_5)","decl":{"start":{"line":62,"column":16},"end":{"line":62,"column":17}},"loc":{"start":{"line":62,"column":32},"end":{"line":68,"column":9}},"line":62},"6":{"name":"(anonymous_6)","decl":{"start":{"line":68,"column":17},"end":{"line":68,"column":18}},"loc":{"start":{"line":68,"column":34},"end":{"line":70,"column":9}},"line":68},"7":{"name":"getFinishedBooks","decl":{"start":{"line":72,"column":31},"end":{"line":72,"column":47}},"loc":{"start":{"line":72,"column":58},"end":{"line":91,"column":5}},"line":72},"8":{"name":"(anonymous_8)","decl":{"start":{"line":82,"column":16},"end":{"line":82,"column":17}},"loc":{"start":{"line":82,"column":32},"end":{"line":88,"column":9}},"line":82},"9":{"name":"(anonymous_9)","decl":{"start":{"line":88,"column":17},"end":{"line":88,"column":18}},"loc":{"start":{"line":88,"column":34},"end":{"line":90,"column":9}},"line":88},"10":{"name":"getBooksByBorrowStatus","decl":{"start":{"line":92,"column":37},"end":{"line":92,"column":59}},"loc":{"start":{"line":92,"column":70},"end":{"line":112,"column":5}},"line":92},"11":{"name":"(anonymous_11)","decl":{"start":{"line":103,"column":16},"end":{"line":103,"column":17}},"loc":{"start":{"line":103,"column":32},"end":{"line":109,"column":9}},"line":103},"12":{"name":"(anonymous_12)","decl":{"start":{"line":109,"column":17},"end":{"line":109,"column":18}},"loc":{"start":{"line":109,"column":34},"end":{"line":111,"column":9}},"line":109},"13":{"name":"addBook","decl":{"start":{"line":113,"column":22},"end":{"line":113,"column":29}},"loc":{"start":{"line":113,"column":40},"end":{"line":188,"column":5}},"line":113},"14":{"name":"(anonymous_14)","decl":{"start":{"line":176,"column":16},"end":{"line":176,"column":17}},"loc":{"start":{"line":176,"column":32},"end":{"line":182,"column":9}},"line":176},"15":{"name":"(anonymous_15)","decl":{"start":{"line":182,"column":17},"end":{"line":182,"column":18}},"loc":{"start":{"line":182,"column":34},"end":{"line":187,"column":9}},"line":182},"16":{"name":"editBook","decl":{"start":{"line":189,"column":23},"end":{"line":189,"column":31}},"loc":{"start":{"line":189,"column":42},"end":{"line":224,"column":5}},"line":189},"17":{"name":"(anonymous_17)","decl":{"start":{"line":213,"column":16},"end":{"line":213,"column":17}},"loc":{"start":{"line":213,"column":32},"end":{"line":218,"column":9}},"line":213},"18":{"name":"(anonymous_18)","decl":{"start":{"line":218,"column":17},"end":{"line":218,"column":18}},"loc":{"start":{"line":218,"column":34},"end":{"line":223,"column":9}},"line":218}},"branchMap":{"0":{"loc":{"start":{"line":15,"column":46},"end":{"line":15,"column":92}},"type":"cond-expr","locations":[{"start":{"line":15,"column":70},"end":{"line":15,"column":73}},{"start":{"line":15,"column":76},"end":{"line":15,"column":92}}],"line":15},"1":{"loc":{"start":{"line":15,"column":46},"end":{"line":15,"column":67}},"type":"binary-expr","locations":[{"start":{"line":15,"column":46},"end":{"line":15,"column":49}},{"start":{"line":15,"column":53},"end":{"line":15,"column":67}}],"line":15},"2":{"loc":{"start":{"line":46,"column":8},"end":{"line":52,"column":9}},"type":"if","locations":[{"start":{"line":46,"column":8},"end":{"line":52,"column":9}},{"start":{"line":46,"column":8},"end":{"line":52,"column":9}}],"line":46},"3":{"loc":{"start":{"line":122,"column":8},"end":{"line":130,"column":9}},"type":"if","locations":[{"start":{"line":122,"column":8},"end":{"line":130,"column":9}},{"start":{"line":122,"column":8},"end":{"line":130,"column":9}}],"line":122},"4":{"loc":{"start":{"line":122,"column":12},"end":{"line":122,"column":66}},"type":"binary-expr","locations":[{"start":{"line":122,"column":12},"end":{"line":122,"column":50}},{"start":{"line":122,"column":54},"end":{"line":122,"column":66}}],"line":122},"5":{"loc":{"start":{"line":133,"column":8},"end":{"line":141,"column":9}},"type":"if","locations":[{"start":{"line":133,"column":8},"end":{"line":141,"column":9}},{"start":{"line":133,"column":8},"end":{"line":141,"column":9}}],"line":133},"6":{"loc":{"start":{"line":133,"column":12},"end":{"line":133,"column":70}},"type":"binary-expr","locations":[{"start":{"line":133,"column":12},"end":{"line":133,"column":52}},{"start":{"line":133,"column":56},"end":{"line":133,"column":70}}],"line":133},"7":{"loc":{"start":{"line":144,"column":8},"end":{"line":152,"column":9}},"type":"if","locations":[{"start":{"line":144,"column":8},"end":{"line":152,"column":9}},{"start":{"line":144,"column":8},"end":{"line":152,"column":9}}],"line":144},"8":{"loc":{"start":{"line":144,"column":12},"end":{"line":144,"column":74}},"type":"binary-expr","locations":[{"start":{"line":144,"column":12},"end":{"line":144,"column":54}},{"start":{"line":144,"column":58},"end":{"line":144,"column":74}}],"line":144},"9":{"loc":{"start":{"line":155,"column":8},"end":{"line":163,"column":9}},"type":"if","locations":[{"start":{"line":155,"column":8},"end":{"line":163,"column":9}},{"start":{"line":155,"column":8},"end":{"line":163,"column":9}}],"line":155},"10":{"loc":{"start":{"line":155,"column":12},"end":{"line":155,"column":78}},"type":"binary-expr","locations":[{"start":{"line":155,"column":12},"end":{"line":155,"column":56}},{"start":{"line":155,"column":60},"end":{"line":155,"column":78}}],"line":155},"11":{"loc":{"start":{"line":196,"column":8},"end":{"line":202,"column":9}},"type":"if","locations":[{"start":{"line":196,"column":8},"end":{"line":202,"column":9}},{"start":{"line":196,"column":8},"end":{"line":202,"column":9}}],"line":196},"12":{"loc":{"start":{"line":196,"column":12},"end":{"line":196,"column":64}},"type":"binary-expr","locations":[{"start":{"line":196,"column":12},"end":{"line":196,"column":26}},{"start":{"line":196,"column":30},"end":{"line":196,"column":41}},{"start":{"line":196,"column":45},"end":{"line":196,"column":64}}],"line":196}},"s":{"0":1,"1":1,"2":1,"3":1,"4":1,"5":2,"6":1,"7":1,"8":2,"9":2,"10":0,"11":0,"12":0,"13":0,"14":0,"15":0,"16":0,"17":0,"18":0,"19":0,"20":0,"21":0,"22":0,"23":0,"24":0,"25":5,"26":5,"27":5,"28":5,"29":5,"30":5,"31":5,"32":1,"33":1,"34":4,"35":4,"36":1,"37":1,"38":3,"39":3,"40":1,"41":1,"42":2,"43":2,"44":1,"45":1,"46":1,"47":1,"48":1,"49":1,"50":0,"51":1,"52":1,"53":1,"54":1,"55":1,"56":1,"57":0,"58":0,"59":1,"60":1,"61":0},"f":{"0":2,"1":2,"2":2,"3":0,"4":0,"5":0,"6":0,"7":0,"8":0,"9":0,"10":0,"11":0,"12":0,"13":5,"14":1,"15":0,"16":1,"17":1,"18":0},"b":{"0":[1,1],"1":[2,2],"2":[0,0],"3":[1,4],"4":[5,5],"5":[1,3],"6":[4,4],"7":[1,2],"8":[3,3],"9":[1,1],"10":[2,2],"11":[0,1],"12":[1,1,1]},"_coverageSchema":"332fd63041d2c1bcb487cc26dd0d5f7d97098a6c","hash":"1adfbb2b5b7264518b7b4ccc35d93470fd60cf93","contentHash":"6cf93eefb2e53a53f22dd60c706cbee6_11.1.0"},"C:\\Users\\Ruth Jahswill\\Documents\\Paradise\\PROJECT\\HelloBooks\\server\\server\\controller\\borrowlog.js":{"path":"C:\\Users\\Ruth Jahswill\\Documents\\Paradise\\PROJECT\\HelloBooks\\server\\server\\controller\\borrowlog.js","statementMap":{"0":{"start":{"line":3,"column":0},"end":{"line":5,"column":3}},"1":{"start":{"line":7,"column":14},"end":{"line":7,"column":34}},"2":{"start":{"line":9,"column":15},"end":{"line":9,"column":46}},"3":{"start":{"line":11,"column":17},"end":{"line":11,"column":37}},"4":{"start":{"line":13,"column":18},"end":{"line":13,"column":52}},"5":{"start":{"line":15,"column":14},"end":{"line":15,"column":31}},"6":{"start":{"line":17,"column":15},"end":{"line":17,"column":46}},"7":{"start":{"line":19,"column":13},"end":{"line":19,"column":34}},"8":{"start":{"line":21,"column":14},"end":{"line":21,"column":44}},"9":{"start":{"line":23,"column":39},"end":{"line":23,"column":93}},"10":{"start":{"line":26,"column":19},"end":{"line":26,"column":47}},"11":{"start":{"line":28,"column":13},"end":{"line":28,"column":38}},"12":{"start":{"line":29,"column":16},"end":{"line":29,"column":42}},"13":{"start":{"line":30,"column":11},"end":{"line":30,"column":32}},"14":{"start":{"line":31,"column":11},"end":{"line":31,"column":32}},"15":{"start":{"line":33,"column":0},"end":{"line":342,"column":2}},"16":{"start":{"line":35,"column":20},"end":{"line":35,"column":30}},"17":{"start":{"line":36,"column":25},"end":{"line":36,"column":30}},"18":{"start":{"line":38,"column":8},"end":{"line":38,"column":59}},"19":{"start":{"line":39,"column":25},"end":{"line":39,"column":234}},"20":{"start":{"line":41,"column":21},"end":{"line":41,"column":38}},"21":{"start":{"line":42,"column":21},"end":{"line":42,"column":36}},"22":{"start":{"line":47,"column":8},"end":{"line":52,"column":9}},"23":{"start":{"line":48,"column":12},"end":{"line":51,"column":15}},"24":{"start":{"line":57,"column":8},"end":{"line":63,"column":9}},"25":{"start":{"line":58,"column":12},"end":{"line":61,"column":15}},"26":{"start":{"line":62,"column":12},"end":{"line":62,"column":19}},"27":{"start":{"line":66,"column":8},"end":{"line":144,"column":11}},"28":{"start":{"line":73,"column":12},"end":{"line":138,"column":13}},"29":{"start":{"line":76,"column":16},"end":{"line":132,"column":17}},"30":{"start":{"line":77,"column":20},"end":{"line":80,"column":23}},"31":{"start":{"line":83,"column":20},"end":{"line":131,"column":23}},"32":{"start":{"line":92,"column":24},"end":{"line":125,"column":25}},"33":{"start":{"line":93,"column":28},"end":{"line":96,"column":31}},"34":{"start":{"line":100,"column":28},"end":{"line":124,"column":31}},"35":{"start":{"line":110,"column":32},"end":{"line":118,"column":35}},"36":{"start":{"line":114,"column":36},"end":{"line":117,"column":39}},"37":{"start":{"line":120,"column":32},"end":{"line":123,"column":35}},"38":{"start":{"line":127,"column":24},"end":{"line":130,"column":27}},"39":{"start":{"line":134,"column":16},"end":{"line":137,"column":19}},"40":{"start":{"line":140,"column":12},"end":{"line":143,"column":15}},"41":{"start":{"line":154,"column":20},"end":{"line":154,"column":30}},"42":{"start":{"line":155,"column":25},"end":{"line":155,"column":30}},"43":{"start":{"line":156,"column":21},"end":{"line":156,"column":38}},"44":{"start":{"line":157,"column":21},"end":{"line":157,"column":36}},"45":{"start":{"line":159,"column":8},"end":{"line":165,"column":9}},"46":{"start":{"line":160,"column":12},"end":{"line":163,"column":15}},"47":{"start":{"line":164,"column":12},"end":{"line":164,"column":19}},"48":{"start":{"line":167,"column":8},"end":{"line":173,"column":9}},"49":{"start":{"line":168,"column":12},"end":{"line":171,"column":15}},"50":{"start":{"line":172,"column":12},"end":{"line":172,"column":19}},"51":{"start":{"line":176,"column":8},"end":{"line":272,"column":11}},"52":{"start":{"line":183,"column":12},"end":{"line":183,"column":36}},"53":{"start":{"line":184,"column":12},"end":{"line":266,"column":13}},"54":{"start":{"line":185,"column":16},"end":{"line":188,"column":19}},"55":{"start":{"line":191,"column":16},"end":{"line":265,"column":19}},"56":{"start":{"line":198,"column":20},"end":{"line":264,"column":21}},"57":{"start":{"line":200,"column":24},"end":{"line":235,"column":27}},"58":{"start":{"line":213,"column":28},"end":{"line":229,"column":31}},"59":{"start":{"line":216,"column":32},"end":{"line":223,"column":35}},"60":{"start":{"line":217,"column":36},"end":{"line":220,"column":122}},"61":{"start":{"line":222,"column":36},"end":{"line":222,"column":64}},"62":{"start":{"line":225,"column":32},"end":{"line":228,"column":35}},"63":{"start":{"line":231,"column":28},"end":{"line":234,"column":31}},"64":{"start":{"line":238,"column":24},"end":{"line":263,"column":27}},"65":{"start":{"line":245,"column":28},"end":{"line":257,"column":29}},"66":{"start":{"line":246,"column":32},"end":{"line":250,"column":35}},"67":{"start":{"line":252,"column":32},"end":{"line":256,"column":35}},"68":{"start":{"line":259,"column":28},"end":{"line":262,"column":31}},"69":{"start":{"line":268,"column":12},"end":{"line":271,"column":15}},"70":{"start":{"line":282,"column":21},"end":{"line":282,"column":38}},"71":{"start":{"line":283,"column":25},"end":{"line":283,"column":43}},"72":{"start":{"line":285,"column":8},"end":{"line":291,"column":9}},"73":{"start":{"line":286,"column":12},"end":{"line":289,"column":15}},"74":{"start":{"line":290,"column":12},"end":{"line":290,"column":19}},"75":{"start":{"line":293,"column":8},"end":{"line":340,"column":9}},"76":{"start":{"line":294,"column":12},"end":{"line":315,"column":15}},"77":{"start":{"line":300,"column":16},"end":{"line":312,"column":17}},"78":{"start":{"line":301,"column":20},"end":{"line":305,"column":23}},"79":{"start":{"line":307,"column":20},"end":{"line":311,"column":23}},"80":{"start":{"line":314,"column":16},"end":{"line":314,"column":51}},"81":{"start":{"line":317,"column":12},"end":{"line":339,"column":15}},"82":{"start":{"line":324,"column":16},"end":{"line":336,"column":17}},"83":{"start":{"line":325,"column":20},"end":{"line":329,"column":23}},"84":{"start":{"line":331,"column":20},"end":{"line":335,"column":23}},"85":{"start":{"line":338,"column":16},"end":{"line":338,"column":51}}},"fnMap":{"0":{"name":"_interopRequireDefault","decl":{"start":{"line":23,"column":9},"end":{"line":23,"column":31}},"loc":{"start":{"line":23,"column":37},"end":{"line":23,"column":95}},"line":23},"1":{"name":"borrowBook","decl":{"start":{"line":34,"column":25},"end":{"line":34,"column":35}},"loc":{"start":{"line":34,"column":46},"end":{"line":145,"column":5}},"line":34},"2":{"name":"(anonymous_2)","decl":{"start":{"line":70,"column":16},"end":{"line":70,"column":17}},"loc":{"start":{"line":70,"column":32},"end":{"line":139,"column":9}},"line":70},"3":{"name":"(anonymous_3)","decl":{"start":{"line":91,"column":28},"end":{"line":91,"column":29}},"loc":{"start":{"line":91,"column":49},"end":{"line":126,"column":21}},"line":91},"4":{"name":"(anonymous_4)","decl":{"start":{"line":107,"column":36},"end":{"line":107,"column":37}},"loc":{"start":{"line":107,"column":55},"end":{"line":119,"column":29}},"line":107},"5":{"name":"(anonymous_5)","decl":{"start":{"line":113,"column":125},"end":{"line":113,"column":126}},"loc":{"start":{"line":113,"column":142},"end":{"line":118,"column":33}},"line":113},"6":{"name":"(anonymous_6)","decl":{"start":{"line":119,"column":37},"end":{"line":119,"column":38}},"loc":{"start":{"line":119,"column":54},"end":{"line":124,"column":29}},"line":119},"7":{"name":"(anonymous_7)","decl":{"start":{"line":126,"column":29},"end":{"line":126,"column":30}},"loc":{"start":{"line":126,"column":46},"end":{"line":131,"column":21}},"line":126},"8":{"name":"(anonymous_8)","decl":{"start":{"line":139,"column":17},"end":{"line":139,"column":18}},"loc":{"start":{"line":139,"column":34},"end":{"line":144,"column":9}},"line":139},"9":{"name":"returnBook","decl":{"start":{"line":153,"column":25},"end":{"line":153,"column":35}},"loc":{"start":{"line":153,"column":46},"end":{"line":273,"column":5}},"line":153},"10":{"name":"(anonymous_10)","decl":{"start":{"line":182,"column":16},"end":{"line":182,"column":17}},"loc":{"start":{"line":182,"column":38},"end":{"line":267,"column":9}},"line":182},"11":{"name":"(anonymous_11)","decl":{"start":{"line":197,"column":24},"end":{"line":197,"column":25}},"loc":{"start":{"line":197,"column":49},"end":{"line":265,"column":17}},"line":197},"12":{"name":"(anonymous_12)","decl":{"start":{"line":210,"column":32},"end":{"line":210,"column":33}},"loc":{"start":{"line":210,"column":53},"end":{"line":230,"column":25}},"line":210},"13":{"name":"(anonymous_13)","decl":{"start":{"line":213,"column":145},"end":{"line":213,"column":146}},"loc":{"start":{"line":213,"column":167},"end":{"line":224,"column":29}},"line":213},"14":{"name":"(anonymous_14)","decl":{"start":{"line":216,"column":151},"end":{"line":216,"column":152}},"loc":{"start":{"line":216,"column":173},"end":{"line":221,"column":33}},"line":216},"15":{"name":"(anonymous_15)","decl":{"start":{"line":221,"column":41},"end":{"line":221,"column":42}},"loc":{"start":{"line":221,"column":58},"end":{"line":223,"column":33}},"line":221},"16":{"name":"(anonymous_16)","decl":{"start":{"line":224,"column":37},"end":{"line":224,"column":38}},"loc":{"start":{"line":224,"column":54},"end":{"line":229,"column":29}},"line":224},"17":{"name":"(anonymous_17)","decl":{"start":{"line":230,"column":33},"end":{"line":230,"column":34}},"loc":{"start":{"line":230,"column":50},"end":{"line":235,"column":25}},"line":230},"18":{"name":"(anonymous_18)","decl":{"start":{"line":244,"column":32},"end":{"line":244,"column":33}},"loc":{"start":{"line":244,"column":54},"end":{"line":258,"column":25}},"line":244},"19":{"name":"(anonymous_19)","decl":{"start":{"line":258,"column":33},"end":{"line":258,"column":34}},"loc":{"start":{"line":258,"column":50},"end":{"line":263,"column":25}},"line":258},"20":{"name":"(anonymous_20)","decl":{"start":{"line":267,"column":17},"end":{"line":267,"column":18}},"loc":{"start":{"line":267,"column":34},"end":{"line":272,"column":9}},"line":267},"21":{"name":"getBorrowedBooks","decl":{"start":{"line":281,"column":31},"end":{"line":281,"column":47}},"loc":{"start":{"line":281,"column":58},"end":{"line":341,"column":5}},"line":281},"22":{"name":"(anonymous_22)","decl":{"start":{"line":299,"column":20},"end":{"line":299,"column":21}},"loc":{"start":{"line":299,"column":39},"end":{"line":313,"column":13}},"line":299},"23":{"name":"(anonymous_23)","decl":{"start":{"line":313,"column":21},"end":{"line":313,"column":22}},"loc":{"start":{"line":313,"column":38},"end":{"line":315,"column":13}},"line":313},"24":{"name":"(anonymous_24)","decl":{"start":{"line":323,"column":20},"end":{"line":323,"column":21}},"loc":{"start":{"line":323,"column":39},"end":{"line":337,"column":13}},"line":323},"25":{"name":"(anonymous_25)","decl":{"start":{"line":337,"column":21},"end":{"line":337,"column":22}},"loc":{"start":{"line":337,"column":38},"end":{"line":339,"column":13}},"line":337}},"branchMap":{"0":{"loc":{"start":{"line":23,"column":46},"end":{"line":23,"column":92}},"type":"cond-expr","locations":[{"start":{"line":23,"column":70},"end":{"line":23,"column":73}},{"start":{"line":23,"column":76},"end":{"line":23,"column":92}}],"line":23},"1":{"loc":{"start":{"line":23,"column":46},"end":{"line":23,"column":67}},"type":"binary-expr","locations":[{"start":{"line":23,"column":46},"end":{"line":23,"column":49}},{"start":{"line":23,"column":53},"end":{"line":23,"column":67}}],"line":23},"2":{"loc":{"start":{"line":39,"column":25},"end":{"line":39,"column":234}},"type":"cond-expr","locations":[{"start":{"line":39,"column":114},"end":{"line":39,"column":201}},{"start":{"line":39,"column":204},"end":{"line":39,"column":234}}],"line":39},"3":{"loc":{"start":{"line":39,"column":25},"end":{"line":39,"column":111}},"type":"binary-expr","locations":[{"start":{"line":39,"column":25},"end":{"line":39,"column":79}},{"start":{"line":39,"column":83},"end":{"line":39,"column":111}}],"line":39},"4":{"loc":{"start":{"line":47,"column":8},"end":{"line":52,"column":9}},"type":"if","locations":[{"start":{"line":47,"column":8},"end":{"line":52,"column":9}},{"start":{"line":47,"column":8},"end":{"line":52,"column":9}}],"line":47},"5":{"loc":{"start":{"line":47,"column":12},"end":{"line":47,"column":65}},"type":"binary-expr","locations":[{"start":{"line":47,"column":12},"end":{"line":47,"column":26}},{"start":{"line":47,"column":30},"end":{"line":47,"column":42}},{"start":{"line":47,"column":46},"end":{"line":47,"column":65}}],"line":47},"6":{"loc":{"start":{"line":57,"column":8},"end":{"line":63,"column":9}},"type":"if","locations":[{"start":{"line":57,"column":8},"end":{"line":63,"column":9}},{"start":{"line":57,"column":8},"end":{"line":63,"column":9}}],"line":57},"7":{"loc":{"start":{"line":57,"column":12},"end":{"line":57,"column":65}},"type":"binary-expr","locations":[{"start":{"line":57,"column":12},"end":{"line":57,"column":26}},{"start":{"line":57,"column":30},"end":{"line":57,"column":42}},{"start":{"line":57,"column":46},"end":{"line":57,"column":65}}],"line":57},"8":{"loc":{"start":{"line":73,"column":12},"end":{"line":138,"column":13}},"type":"if","locations":[{"start":{"line":73,"column":12},"end":{"line":138,"column":13}},{"start":{"line":73,"column":12},"end":{"line":138,"column":13}}],"line":73},"9":{"loc":{"start":{"line":76,"column":16},"end":{"line":132,"column":17}},"type":"if","locations":[{"start":{"line":76,"column":16},"end":{"line":132,"column":17}},{"start":{"line":76,"column":16},"end":{"line":132,"column":17}}],"line":76},"10":{"loc":{"start":{"line":92,"column":24},"end":{"line":125,"column":25}},"type":"if","locations":[{"start":{"line":92,"column":24},"end":{"line":125,"column":25}},{"start":{"line":92,"column":24},"end":{"line":125,"column":25}}],"line":92},"11":{"loc":{"start":{"line":159,"column":8},"end":{"line":165,"column":9}},"type":"if","locations":[{"start":{"line":159,"column":8},"end":{"line":165,"column":9}},{"start":{"line":159,"column":8},"end":{"line":165,"column":9}}],"line":159},"12":{"loc":{"start":{"line":159,"column":12},"end":{"line":159,"column":64}},"type":"binary-expr","locations":[{"start":{"line":159,"column":12},"end":{"line":159,"column":26}},{"start":{"line":159,"column":30},"end":{"line":159,"column":41}},{"start":{"line":159,"column":45},"end":{"line":159,"column":64}}],"line":159},"13":{"loc":{"start":{"line":167,"column":8},"end":{"line":173,"column":9}},"type":"if","locations":[{"start":{"line":167,"column":8},"end":{"line":173,"column":9}},{"start":{"line":167,"column":8},"end":{"line":173,"column":9}}],"line":167},"14":{"loc":{"start":{"line":167,"column":12},"end":{"line":167,"column":65}},"type":"binary-expr","locations":[{"start":{"line":167,"column":12},"end":{"line":167,"column":26}},{"start":{"line":167,"column":30},"end":{"line":167,"column":42}},{"start":{"line":167,"column":46},"end":{"line":167,"column":65}}],"line":167},"15":{"loc":{"start":{"line":184,"column":12},"end":{"line":266,"column":13}},"type":"if","locations":[{"start":{"line":184,"column":12},"end":{"line":266,"column":13}},{"start":{"line":184,"column":12},"end":{"line":266,"column":13}}],"line":184},"16":{"loc":{"start":{"line":198,"column":20},"end":{"line":264,"column":21}},"type":"if","locations":[{"start":{"line":198,"column":20},"end":{"line":264,"column":21}},{"start":{"line":198,"column":20},"end":{"line":264,"column":21}}],"line":198},"17":{"loc":{"start":{"line":245,"column":28},"end":{"line":257,"column":29}},"type":"if","locations":[{"start":{"line":245,"column":28},"end":{"line":257,"column":29}},{"start":{"line":245,"column":28},"end":{"line":257,"column":29}}],"line":245},"18":{"loc":{"start":{"line":285,"column":8},"end":{"line":291,"column":9}},"type":"if","locations":[{"start":{"line":285,"column":8},"end":{"line":291,"column":9}},{"start":{"line":285,"column":8},"end":{"line":291,"column":9}}],"line":285},"19":{"loc":{"start":{"line":285,"column":12},"end":{"line":285,"column":65}},"type":"binary-expr","locations":[{"start":{"line":285,"column":12},"end":{"line":285,"column":26}},{"start":{"line":285,"column":30},"end":{"line":285,"column":42}},{"start":{"line":285,"column":46},"end":{"line":285,"column":65}}],"line":285},"20":{"loc":{"start":{"line":293,"column":8},"end":{"line":340,"column":9}},"type":"if","locations":[{"start":{"line":293,"column":8},"end":{"line":340,"column":9}},{"start":{"line":293,"column":8},"end":{"line":340,"column":9}}],"line":293},"21":{"loc":{"start":{"line":300,"column":16},"end":{"line":312,"column":17}},"type":"if","locations":[{"start":{"line":300,"column":16},"end":{"line":312,"column":17}},{"start":{"line":300,"column":16},"end":{"line":312,"column":17}}],"line":300},"22":{"loc":{"start":{"line":324,"column":16},"end":{"line":336,"column":17}},"type":"if","locations":[{"start":{"line":324,"column":16},"end":{"line":336,"column":17}},{"start":{"line":324,"column":16},"end":{"line":336,"column":17}}],"line":324}},"s":{"0":1,"1":1,"2":1,"3":1,"4":1,"5":1,"6":1,"7":1,"8":1,"9":4,"10":1,"11":1,"12":1,"13":1,"14":1,"15":1,"16":1,"17":1,"18":1,"19":1,"20":1,"21":1,"22":1,"23":0,"24":1,"25":0,"26":0,"27":1,"28":1,"29":1,"30":0,"31":1,"32":1,"33":0,"34":1,"35":1,"36":0,"37":0,"38":0,"39":0,"40":0,"41":1,"42":1,"43":1,"44":1,"45":1,"46":0,"47":0,"48":1,"49":0,"50":0,"51":1,"52":1,"53":1,"54":0,"55":1,"56":1,"57":1,"58":1,"59":1,"60":1,"61":0,"62":0,"63":0,"64":0,"65":0,"66":0,"67":0,"68":0,"69":0,"70":1,"71":1,"72":1,"73":0,"74":0,"75":1,"76":1,"77":1,"78":1,"79":0,"80":0,"81":0,"82":0,"83":0,"84":0,"85":0},"f":{"0":4,"1":1,"2":1,"3":1,"4":1,"5":0,"6":0,"7":0,"8":0,"9":1,"10":1,"11":1,"12":1,"13":1,"14":1,"15":0,"16":0,"17":0,"18":0,"19":0,"20":0,"21":1,"22":1,"23":0,"24":0,"25":0},"b":{"0":[2,2],"1":[4,4],"2":[1,0],"3":[1,1],"4":[0,1],"5":[1,1,1],"6":[0,1],"7":[1,1,1],"8":[1,0],"9":[0,1],"10":[0,1],"11":[0,1],"12":[1,1,1],"13":[0,1],"14":[1,1,1],"15":[0,1],"16":[1,0],"17":[0,0],"18":[0,1],"19":[1,1,1],"20":[1,0],"21":[1,0],"22":[0,0]},"_coverageSchema":"332fd63041d2c1bcb487cc26dd0d5f7d97098a6c","hash":"87bca92376277e547351c41ee1ad20a345b18e53","contentHash":"4378d18d1210dea7e4df18cbde896a4c_11.1.0"},"C:\\Users\\Ruth Jahswill\\Documents\\Paradise\\PROJECT\\HelloBooks\\server\\server\\controller\\email.js":{"path":"C:\\Users\\Ruth Jahswill\\Documents\\Paradise\\PROJECT\\HelloBooks\\server\\server\\controller\\email.js","statementMap":{"0":{"start":{"line":3,"column":0},"end":{"line":5,"column":3}},"1":{"start":{"line":7,"column":18},"end":{"line":7,"column":39}},"2":{"start":{"line":9,"column":19},"end":{"line":9,"column":54}},"3":{"start":{"line":11,"column":14},"end":{"line":11,"column":31}},"4":{"start":{"line":13,"column":15},"end":{"line":13,"column":46}},"5":{"start":{"line":15,"column":39},"end":{"line":15,"column":93}},"6":{"start":{"line":17,"column":13},"end":{"line":17,"column":38}},"7":{"start":{"line":19,"column":0},"end":{"line":49,"column":2}},"8":{"start":{"line":21,"column":26},"end":{"line":27,"column":10}},"9":{"start":{"line":29,"column":22},"end":{"line":29,"column":26}},"10":{"start":{"line":30,"column":31},"end":{"line":30,"colu
[...]
},"end":{"line":57,"column":5}},"line":50},"8":{"name":"(anonymous_8)","decl":{"start":{"line":53,"column":15},"end":{"line":53,"column":16}},"loc":{"start":{"line":53,"column":35},"end":{"line":56,"column":9}},"line":53}},"branchMap":{"0":{"loc":{"start":{"line":23,"column":40},"end":{"line":23,"column":267}},"type":"if","locations":[{"start":{"line":23,"column":40},"end":{"line":23,"column":267}},{"start":{"line":23,"column":40},"end":{"line":23,"column":267}}],"line":23},"1":{"loc":{"start":{"line":23,"column":44},"end":{"line":23,"column":65}},"type":"binary-expr","locations":[{"start":{"line":23,"column":44},"end":{"line":23,"column":47}},{"start":{"line":23,"column":51},"end":{"line":23,"column":65}}],"line":23},"2":{"loc":{"start":{"line":23,"column":107},"end":{"line":23,"column":228}},"type":"if","locations":[{"start":{"line":23,"column":107},"end":{"line":23,"column":228}},{"start":{"line":23,"column":107},"end":{"line":23,"column":228}}],"line":23},"3":{"loc":{"start":{"line":23,"column":149},"end":{"line":23,"column":224}},"type":"if","locations":[{"start":{"line":23,"column":149},"end":{"line":23,"column":224}},{"start":{"line":23,"column":149},"end":{"line":23,"column":224}}],"line":23},"4":{"loc":{"start":{"line":25,"column":46},"end":{"line":25,"column":92}},"type":"cond-expr","locations":[{"start":{"line":25,"column":70},"end":{"line":25,"column":73}},{"start":{"line":25,"column":76},"end":{"line":25,"column":92}}],"line":25},"5":{"loc":{"start":{"line":25,"column":46},"end":{"line":25,"column":67}},"type":"binary-expr","locations":[{"start":{"line":25,"column":46},"end":{"line":25,"column":49}},{"start":{"line":25,"column":53},"end":{"line":25,"column":67}}],"line":25}},"s":{"0":1,"1":1,"2":1,"3":1,"4":1,"5":1,"6":1,"7":1,"8":1,"9":1,"10":1,"11":1,"12":0,"13":0,"14":0,"15":0,"16":0,"17":0,"18":0,"19":4,"20":1,"21":1,"22":1,"23":1,"24":1,"25":1,"26":1,"27":1,"28":1,"29":1,"30":1,"31":1,"32":1,"33":1,"34":1,"35":1,"36":1,"37":1},"f":{"0":1,"1":4,"2":1,"3":1,"4":1,"5":1,"6":1,"7":1,"8":1},"b":{"0":[1,0],"1":[1,1],"2":[0,0],"3":[0,0],"4":[1,3],"5":[4,4]},"_coverageSchema":"332fd63041d2c1bcb487cc26dd0d5f7d97098a6c","hash":"764d31870d328136e5d811215ef8fb2d1668acfb","contentHash":"10600b9c7fc94240cd7e2682ad4e0a21_11.1.0"},"C:\\Users\\Ruth Jahswill\\Documents\\Paradise\\PROJECT\\HelloBooks\\server\\test\\usertest.js":{"path":"C:\\Users\\Ruth Jahswill\\Documents\\Paradise\\PROJECT\\HelloBooks\\server\\test\\usertest.js","statementMap":{"0":{"start":{"line":3,"column":12},"end":{"line":3,"column":27}},"1":{"start":{"line":5,"column":13},"end":{"line":5,"column":42}},"2":{"start":{"line":7,"column":14},"end":{"line":7,"column":31}},"3":{"start":{"line":9,"column":15},"end":{"line":9,"column":46}},"4":{"start":{"line":11,"column":17},"end":{"line":11,"column":37}},"5":{"start":{"line":13,"column":18},"end":{"line":13,"column":52}},"6":{"start":{"line":15,"column":11},"end":{"line":15,"column":31}},"7":{"start":{"line":17,"column":12},"end":{"line":17,"column":40}},"8":{"start":{"line":19,"column":16},"end":{"line":19,"column":37}},"9":{"start":{"line":21,"column":20},"end":{"line":21,"column":54}},"10":{"start":{"line":23,"column":40},"end":{"line":23,"column":267}},"11":{"start":{"line":23,"column":69},"end":{"line":23,"column":80}},"12":{"start":{"line":23,"column":103},"end":{"line":23,"column":105}},"13":{"start":{"line":23,"column":107},"end":{"line":23,"column":228}},"14":{"start":{"line":23,"column":126},"end":{"line":23,"column":226}},"15":{"start":{"line":23,"column":149},"end":{"line":23,"column":224}},"16":{"start":{"line":23,"column":201},"end":{"line":23,"column":224}},"17":{"start":{"line":23,"column":229},"end":{"line":23,"column":250}},"18":{"start":{"line":23,"column":251},"end":{"line":23,"column":265}},"19":{"start":{"line":25,"column":39},"end":{"line":25,"column":93}},"20":{"start":{"line":27,"column":13},"end":{"line":27,"column":36}},"21":{"start":{"line":28,"column":13},"end":{"line":28,"column":34}},"22":{"start":{"line":29,"column":15},"end":{"line":29,"column":37}},"23":{"start":{"line":30,"column":15},"end":{"line":30,"column":37}},"24":{"start":{"line":32,"column":0},"end":{"line":135,"column":3}},"25":{"start":{"line":34,"column":4},"end":{"line":44,"column":7}},"26":{"start":{"line":35,"column":8},"end":{"line":43,"column":11}},"27":{"start":{"line":40,"column":12},"end":{"line":40,"column":46}},"28":{"start":{"line":41,"column":12},"end":{"line":41,"column":49}},"29":{"start":{"line":42,"column":12},"end":{"line":42,"column":19}},"30":{"start":{"line":46,"column":4},"end":{"line":56,"column":7}},"31":{"start":{"line":47,"column":8},"end":{"line":55,"column":11}},"32":{"start":{"line":51,"column":12},"end":{"line":51,"column":46}},"33":{"start":{"line":52,"column":12},"end":{"line":52,"column":50}},"34":{"start":{"line":53,"column":12},"end":{"line":53,"column":67}},"35":{"start":{"line":54,"column":12},"end":{"line":54,"column":19}},"36":{"start":{"line":58,"column":4},"end":{"line":68,"column":7}},"37":{"start":{"line":59,"column":8},"end":{"line":67,"column":11}},"38":{"start":{"line":63,"column":12},"end":{"line":63,"column":46}},"39":{"start":{"line":64,"column":12},"end":{"line":64,"column":50}},"40":{"start":{"line":65,"column":12},"end":{"line":65,"column":64}},"41":{"start":{"line":66,"column":12},"end":{"line":66,"column":19}},"42":{"start":{"line":70,"column":4},"end":{"line":81,"column":7}},"43":{"start":{"line":71,"column":8},"end":{"line":80,"column":11}},"44":{"start":{"line":76,"column":12},"end":{"line":76,"column":46}},"45":{"start":{"line":77,"column":12},"end":{"line":77,"column":50}},"46":{"start":{"line":78,"column":12},"end":{"line":78,"column":74}},"47":{"start":{"line":79,"column":12},"end":{"line":79,"column":19}},"48":{"start":{"line":83,"column":4},"end":{"line":92,"column":7}},"49":{"start":{"line":84,"column":8},"end":{"line":91,"column":11}},"50":{"start":{"line":88,"column":12},"end":{"line":88,"column":46}},"51":{"start":{"line":89,"column":12},"end":{"line":89,"column":49}},"52":{"start":{"line":90,"column":12},"end":{"line":90,"column":19}},"53":{"start":{"line":94,"column":4},"end":{"line":99,"column":7}},"54":{"start":{"line":95,"column":8},"end":{"line":98,"column":11}},"55":{"start":{"line":96,"column":12},"end":{"line":96,"column":46}},"56":{"start":{"line":97,"column":12},"end":{"line":97,"column":19}},"57":{"start":{"line":101,"column":4},"end":{"line":106,"column":7}},"58":{"start":{"line":102,"column":8},"end":{"line":105,"column":11}},"59":{"start":{"line":103,"column":12},"end":{"line":103,"column":46}},"60":{"start":{"line":104,"column":12},"end":{"line":104,"column":19}},"61":{"start":{"line":108,"column":4},"end":{"line":113,"column":7}},"62":{"start":{"line":109,"column":8},"end":{"line":112,"column":11}},"63":{"start":{"line":110,"column":12},"end":{"line":110,"column":46}},"64":{"start":{"line":111,"column":12},"end":{"line":111,"column":19}},"65":{"start":{"line":115,"column":4},"end":{"line":124,"column":7}},"66":{"start":{"line":116,"column":8},"end":{"line":123,"column":11}},"67":{"start":{"line":120,"column":12},"end":{"line":120,"column":46}},"68":{"start":{"line":121,"column":12},"end":{"line":121,"column":49}},"69":{"start":{"line":122,"column":12},"end":{"line":122,"column":19}},"70":{"start":{"line":126,"column":4},"end":{"line":134,"column":7}},"71":{"start":{"line":127,"column":8},"end":{"line":133,"column":11}},"72":{"start":{"line":130,"column":12},"end":{"line":130,"column":46}},"73":{"start":{"line":131,"column":12},"end":{"line":131,"column":49}},"74":{"start":{"line":132,"column":12},"end":{"line":132,"column":19}}},"fnMap":{"0":{"name":"_interopRequireWildcard","decl":{"start":{"line":23,"column":9},"end":{"line":23,"column":32}},"loc":{"start":{"line":23,"column":38},"end":{"line":23,"column":269}},"line":23},"1":{"name":"_interopRequireDefault","decl":{"start":{"line":25,"column":9},"end":{"line":25,"column":31}},"loc":{"start":{"line":25,"column":37},"end":{"line":25,"column":95}},"line":25},"2":{"name":"(anonymous_2)","decl":{"start":{"line":32,"column":52},"end":{"line":32,"column":53}},"loc":{"start":{"line":32,"column":64},"end":{"line":135,"column":1}},"line":32},"3":{"name":"(anonymous_3)","decl":{"start":{"line":34,"column":27},"end":{"line":34,"column":28}},"loc":{"start":{"line":34,"column":43},"end":{"line":44,"column":5}},"line":34},"4":{"name":"(anonymous_4)","decl":{"start":{"line":39,"column":15},"end":{"line":39,"column":16}},"loc":{"start":{"line":39,"column":35},"end":{"line":43,"column":9}},"line":39},"5":{"name":"(anonymous_5)","decl":{"start":{"line":46,"column":28},"end":{"line":46,"column":29}},"loc":{"start":{"line":46,"column":44},"end":{"line":56,"column":5}},"line":46},"6":{"name":"(anonymous_6)","decl":{"start":{"line":50,"column":15},"end":{"line":50,"column":16}},"loc":{"start":{"line":50,"column":35},"end":{"line":55,"column":9}},"line":50},"7":{"name":"(anonymous_7)","decl":{"start":{"line":58,"column":28},"end":{"line":58,"column":29}},"loc":{"start":{"line":58,"column":44},"end":{"line":68,"column":5}},"line":58},"8":{"name":"(anonymous_8)","decl":{"start":{"line":62,"column":15},"end":{"line":62,"column":16}},"loc":{"start":{"line":62,"column":35},"end":{"line":67,"column":9}},"line":62},"9":{"name":"(anonymous_9)","decl":{"start":{"line":70,"column":28},"end":{"line":70,"column":29}},"loc":{"start":{"line":70,"column":44},"end":{"line":81,"column":5}},"line":70},"10":{"name":"(anonymous_10)","decl":{"start":{"line":75,"column":15},"end":{"line":75,"column":16}},"loc":{"start":{"line":75,"column":35},"end":{"line":80,"column":9}},"line":75},"11":{"name":"(anonymous_11)","decl":{"start":{"line":83,"column":27},"end":{"line":83,"column":28}},"loc":{"start":{"line":83,"column":43},"end":{"line":92,"column":5}},"line":83},"12":{"name":"(anonymous_12)","decl":{"start":{"line":87,"column":15},"end":{"line":87,"column":16}},"loc":{"start":{"line":87,"column":35},"end":{"line":91,"column":9}},"line":87},"13":{"name":"(anonymous_13)","decl":{"start":{"line":94,"column":30},"end":{"line":94,"column":31}},"loc":{"start":{"line":94,"column":46},"end":{"line":99,"column":5}},"line":94},"14":{"name":"(anonymous_14)","decl":{"start":{"line":95,"column":124},"end":{"line":95,"column":125}},"loc":{"start":{"line":95,"column":144},"end":{"line":98,"column":9}},"line":95},"15":{"name":"(anonymous_15)","decl":{"start":{"line":101,"column":46},"end":{"line":101,"column":47}},"loc":{"start":{"line":101,"column":62},"end":{"line":106,"column":5}},"line":101},"16":{"name":"(anonymous_16)","decl":{"start":{"line":102,"column":138},"end":{"line":102,"column":139}},"loc":{"start":{"line":102,"column":158},"end":{"line":105,"column":9}},"line":102},"17":{"name":"(anonymous_17)","decl":{"start":{"line":108,"column":43},"end":{"line":108,"column":44}},"loc":{"start":{"line":108,"column":59},"end":{"line":113,"column":5}},"line":108},"18":{"name":"(anonymous_18)","decl":{"start":{"line":109,"column":135},"end":{"line":109,"column":136}},"loc":{"start":{"line":109,"column":155},"end":{"line":112,"column":9}},"line":109},"19":{"name":"(anonymous_19)","decl":{"start":{"line":115,"column":25},"end":{"line":115,"column":26}},"loc":{"start":{"line":115,"column":41},"end":{"line":124,"column":5}},"line":115},"20":{"name":"(anonymous_20)","decl":{"start":{"line":119,"column":15},"end":{"line":119,"column":16}},"loc":{"start":{"line":119,"column":35},"end":{"line":123,"column":9}},"line":119},"21":{"name":"(anonymous_21)","decl":{"start":{"line":126,"column":34},"end":{"line":126,"column":35}},"loc":{"start":{"line":126,"column":50},"end":{"line":134,"column":5}},"line":126},"22":{"name":"(anonymous_22)","decl":{"start":{"line":129,"column":15},"end":{"line":129,"column":16}},"loc":{"start":{"line":129,"column":35},"end":{"line":133,"column":9}},"line":129}},"branchMap":{"0":{"loc":{"start":{"line":23,"column":40},"end":{"line":23,"column":267}},"type":"if","locations":[{"start":{"line":23,"column":40},"end":{"line":23,"column":267}},{"start":{"line":23,"column":40},"end":{"line":23,"column":267}}],"line":23},"1":{"loc":{"start":{"line":23,"column":44},"end":{"line":23,"column":65}},"type":"binary-expr","locations":[{"start":{"line":23,"column":44},"end":{"line":23,"column":47}},{"start":{"line":23,"column":51},"end":{"line":23,"column":65}}],"line":23},"2":{"loc":{"start":{"line":23,"column":107},"end":{"line":23,"column":228}},"type":"if","locations":[{"start":{"line":23,"column":107},"end":{"line":23,"column":228}},{"start":{"line":23,"column":107},"end":{"line":23,"column":228}}],"line":23},"3":{"loc":{"start":{"line":23,"column":149},"end":{"line":23,"column":224}},"type":"if","locations":[{"start":{"line":23,"column":149},"end":{"line":23,"column":224}},{"start":{"line":23,"column":149},"end":{"line":23,"column":224}}],"line":23},"4":{"loc":{"start":{"line":25,"column":46},"end":{"line":25,"column":92}},"type":"cond-expr","locations":[{"start":{"line":25,"column":70},"end":{"line":25,"column":73}},{"start":{"line":25,"column":76},"end":{"line":25,"column":92}}],"line":25},"5":{"loc":{"start":{"line":25,"column":46},"end":{"line":25,"column":67}},"type":"binary-expr","locations":[{"start":{"line":25,"column":46},"end":{"line":25,"column":49}},{"start":{"line":25,"column":53},"end":{"line":25,"column":67}}],"line":25}},"s":{"0":1,"1":1,"2":1,"3":1,"4":1,"5":1,"6":1,"7":1,"8":1,"9":1,"10":1,"11":1,"12":0,"13":0,"14":0,"15":0,"16":0,"17":0,"18":0,"19":4,"20":1,"21":1,"22":1,"23":1,"24":1,"25":1,"26":1,"27":1,"28":1,"29":1,"30":1,"31":1,"32":1,"33":1,"34":1,"35":1,"36":1,"37":1,"38":1,"39":1,"40":1,"41":1,"42":1,"43":1,"44":1,"45":1,"46":1,"47":1,"48":1,"49":1,"50":1,"51":1,"52":1,"53":1,"54":1,"55":1,"56":1,"57":1,"58":1,"59":1,"60":1,"61":1,"62":1,"63":1,"64":1,"65":1,"66":1,"67":1,"68":1,"69":1,"70":1,"71":1,"72":1,"73":1,"74":1},"f":{"0":1,"1":4,"2":1,"3":1,"4":1,"5":1,"6":1,"7":1,"8":1,"9":1,"10":1,"11":1,"12":1,"13":1,"14":1,"15":1,"16":1,"17":1,"18":1,"19":1,"20":1,"21":1,"22":1},"b":{"0":[1,0],"1":[1,1],"2":[0,0],"3":[0,0],"4":[1,3],"5":[4,4]},"_coverageSchema":"332fd63041d2c1bcb487cc26dd0d5f7d97098a6c","hash":"daf520fea267245233792f9a5ca031e0a413a526","contentHash":"d96e7d3cf790bc434806a6e072e187c9_11.1.0"},"C:\\Users\\Ruth Jahswill\\Documents\\Paradise\\PROJECT\\HelloBooks\\server\\test\\usertypetest.js":{"path":"C:\\Users\\Ruth Jahswill\\Documents\\Paradise\\PROJECT\\HelloBooks\\server\\test\\usertypetest.js","statementMap":{"0":{"start":{"line":3,"column":12},"end":{"line":3,"column":27}},"1":{"start":{"line":5,"column":13},"end":{"line":5,"column":42}},"2":{"start":{"line":7,"column":14},"end":{"line":7,"column":31}},"3":{"start":{"line":9,"column":15},"end":{"line":9,"column":46}},"4":{"start":{"line":11,"column":17},"end":{"line":11,"column":37}},"5":{"start":{"line":13,"column":18},"end":{"line":13,"column":52}},"6":{"start":{"line":15,"column":11},"end":{"line":15,"column":31}},"7":{"start":{"line":17,"column":12},"end":{"line":17,"column":40}},"8":{"start":{"line":19,"column":16},"end":{"line":19,"column":37}},"9":{"start":{"line":21,"column":20},"end":{"line":21,"column":54}},"10":{"start":{"line":23,"column":40},"end":{"line":23,"column":267}},"11":{"start":{"line":23,"column":69},"end":{"line":23,"column":80}},"12":{"start":{"line":23,"column":103},"end":{"line":23,"column":105}},"13":{"start":{"line":23,"column":107},"end":{"line":23,"column":228}},"14":{"start":{"line":23,"column":126},"end":{"line":23,"column":226}},"15":{"start":{"line":23,"column":149},"end":{"line":23,"column":224}},"16":{"start":{"line":23,"column":201},"end":{"line":23,"column":224}},"17":{"start":{"line":23,"column":229},"end":{"line":23,"column":250}},"18":{"start":{"line":23,"column":251},"end":{"line":23,"column":265}},"19":{"start":{"line":25,"column":39},"end":{"line":25,"column":93}},"20":{"start":{"line":27,"column":13},"end":{"line":27,"column":36}},"21":{"start":{"line":28,"column":13},"end":{"line":28,"column":34}},"22":{"start":{"line":30,"column":0},"end":{"line":49,"column":3}},"23":{"start":{"line":31,"column":4},"end":{"line":40,"column":7}},"24":{"start":{"line":32,"column":8},"end":{"line":39,"column":11}},"25":{"start":{"line":37,"column":12},"end":{"line":37,"column":46}},"26":{"start":{"line":38,"column":12},"end":{"line":38,"column":19}},"27":{"start":{"line":42,"column":4},"end":{"line":48,"column":7}},"28":{"start":{"line":43,"column":8},"end":{"line":47,"column":11}},"29":{"start":{"line":44,"column":12},"end":{"line":44,"column":46}},"30":{"start":{"line":45,"column":12},"end":{"line":45,"column":49}},"31":{"start":{"line":46,"column":12},"end":{"line":46,"column":19}}},"fnMap":{"0":{"name":"_interopRequireWildcard","decl":{"start":{"line":23,"column":9},"end":{"line":23,"column":32}},"loc":{"start":{"line":23,"column":38},"end":{"line":23,"column":269}},"line":23},"1":{"name":"_interopRequireDefault","decl":{"start":{"line":25,"column":9},"end":{"line":25,"column":31}},"loc":{"start":{"line":25,"column":37},"end":{"line":25,"column":95}},"line":25},"2":{"name":"(anonymous_2)","decl":{"start":{"line":30,"column":43},"end":{"line":30,"column":44}},"loc":{"start":{"line":30,"column":55},"end":{"line":49,"column":1}},"line":30},"3":{"name":"(anonymous_3)","decl":{"start":{"line":31,"column":24},"end":{"line":31,"column":25}},"loc":{"start":{"line":31,"column":40},"end":{"line":40,"column":5}},"line":31},"4":{"name":"(anonymous_4)","decl":{"start":{"line":36,"column":15},"end":{"line":36,"column":16}},"loc":{"start":{"line":36,"column":35},"end":{"line":39,"column":9}},"line":36},"5":{"name":"(anonymous_5)","decl":{"start":{"line":42,"column":25},"end":{"line":42,"column":26}},"loc":{"start":{"line":42,"column":41},"end":{"line":48,"column":5}},"line":42},"6":{"name":"(anonymous_6)","decl":{"start":{"line":43,"column":128},"end":{"line":43,"column":129}},"loc":{"start":{"line":43,"column":148},"end":{"line":47,"column":9}},"line":43}},"branchMap":{"0":{"loc":{"start":{"line":23,"column":40},"end":{"line":23,"column":267}},"type":"if","locations":[{"start":{"line":23,"column":40},"end":{"line":23,"column":267}},{"start":{"line":23,"column":40},"end":{"line":23,"column":267}}],"line":23},"1":{"loc":{"start":{"line":23,"column":44},"end":{"line":23,"column":65}},"type":"binary-expr","locations":[{"start":{"line":23,"column":44},"end":{"line":23,"column":47}},{"start":{"line":23,"column":51},"end":{"line":23,"column":65}}],"line":23},"2":{"loc":{"start":{"line":23,"column":107},"end":{"line":23,"column":228}},"type":"if","locations":[{"start":{"line":23,"column":107},"end":{"line":23,"column":228}},{"start":{"line":23,"column":107},"end":{"line":23,"column":228}}],"line":23},"3":{"loc":{"start":{"line":23,"column":149},"end":{"line":23,"column":224}},"type":"if","locations":[{"start":{"line":23,"column":149},"end":{"line":23,"column":224}},{"start":{"line":23,"column":149},"end":{"line":23,"column":224}}],"line":23},"4":{"loc":{"start":{"line":25,"column":46},"end":{"line":25,"column":92}},"type":"cond-expr","locations":[{"start":{"line":25,"column":70},"end":{"line":25,"column":73}},{"start":{"line":25,"column":76},"end":{"line":25,"column":92}}],"line":25},"5":{"loc":{"start":{"line":25,"column":46},"end":{"line":25,"column":67}},"type":"binary-expr","locations":[{"start":{"line":25,"column":46},"end":{"line":25,"column":49}},{"start":{"line":25,"column":53},"end":{"line":25,"column":67}}],"line":25}},"s":{"0":1,"1":1,"2":1,"3":1,"4":1,"5":1,"6":1,"7":1,"8":1,"9":1,"10":1,"11":1,"12":0,"13":0,"14":0,"15":0,"16":0,"17":0,"18":0,"19":4,"20":1,"21":1,"22":1,"23":1,"24":1,"25":1,"26":1,"27":1,"28":1,"29":1,"30":1,"31":1},"f":{"0":1,"1":4,"2":1,"3":1,"4":1,"5":1,"6":1},"b":{"0":[1,0],"1":[1,1],"2":[0,0],"3":[0,0],"4":[1,3],"5":[4,4]},"_coverageSchema":"332fd63041d2c1bcb487cc26dd0d5f7d97098a6c","hash":"d7613ff0df17042b10f45fc2037c27e67830af15","contentHash":"b84637b7088ec04f623eb25589398750_11.1.0"}}