{"C:\\Users\\Seamfix\\Documents\\Andela\\HelloBooks\\server\\test\\booktest.js":{"path":"C:\\Users\\Seamfix\\Documents\\Andela\\HelloBooks\\server\\test\\booktest.js","statementMap":{"0":{"start":{"line":3,"column":12},"end":{"line":3,"column":27}},"1":{"start":{"line":5,"column":13},"end":{"line":5,"column":42}},"2":{"start":{"line":7,"column":14},"end":{"line":7,"column":31}},"3":{"start":{"line":9,"column":15},"end":{"line":9,"column":46}},"4":{"start":{"line":11,"column":17},"end":{"line":11,"column":37}},"5":{"start":{"line":13,"column":18},"end":{"line":13,"column":52}},"6":{"start":{"line":15,"column":11},"end":{"line":15,"column":31}},"7":{"start":{"line":17,"column":12},"end":{"line":17,"column":40}},"8":{"start":{"line":19,"column":16},"end":{"line":19,"column":37}},"9":{"start":{"line":21,"column":20},"end":{"line":21,"column":54}},"10":{"start":{"line":23,"column":40},"end":{"line":23,"column":267}},"11":{"start":{"line":23,"column":69},"end":{"line":23,"column":80}},"12":{"start":{"line":23,"column":103},"end":{"line":23,"column":105}},"13":{"start":{"line":23,"column":107},"end":{"line":23,"column":228}},"14":{"start":{"line":23,"column":126},"end":{"line":23,"column":226}},"15":{"start":{"line":23,"column":149},"end":{"line":23,"column":224}},"16":{"start":{"line":23,"column":201},"end":{"line":23,"column":224}},"17":{"start":{"line":23,"column":229},"end":{"line":23,"column":250}},"18":{"start":{"line":23,"column":251},"end":{"line":23,"column":265}},"19":{"start":{"line":25,"column":39},"end":{"line":25,"column":93}},"20":{"start":{"line":27,"column":13},"end":{"line":27,"column":36}},"21":{"start":{"line":28,"column":13},"end":{"line":28,"column":34}},"22":{"start":{"line":30,"column":0},"end":{"line":128,"column":3}},"23":{"start":{"line":31,"column":4},"end":{"line":44,"column":7}},"24":{"start":{"line":32,"column":8},"end":{"line":43,"column":11}},"25":{"start":{"line":40,"column":12},"end":{"line":40,"column":46}},"26":{"start":{"line":41,"column":12},"end":{"line":41,"column":49}},"27":{"start":{"line":42,"column":12},"end":{"line":42,"column":19}},"28":{"start":{"line":46,"column":4},"end":{"line":59,"column":7}},"29":{"start":{"line":47,"column":8},"end":{"line":58,"column":11}},"30":{"start":{"line":54,"column":12},"end":{"line":54,"column":46}},"31":{"start":{"line":55,"column":12},"end":{"line":55,"column":50}},"32":{"start":{"line":56,"column":12},"end":{"line":56,"column":68}},"33":{"start":{"line":57,"column":12},"end":{"line":57,"column":19}},"34":{"start":{"line":61,"column":4},"end":{"line":74,"column":7}},"35":{"start":{"line":62,"column":8},"end":{"line":73,"column":11}},"36":{"start":{"line":69,"column":12},"end":{"line":69,"column":46}},"37":{"start":{"line":70,"column":12},"end":{"line":70,"column":50}},"38":{"start":{"line":71,"column":12},"end":{"line":71,"column":70}},"39":{"start":{"line":72,"column":12},"end":{"line":72,"column":19}},"40":{"start":{"line":76,"column":4},"end":{"line":89,"column":7}},"41":{"start":{"line":77,"column":8},"end":{"line":88,"column":11}},"42":{"start":{"line":84,"column":12},"end":{"line":84,"column":46}},"43":{"start":{"line":85,"column":12},"end":{"line":85,"column":50}},"44":{"start":{"line":86,"column":12},"end":{"line":86,"column":67}},"45":{"start":{"line":87,"column":12},"end":{"line":87,"column":19}},"46":{"start":{"line":91,"column":4},"end":{"line":104,"column":7}},"47":{"start":{"line":92,"column":8},"end":{"line":103,"column":11}},"48":{"start":{"line":99,"column":12},"end":{"line":99,"column":46}},"49":{"start":{"line":100,"column":12},"end":{"line":100,"column":50}},"50":{"start":{"line":101,"column":12},"end":{"line":101,"column":67}},"51":{"start":{"line":102,"column":12},"end":{"line":102,"column":19}},"52":{"start":{"line":106,"column":4},"end":{"line":119,"column":7}},"53":{"start":{"line":107,"column":8},"end":{"line":118,"column":11}},"54":{"start":{"line":115,"column":12},"end":{"line":115,"column":46}},"55":{"start":{"line":116,"column":12},"end":{"line":116,"column":49}},"56":{"start":{"line":117,"column":12},"end":{"line":117,"column":19}},"57":{"start":{"line":121,"column":4},"end":{"line":127,"column":7}},"58":{"start":{"line":122,"column":8},"end":{"line":126,"column":11}},"59":{"start":{"line":123,"column":12},"end":{"line":123,"column":46}},"60":{"start":{"line":124,"column":12},"end":{"line":124,"column":49}},"61":{"start":{"line":125,"column":12},"end":{"line":125,"column":19}}},"fnMap":{"0":{"name":"_interopRequireWildcard","decl":{"start":{"line":23,"column":9},"end":{"line":23,"column":32}},"loc":{"start":{"line":23,"column":38},"end":{"line":23,"column":269}},"line":23},"1":{"name":"_interopRequireDefault","decl":{"start":{"line":25,"column":9},"end":{"line":25,"column":31}},"loc":{"start":{"line":25,"column":37},"end":{"line":25,"column":95}},"line":25},"2":{"name":"(anonymous_2)","decl":{"start":{"line":30,"column":39},"end":{"line":30,"column":40}},"loc":{"start":{"line":30,"column":51},"end":{"line":128,"column":1}},"line":30},"3":{"name":"(anonymous_3)","decl":{"start":{"line":31,"column":20},"end":{"line":31,"column":21}},"loc":{"start":{"line":31,"column":36},"end":{"line":44,"column":5}},"line":31},"4":{"name":"(anonymous_4)","decl":{"start":{"line":39,"column":15},"end":{"line":39,"column":16}},"loc":{"start":{"line":39,"column":35},"end":{"line":43,"column":9}},"line":39},"5":{"name":"(anonymous_5)","decl":{"start":{"line":46,"column":19},"end":{"line":46,"column":20}},"loc":{"start":{"line":46,"column":35},"end":{"line":59,"column":5}},"line":46},"6":{"name":"(anonymous_6)","decl":{"start":{"line":53,"column":15},"end":{"line":53,"column":16}},"loc":{"start":{"line":53,"column":35},"end":{"line":58,"column":9}},"line":53},"7":{"name":"(anonymous_7)","decl":{"start":{"line":61,"column":19},"end":{"line":61,"column":20}},"loc":{"start":{"line":61,"column":35},"end":{"line":74,"column":5}},"line":61},"8":{"name":"(anonymous_8)","decl":{"start":{"line":68,"column":15},"end":{"line":68,"column":16}},"loc":{"start":{"line":68,"column":35},"end":{"line":73,"column":9}},"line":68},"9":{"name":"(anonymous_9)","decl":{"start":{"line":76,"column":19},"end":{"line":76,"column":20}},"loc":{"start":{"line":76,"column":35},"end":{"line":89,"column":5}},"line":76},"10":{"name":"(anonymous_10)","decl":{"start":{"line":83,"column":15},"end":{"line":83,"column":16}},"loc":{"start":{"line":83,"column":35},"end":{"line":88,"column":9}},"line":83},"11":{"name":"(anonymous_11)","decl":{"start":{"line":91,"column":19},"end":{"line":91,"column":20}},"loc":{"start":{"line":91,"column":35},"end":{"line":104,"column":5}},"line":91},"12":{"name":"(anonymous_12)","decl":{"start":{"line":98,"column":15},"end":{"line":98,"column":16}},"loc":{"start":{"line":98,"column":35},"end":{"line":103,"column":9}},"line":98},"13":{"name":"(anonymous_13)","decl":{"start":{"line":106,"column":20},"end":{"line":106,"column":21}},"loc":{"start":{"line":106,"column":36},"end":{"line":119,"column":5}},"line":106},"14":{"name":"(anonymous_14)","decl":{"start":{"line":114,"column":15},"end":{"line":114,"column":16}},"loc":{"start":{"line":114,"column":35},"end":{"line":118,"column":9}},"line":114},"15":{"name":"(anonymous_15)","decl":{"start":{"line":121,"column":20},"end":{"line":121,"column":21}},"loc":{"start":{"line":121,"column":36},"end":{"line":127,"column":5}},"line":121},"16":{"name":"(anonymous_16)","decl":{"start":{"line":122,"column":125},"end":{"line":122,"column":126}},"loc":{"start":{"line":122,"column":145},"end":{"line":126,"column":9}},"line":122}},"branchMap":{"0":{"loc":{"start":{"line":23,"column":40},"end":{"line":23,"column":267}},"type":"if","locations":[{"start":{"line":23,"column":40},"end":{"line":23,"column":267}},{"start":{"line":23,"column":40},"end":{"line":23,"column":267}}],"line":23},"1":{"loc":{"start":{"line":23,"column":44},"end":{"line":23,"column":65}},"type":"binary-expr","locations":[{"start":{"line":23,"column":44},"end":{"line":23,"column":47}},{"start":{"line":23,"column":51},"end":{"line":23,"column":65}}],"line":23},"2":{"loc":{"start":{"line":23,"column":107},"end":{"line":23,"column":228}},"type":"if","locations":[{"start":{"line":23,"column":107},"end":{"line":23,"column":228}},{"start":{"line":23,"column":107},"end":{"line":23,"column":228}}],"line":23},"3":{"loc":{"start":{"line":23,"column":149},"end":{"line":23,"column":224}},"type":"if","locations":[{"start":{"line":23,"column":149},"end":{"line":23,"column":224}},{"start":{"line":23,"column":149},"end":{"line":23,"column":224}}],"line":23},"4":{"loc":{"start":{"line":25,"column":46},"end":{"line":25,"column":92}},"type":"cond-expr","locations":[{"start":{"line":25,"column":70},"end":{"line":25,"column":73}},{"start":{"line":25,"column":76},"end":{"line":25,"column":92}}],"line":25},"5":{"loc":{"start":{"line":25,"column":46},"end":{"line":25,"column":67}},"type":"binary-expr","locations":[{"start":{"line":25,"column":46},"end":{"line":25,"column":49}},{"start":{"line":25,"column":53},"end":{"line":25,"column":67}}],"line":25}},"s":{"0":1,"1":1,"2":1,"3":1,"4":1,"5":1,"6":1,"7":1,"8":1,"9":1,"10":1,"11":1,"12":0,"13":0,"14":0,"15":0,"16":0,"17":0,"18":0,"19":4,"20":1,"21":1,"22":1,"23":1,"24":1,"25":1,"26":1,"27":1,"28":1,"29":1,"30":1,"31":1,"32":1,"33":1,"34":1,"35":1,"36":1,"37":1,"38":1,"39":1,"40":1,"41":1,"42":1,"43":1,"44":1,"45":1,"46":1,"47":1,"48":1,"49":1,"50":1,"51":1,"52":1,"53":1,"54":1,"55":1,"56":1,"57":1,"58":1,"59":1,"60":1,"61":1},"f":{"0":1,"1":4,"2":1,"3":1,"4":1,"5":1,"6":1,"7":1,"8":1,"9":1,"10":1,"11":1,"12":1,"13":1,"14":1,"15":1,"16":1},"b":{"0":[1,0],"1":[1,1],"2":[0,0],"3":[0,0],"4":[1,3],"5":[4,4]},"_coverageSchema":"332fd63041d2c1bcb487cc26dd0d5f7d97098a6c","hash":"79bf8a919033d361b063cc715ff99b766821259e","contentHash":"82c8165f2d860632187205c77f8d0d5d_11.1.0"},"C:\\Users\\Seamfix\\Documents\\Andela\\HelloBooks\\server\\app.js":{"path":"C:\\Users\\Seamfix\\Documents\\Andela\\HelloBooks\\server\\app.js","statementMap":{"0":{"start":{"line":3,"column":0},"end":{"line":5,"column":3}},"1":{"start":{"line":7,"column":15},"end":{"line":7,"column":33}},"2":{"start":{"line":9,"column":16},"end":{"line":9,"column":48}},"3":{"start":{"line":11,"column":14},"end":{"line":11,"column":31}},"4":{"start":{"line":13,"column":15},"end":{"line":13,"column":46}},"5":{"start":{"line":15,"column":18},"end":{"line":15,"column":40}},"6":{"start":{"line":17,"column":19},"end":{"line":17,"column":54}},"7":{"start":{"line":19,"column":14},"end":{"line":19,"column":40}},"8":{"start":{"line":21,"column":15},"end":{"line":21,"column":46}},"9":{"start":{"line":23,"column":39},"end":{"line":23,"column":93}},"10":{"start":{"line":25,"column":10},"end":{"line":25,"column":34}},"11":{"start":{"line":27,"column":0},"end":{"line":27,"column":38}},"12":{"start":{"line":29,"column":0},"end":{"line":29,"column":37}},"13":{"start":{"line":30,"column":0},"end":{"line":30,"column":62}},"14":{"start":{"line":32,"column":0},"end":{"line":32,"column":58}},"15":{"start":{"line":34,"column":0},"end":{"line":34,"column":67}},"16":{"start":{"line":36,"column":0},"end":{"line":36,"column":27}},"17":{"start":{"line":38,"column":0},"end":{"line":42,"column":3}},"18":{"start":{"line":39,"column":4},"end":{"line":41,"column":7}},"19":{"start":{"line":44,"column":0},"end":{"line":44,"column":22}}},"fnMap":{"0":{"name":"_interopRequireDefault","decl":{"start":{"line":23,"column":9},"end":{"line":23,"column":31}},"loc":{"start":{"line":23,"column":37},"end":{"line":23,"column":95}},"line":23},"1":{"name":"(anonymous_1)","decl":{"start":{"line":38,"column":13},"end":{"line":38,"column":14}},"loc":{"start":{"line":38,"column":33},"end":{"line":42,"column":1}},"line":38}},"branchMap":{"0":{"loc":{"start":{"line":23,"column":46},"end":{"line":23,"column":92}},"type":"cond-expr","locations":[{"start":{"line":23,"column":70},"end":{"line":23,"column":73}},{"start":{"line":23,"column":76},"end":{"line":23,"column":92}}],"line":23},"1":{"loc":{"start":{"line":23,"column":46},"end":{"line":23,"column":67}},"type":"binary-expr","locations":[{"start":{"line":23,"column":46},"end":{"line":23,"column":49}},{"start":{"line":23,"column":53},"end":{"line":23,"column":67}}],"line":23}},"s":{"0":1,"1":1,"2":1,"3":1,"4":1,"5":1,"6":1,"7":1,"8":1,"9":4,"10":1,"11":1,"12":1,"13":1,"14":1,"15":1,"16":1,"17":1,"18":0,"19":1},"f":{"0":4,"1":0},"b":{"0":[1,3],"1":[4,4]},"_coverageSchema":"332fd63041d2c1bcb487cc26dd0d5f7d97098a6c","hash":"f1ed4a7d348a3bff2fedd27370e2166a8bbc6892","contentHash":"1c63257ed53be0b1d013588c8fbb3964_11.1.0"},"C:\\Users\\Seamfix\\Documents\\Andela\\HelloBooks\\server\\server\\routes\\index.js":{"path":"C:\\Users\\Seamfix\\Documents\\Andela\\HelloBooks\\server\\server\\routes\\index.js","statementMap":{"0":{"start":{"line":3,"column":0},"end":{"line":5,"column":3}},"1":{"start":{"line":7,"column":18},"end":{"line":7,"column":42}},"2":{"start":{"line":9,"column":19},"end":{"line":9,"column":54}},"3":{"start":{"line":11,"column":17},"end":{"line":11,"column":47}},"4":{"start":{"line":13,"column":18},"end":{"line":13,"column":52}},"5":{"start":{"line":15,"column":18},"end":{"line":15,"column":49}},"6":{"start":{"line":17,"column":19},"end":{"line":17,"column":54}},"7":{"start":{"line":19,"column":39},"end":{"line":19,"column":93}},"8":{"start":{"line":21,"column":16},"end":{"line":21,"column":35}},"9":{"start":{"line":22,"column":17},"end":{"line":22,"column":37}},"10":{"start":{"line":24,"column":21},"end":{"line":24,"column":46}},"11":{"start":{"line":25,"column":21},"end":{"line":25,"column":46}},"12":{"start":{"line":26,"column":26},"end":{"line":26,"column":56}},"13":{"start":{"line":29,"column":25},"end":{"line":29,"column":54}},"14":{"start":{"line":30,"column":28},"end":{"line":30,"column":60}},"15":{"start":{"line":31,"column":29},"end":{"line":31,"column":62}},"16":{"start":{"line":33,"column":13},"end":{"line":93,"column":1}},"17":{"start":{"line":35,"column":2},"end":{"line":39,"column":5}},"18":{"start":{"line":36,"column":4},"end":{"line":38,"column":7}},"19":{"start":{"line":41,"column":2},"end":{"line":41,"column":58}},"20":{"start":{"line":43,"column":2},"end":{"line":43,"column":58}},"21":{"start":{"line":60,"column":2},"end":{"line":60,"column":53}},"22":{"start":{"line":62,"column":2},"end":{"line":62,"column":53}},"23":{"start":{"line":64,"column":2},"end":{"line":64,"column":60}},"24":{"start":{"line":66,"column":2},"end":{"line":66,"column":53}},"25":{"start":{"line":68,"column":2},"end":{"line":68,"column":75}},"26":{"start":{"line":70,"column":2},"end":{"line":70,"column":80}},"27":{"start":{"line":72,"column":2},"end":{"line":72,"column":74}},"28":{"start":{"line":74,"column":2},"end":{"line":74,"column":52}},"29":{"start":{"line":76,"column":2},"end":{"line":76,"column":73}},"30":{"start":{"line":78,"column":2},"end":{"line":78,"column":61}},"31":{"start":{"line":80,"column":2},"end":{"line":80,"column":66}},"32":{"start":{"line":82,"column":2},"end":{"line":82,"column":68}},"33":{"start":{"line":84,"column":2},"end":{"line":84,"column":69}},"34":{"start":{"line":86,"column":2},"end":{"line":86,"column":64}},"35":{"start":{"line":88,"column":2},"end":{"line":88,"column":64}},"36":{"start":{"line":90,"column":2},"end":{"line":90,"column":73}},"37":{"start":{"line":92,"column":2},"end":{"line":92,"column":73}},"38":{"start":{"line":95,"column":0},"end":{"line":95,"column":25}}},"fnMap":{"0":{"name":"_interopRequireDefault","decl":{"start":{"line":19,"column":9},"end":{"line":19,"column":31}},"loc":{"start":{"line":19,"column":37},"end":{"line":19,"column":95}},"line":19},"1":{"name":"routes","decl":{"start":{"line":33,"column":22},"end":{"line":33,"column":28}},"loc":{"start":{"line":33,"column":34},"end":{"line":93,"column":1}},"line":33},"2":{"name":"(anonymous_2)","decl":{"start":{"line":35,"column":18},"end":{"line":35,"column":19}},"loc":{"start":{"line":35,"column":38},"end":{"line":39,"column":3}},"line":35}},"branchMap":{"0":{"loc":{"start":{"line":19,"column":46},"end":{"line":19,"column":92}},"type":"cond-expr","locations":[{"start":{"line":19,"column":70},"end":{"line":19,"column":73}},{"start":{"line":19,"column":76},"end":{"line":19,"column":92}}],"line":19},"1":{"loc":{"start":{"line":19,"column":46},"end":{"line":19,"column":67}},"type":"binary-expr","locations":[{"start":{"line":19,"column":46},"end":{"line":19,"column":49}},{"start":{"line":19,"column":53},"end":{"line":19,"column":67}}],"line":19}},"s":{"0":1,"1":1,"2":1,"3":1,"4":1,"5":1,"6":1,"7":3,"8":1,"9":1,"10":1,"11":1,"12":1,"13":1,"14":1,"15":1,"16":1,"17":1,"18":0,"19":1,"20":1,"21":1,"22":1,"23":1,"24":1,"25":1,"26":1,"27":1,"28":1,"29":1,"30":1,"31":1,"32":1,"33":1,"34":1,"35":1,"36":1,"37":1,"38":1},"f":{"0":3,"1":1,"2":0},"b":{"0":[3,0],"1":[3,3]},"_coverageSchema":"332fd63041d2c1bcb487cc26dd0d5f7d97098a6c","hash":"11d5a71388626e2b353f2512c2c84fedad6580ec","contentHash":"0f16287920d484946bb28cbf6b050046_11.1.0"},"C:\\Users\\Seamfix\\Documents\\Andela\\HelloBooks\\server\\server\\controller\\index.js":{"path":"C:\\Users\\Seamfix\\Documents\\Andela\\HelloBooks\\server\\server\\controller\\index.js","statementMap":{"0":{"start":{"line":3,"column":0},"end":{"line":5,"column":3}},"1":{"start":{"line":7,"column":12},"end":{"line":7,"column":29}},"2":{"start":{"line":9,"column":13},"end":{"line":9,"column":42}},"3":{"start":{"line":11,"column":12},"end":{"line":11,"column":29}},"4":{"start":{"line":13,"column":13},"end":{"line":13,"column":42}},"5":{"start":{"line":15,"column":17},"end":{"line":15,"column":39}},"6":{"start":{"line":17,"column":18},"end":{"line":17,"column":52}},"7":{"start":{"line":19,"column":20},"end":{"line":19,"column":45}},"8":{"start":{"line":21,"column":21},"end":{"line":21,"column":58}},"9":{"start":{"line":23,"column":16},"end":{"line":23,"column":37}},"10":{"start":{"line":25,"column":17},"end":{"line":25,"column":50}},"11":{"start":{"line":27,"column":19},"end":{"line":27,"column":43}},"12":{"start":{"line":29,"column":20},"end":{"line":29,"column":56}},"13":{"start":{"line":31,"column":39},"end":{"line":31,"column":93}},"14":{"start":{"line":36,"column":0},"end":{"line":43,"column":2}}},"fnMap":{"0":{"name":"_interopRequireDefault","decl":{"start":{"line":31,"column":9},"end":{"line":31,"column":31}},"loc":{"start":{"line":31,"column":37},"end":{"line":31,"column":95}},"line":31}},"branchMap":{"0":{"loc":{"start":{"line":31,"column":46},"end":{"line":31,"column":92}},"type":"cond-expr","locations":[{"start":{"line":31,"column":70},"end":{"line":31,"column":73}},{"start":{"line":31,"column":76},"end":{"line":31,"column":92}}],"line":31},"1":{"loc":{"start":{"line":31,"column":46},"end":{"line":31,"column":67}},"type":"binary-expr","locations":[{"start":{"line":31,"column":46},"end":{"line":31,"column":49}},{"start":{"line":31,"column":53},"end":{"line":31,"column":67}}],"line":31}},"s":{"0":1,"1":1,"2":1,"3":1,"4":1,"5":1,"6":1,"7":1,"8":1,"9":1,"10":1,"11":1,"12":1,"13":6,"14":1},"f":{"0":6},"b":{"0":[6,0],"1":[6,6]},"_coverageSchema":"332fd63041d2c1bcb487cc26dd0d5f7d97098a6c","hash":"39bdf64647340d94e382bb2d56098d791a047288","contentHash":"462314076b217339474c6a2268e8305d_11.1.0"},"C:\\Users\\Seamfix\\Documents\\Andela\\HelloBooks\\server\\server\\controller\\user.js":{"path":"C:\\Users\\Seamfix\\Documents\\Andela\\HelloBooks\\server\\server\\controller\\user.js","statementMap":{"0":{"start":{"line":3,"column":0},"end":{"line":5,"column":3}},"1":{"start":{"line":7,"column":14},"end":{"line":7,"column":34}},"2":{"start":{"line":9,"column":15},"end":{"line":9,"column":46}},"3":{"start":{"line":11,"column":14},"end":{"line":11,"column":31}},"4":{"start":{"line":13,"column":15},"end":{"line":13,"column":46}},"5":{"start":{"line":15,"column":17},"end":{"line":15,"column":37}},"6":{"start":{"line":17,"column":18},"end":{"line":17,"column":52}},"7":{"start":{"line":19,"column":20},"end":{"line":19,"column":43}},"8":{"start":{"line":21,"column":21},"end":{"line":21,"column":58}},"9":{"start":{"line":23,"column":14},"end":{"line":23,"column":31}},"10":{"start":{"line":25,"column":15},"end":{"line":25,"column":46}},"11":{"start":{"line":27,"column":39},"end":{"line":27,"column":93}},"12":{"start":{"line":29,"column":11},"end":{"line":29,"column":32}},"13":{"start":{"line":31,"column":13},"end":{"line":31,"column":38}},"14":{"start":{"line":34,"column":13},"end":{"line":34,"column":33}},"15":{"start":{"line":38,"column":11},"end":{"line":38,"column":43}},"16":{"start":{"line":40,"column":0},"end":{"line":359,"column":2}},"17":{"start":{"line":42,"column":23},"end":{"line":42,"column":40}},"18":{"start":{"line":43,"column":20},"end":{"line":43,"column":34}},"19":{"start":{"line":44,"column":23},"end":{"line":44,"column":40}},"20":{"start":{"line":46,"column":8},"end":{"line":54,"column":9}},"21":{"start":{"line":47,"column":12},"end":{"line":50,"column":15}},"22":{"start":{"line":51,"column":12},"end":{"line":51,"column":19}},"23":{"start":{"line":53,"column":12},"end":{"line":53,"column":63}},"24":{"start":{"line":56,"column":8},"end":{"line":64,"column":9}},"25":{"start":{"line":57,"column":12},"end":{"line":60,"column":15}},"26":{"start":{"line":61,"column":12},"end":{"line":61,"column":19}},"27":{"start":{"line":63,"column":12},"end":{"line":63,"column":57}},"28":{"start":{"line":66,"column":8},"end":{"line":74,"column":9}},"29":{"start":{"line":67,"column":12},"end":{"line":70,"column":15}},"30":{"start":{"line":71,"column":12},"end":{"line":71,"column":19}},"31":{"start":{"line":73,"column":12},"end":{"line":73,"column":63}},"32":{"start":{"line":76,"column":8},"end":{"line":82,"column":9}},"33":{"start":{"line":77,"column":12},"end":{"line":80,"column":15}},"34":{"start":{"line":81,"column":12},"end":{"line":81,"column":19}},"35":{"start":{"line":84,"column":8},"end":{"line":132,"column":11}},"36":{"start":{"line":85,"column":12},"end":{"line":131,"column":15}},"37":{"start":{"line":96,"column":28},"end":{"line":96,"column":203}},"38":{"start":{"line":97,"column":16},"end":{"line":109,"column":17}},"39":{"start":{"line":98,"column":20},"end":{"line":102,"column":23}},"40":{"start":{"line":104,"column":20},"end":{"line":108,"column":23}},"41":{"start":{"line":111,"column":16},"end":{"line":130,"column":17}},"42":{"start":{"line":112,"column":20},"end":{"line":117,"column":21}},"43":{"start":{"line":113,"column":24},"end":{"line":116,"column":27}},"44":{"start":{"line":119,"column":20},"end":{"line":124,"column":21}},"45":{"start":{"line":120,"column":24},"end":{"line":123,"column":27}},"46":{"start":{"line":126,"column":20},"end":{"line":129,"column":23}},"47":{"start":{"line":135,"column":23},"end":{"line":135,"column":40}},"48":{"start":{"line":136,"column":23},"end":{"line":136,"column":40}},"49":{"start":{"line":138,"column":8},"end":{"line":144,"column":9}},"50":{"start":{"line":139,"column":12},"end":{"line":142,"column":15}},"51":{"start":{"line":143,"column":12},"end":{"line":143,"column":19}},"52":{"start":{"line":146,"column":8},"end":{"line":152,"column":9}},"53":{"start":{"line":147,"column":12},"end":{"line":150,"column":15}},"54":{"start":{"line":151,"column":12},"end":{"line":151,"column":19}},"55":{"start":{"line":154,"column":8},"end":{"line":192,"column":11}},"56":{"start":{"line":160,"column":12},"end":{"line":186,"column":13}},"57":{"start":{"line":161,"column":16},"end":{"line":180,"column":19}},"58":{"start":{"line":162,"column":20},"end":{"line":179,"column":21}},"59":{"start":{"line":163,"column":24},"end":{"line":163,"column":45}},"60":{"start":{"line":166,"column":36},"end":{"line":166,"column":217}},"61":{"start":{"line":169,"column":24},"end":{"line":173,"column":27}},"62":{"start":{"line":175,"column":24},"end":{"line":178,"column":27}},"63":{"start":{"line":182,"column":16},"end":{"line":185,"column":19}},"64":{"start":{"line":188,"column":12},"end":{"line":191,"column":15}},"65":{"start":{"line":195,"column":8},"end":{"line":206,"column":11}},"66":{"start":{"line":200,"column":12},"end":{"line":200,"column":40}},"67":{"start":{"line":202,"column":12},"end":{"line":205,"column":15}},"68":{"start":{"line":209,"column":25},"end":{"line":209,"column":44}},"69":{"start":{"line":211,"column":8},"end":{"line":217,"column":9}},"70":{"start":{"line":212,"column":12},"end":{"line":215,"column":15}},"71":{"start":{"line":216,"column":12},"end":{"line":216,"column":19}},"72":{"start":{"line":219,"column":8},"end":{"line":231,"column":11}},"73":{"start":{"line":225,"column":12},"end":{"line":225,"column":40}},"74":{"start":{"line":227,"column":12},"end":{"line":230,"column":15}},"75":{"start":{"line":234,"column":28},"end":{"line":234,"column":50}},"76":{"start":{"line":236,"column":8},"end":{"line":241,"column":9}},"77":{"start":{"line":237,"column":12},"end":{"line":240,"column":15}},"78":{"start":{"line":243,"column":8},"end":{"line":255,"column":11}},"79":{"start":{"line":249,"column":12},"end":{"line":249,"column":40}},"80":{"start":{"line":251,"column":12},"end":{"line":254,"column":15}},"81":{"start":{"line":258,"column":23},"end":{"line":258,"column":40}},"82":{"start":{"line":259,"column":25},"end":{"line":259,"column":44}},"83":{"start":{"line":260,"column":28},"end":{"line":260,"column":50}},"84":{"start":{"line":261,"column":23},"end":{"line":261,"column":40}},"85":{"start":{"line":262,"column":21},"end":{"line":262,"column":38}},"86":{"start":{"line":264,"column":8},"end":{"line":270,"column":9}},"87":{"start":{"line":265,"column":12},"end":{"line":268,"column":15}},"88":{"start":{"line":269,"column":12},"end":{"line":269,"column":19}},"89":{"start":{"line":272,"column":8},"end":{"line":290,"column":11}},"90":{"start":{"line":281,"column":12},"end":{"line":284,"column":15}},"91":{"start":{"line":286,"column":12},"end":{"line":289,"column":15}},"92":{"start":{"line":293,"column":23},"end":{"line":293,"column":40}},"93":{"start":{"line":294,"column":21},"end":{"line":294,"column":38}},"94":{"start":{"line":295,"column":8},"end":{"line":301,"column":9}},"95":{"start":{"line":296,"column":12},"end":{"line":299,"column":15}},"96":{"start":{"line":300,"column":12},"end":{"line":300,"column":19}},"97":{"start":{"line":303,"column":8},"end":{"line":309,"column":9}},"98":{"start":{"line":304,"column":12},"end":{"line":307,"column":15}},"99":{"start":{"line":308,"column":12},"end":{"line":308,"column":19}},"100":{"start":{"line":311,"column":8},"end":{"line":329,"column":11}},"101":{"start":{"line":312,"column":12},"end":{"line":328,"column":15}},"102":{"start":{"line":319,"column":16},"end":{"line":322,"column":19}},"103":{"start":{"line":324,"column":16},"end":{"line":327,"column":19}},"104":{"start":{"line":332,"column":21},"end":{"line":332,"column":38}},"105":{"start":{"line":333,"column":8},"end":{"line":339,"column":9}},"106":{"start":{"line":334,"column":12},"end":{"line":337,"column":15}},"107":{"start":{"line":338,"column":12},"end":{"line":338,"column":19}},"108":{"start":{"line":341,"column":8},"end":{"line":357,"column":11}},"109":{"start":{"line":348,"column":12},"end":{"line":351,"column":15}},"110":{"start":{"line":353,"column":12},"end":{"line":356,"column":15}}},"fnMap":{"0":{"name":"_interopRequireDefault","decl":{"start":{"line":27,"column":9},"end":{"line":27,"column":31}},"loc":{"start":{"line":27,"column":37},"end":{"line":27,"column":95}},"line":27},"1":{"name":"signup","decl":{"start":{"line":41,"column":21},"end":{"line":41,"column":27}},"loc":{"start":{"line":41,"column":38},"end":{"line":133,"column":5}},"line":41},"2":{"name":"(anonymous_2)","decl":{"start":{"line":84,"column":46},"end":{"line":84,"column":47}},"loc":{"start":{"line":84,"column":77},"end":{"line":132,"column":9}},"line":84},"3":{"name":"(anonymous_3)","decl":{"start":{"line":94,"column":20},"end":{"line":94,"column":21}},"loc":{"start":{"line":94,"column":36},"end":{"line":110,"column":13}},"line":94},"4":{"name":"(anonymous_4)","decl":{"start":{"line":110,"column":21},"end":{"line":110,"column":22}},"loc":{"start":{"line":110,"column":38},"end":{"line":131,"column":13}},"line":110},"5":{"name":"signin","decl":{"start":{"line":134,"column":21},"end":{"line":134,"column":27}},"loc":{"start":{"line":134,"column":38},"end":{"line":193,"column":5}},"line":134},"6":{"name":"(anonymous_6)","decl":{"start":{"line":159,"column":16},"end":{"line":159,"column":17}},"loc":{"start":{"line":159,"column":32},"end":{"line":187,"column":9}},"line":159},"7":{"name":"(anonymous_7)","decl":{"start":{"line":161,"column":66},"end":{"line":161,"column":67}},"loc":{"start":{"line":161,"column":90},"end":{"line":180,"column":17}},"line":161},"8":{"name":"(anonymous_8)","decl":{"start":{"line":187,"column":17},"end":{"line":187,"column":18}},"loc":{"start":{"line":187,"column":34},"end":{"line":192,"column":9}},"line":187},"9":{"name":"getUsers","decl":{"start":{"line":194,"column":23},"end":{"line":194,"column":31}},"loc":{"start":{"line":194,"column":42},"end":{"line":207,"column":5}},"line":194},"10":{"name":"(anonymous_10)","decl":{"start":{"line":199,"column":16},"end":{"line":199,"column":17}},"loc":{"start":{"line":199,"column":33},"end":{"line":201,"column":9}},"line":199},"11":{"name":"(anonymous_11)","decl":{"start":{"line":201,"column":17},"end":{"line":201,"column":18}},"loc":{"start":{"line":201,"column":34},"end":{"line":206,"column":9}},"line":201},"12":{"name":"getUsersByUserType","decl":{"start":{"line":208,"column":33},"end":{"line":208,"column":51}},"loc":{"start":{"line":208,"column":62},"end":{"line":232,"column":5}},"line":208},"13":{"name":"(anonymous_13)","decl":{"start":{"line":224,"column":16},"end":{"line":224,"column":17}},"loc":{"start":{"line":224,"column":33},"end":{"line":226,"column":9}},"line":224},"14":{"name":"(anonymous_14)","decl":{"start":{"line":226,"column":17},"end":{"line":226,"column":18}},"loc":{"start":{"line":226,"column":34},"end":{"line":231,"column":9}},"line":226},"15":{"name":"getUsersByAccountType","decl":{"start":{"line":233,"column":36},"end":{"line":233,"column":57}},"loc":{"start":{"line":233,"column":68},"end":{"line":256,"column":5}},"line":233},"16":{"name":"(anonymous_16)","decl":{"start":{"line":248,"column":16},"end":{"line":248,"column":17}},"loc":{"start":{"line":248,"column":33},"end":{"line":250,"column":9}},"line":248},"17":{"name":"(anonymous_17)","decl":{"start":{"line":250,"column":17},"end":{"line":250,"column":18}},"loc":{"start":{"line":250,"column":34},"end":{"line":255,"column":9}},"line":250},"18":{"name":"editUser","decl":{"start":{"line":257,"column":23},"end":{"line":257,"column":31}},"loc":{"start":{"line":257,"column":42},"end":{"line":291,"column":5}},"line":257},"19":{"name":"(anonymous_19)","decl":{"start":{"line":280,"column":16},"end":{"line":280,"column":17}},"loc":{"start":{"line":280,"column":32},"end":{"line":285,"column":9}},"line":280},"20":{"name":"(anonymous_20)","decl":{"start":{"line":285,"column":17},"end":{"line":285,"column":18}},"loc":{"start":{"line":285,"column":34},"end":{"line":290,"column":9}},"line":285},"21":{"name":"editPassword","decl":{"start":{"line":292,"column":27},"end":{"line":292,"column":39}},"loc":{"start":{"line":292,"column":50},"end":{"line":330,"column":5}},"line":292},"22":{"name":"(anonymous_22)","decl":{"start":{"line":311,"column":46},"end":{"line":311,"column":47}},"loc":{"start":{"line":311,"column":77},"end":{"line":329,"column":9}},"line":311},"23":{"name":"(anonymous_23)","decl":{"start":{"line":318,"column":20},"end":{"line":318,"column":21}},"loc":{"start":{"line":318,"column":36},"end":{"line":323,"column":13}},"line":318},"24":{"name":"(anonymous_24)","decl":{"start":{"line":323,"column":21},"end":{"line":323,"column":22}},"loc":{"start":{"line":323,"column":38},"end":{"line":328,"column":13}},"line":323},"25":{"name":"deleteUser","decl":{"start":{"line":331,"column":25},"end":{"line":331,"column":35}},"loc":{"start":{"line":331,"column":46},"end":{"line":358,"column":5}},"line":331},"26":{"name":"(anonymous_26)","decl":{"start":{"line":347,"column":16},"end":{"line":347,"column":17}},"loc":{"start":{"line":347,"column":32},"end":{"line":352,"column":9}},"line":347},"27":{"name":"(anonymous_27)","decl":{"start":{"line":352,"column":17},"end":{"line":352,"column":18}},"loc":{"start":{"line":352,"column":34},"end":{"line":357,"column":9}},"line":352}},"branchMap":{"0":{"loc":{"start":{"line":27,"column":46},"end":{"line":27,"column":92}},"type":"cond-expr","locations":[{"start":{"line":27,"column":70},"end":{"line":27,"column":73}},{"start":{"line":27,"column":76},"end":{"line":27,"column":92}}],"line":27},"1":{"loc":{"start":{"line":27,"column":46},"end":{"line":27,"column":67}},"type":"binary-expr","locations":[{"start":{"line":27,"column":46},"end":{"line":27,"column":49}},{"start":{"line":27,"column":53},"end":{"line":27,"column":67}}],"line":27},"2":{"loc":{"start":{"line":46,"column":8},"end":{"line":54,"column":9}},"type":"if","locations":[{"start":{"line":46,"column":8},"end":{"line":54,"column":9}},{"start":{"line":46,"column":8},"end":{"line":54,"column":9}}],"line":46},"3":{"loc":{"start":{"line":46,"column":12},"end":{"line":46,"column":74}},"type":"binary-expr","locations":[{"start":{"line":46,"column":12},"end":{"line":46,"column":54}},{"start":{"line":46,"column":58},"end":{"line":46,"column":74}}],"line":46},"4":{"loc":{"start":{"line":56,"column":8},"end":{"line":64,"column":9}},"type":"if","locations":[{"start":{"line":56,"column":8},"end":{"line":64,"column":9}},{"start":{"line":56,"column":8},"end":{"line":64,"column":9}}],"line":56},"5":{"loc":{"start":{"line":56,"column":12},"end":{"line":56,"column":68}},"type":"binary-expr","locations":[{"start":{"line":56,"column":12},"end":{"line":56,"column":51}},{"start":{"line":56,"column":55},"end":{"line":56,"column":68}}],"line":56},"6":{"loc":{"start":{"line":66,"column":8},"end":{"line":74,"column":9}},"type":"if","locations":[{"start":{"line":66,"column":8},"end":{"line":74,"column":9}},{"start":{"line":66,"column":8},"end":{"line":74,"column":9}}],"line":66},"7":{"loc":{"start":{"line":66,"column":12},"end":{"line":66,"column":74}},"type":"binary-expr","locations":[{"start":{"line":66,"column":12},"end":{"line":66,"column":54}},{"start":{"line":66,"column":58},"end":{"line":66,"column":74}}],"line":66},"8":{"loc":{"start":{"line":76,"column":8},"end":{"line":82,"column":9}},"type":"if","locations":[{"start":{"line":76,"column":8},"end":{"line":82,"column":9}},{"start":{"line":76,"column":8},"end":{"line":82,"column":9}}],"line":76},"9":{"loc":{"start":{"line":97,"column":16},"end":{"line":109,"column":17}},"type":"if","locations":[{"start":{"line":97,"column":16},"end":{"line":109,"column":17}},{"start":{"line":97,"column":16},"end":{"line":109,"column":17}}],"line":97},"10":{"loc":{"start":{"line":111,"column":16},"end":{"line":130,"column":17}},"type":"if","locations":[{"start":{"line":111,"column":16},"end":{"line":130,"column":17}},{"start":{"line":111,"column":16},"end":{"line":130,"column":17}}],"line":111},"11":{"loc":{"start":{"line":112,"column":20},"end":{"line":117,"column":21}},"type":"if","locations":[{"start":{"line":112,"column":20},"end":{"line":117,"column":21}},{"start":{"line":112,"column":20},"end":{"line":117,"column":21}}],"line":112},"12":{"loc":{"start":{"line":119,"column":20},"end":{"line":124,"column":21}},"type":"if","locations":[{"start":{"line":119,"column":20},"end":{"line":124,"column":21}},{"start":{"line":119,"column":20},"end":{"line":124,"column":21}}],"line":119},"13":{"loc":{"start":{"line":138,"column":8},"end":{"line":144,"column":9}},"type":"if","locations":[{"start":{"line":138,"column":8},"end":{"line":144,"column":9}},{"start":{"line":138,"column":8},"end":{"line":144,"column":9}}],"line":138},"14":{"loc":{"start":{"line":146,"column":8},"end":{"line":152,"column":9}},"type":"if","locations":[{"start":{"line":146,"column":8},"end":{"line":152,"column":9}},{"start":{"line":146,"column":8},"end":{"line":152,"column":9}}],"line":146},"15":{"loc":{"start":{"line":160,"column":12},"end":{"line":186,"column":13}},"type":"if","locations":[{"start":{"line":160,"column":12},"end":{"line":186,"column":13}},{"start":{"line":160,"column":12},"end":{"line":186,"column":13}}],"line":160},"16":{"loc":{"start":{"line":162,"column":20},"end":{"line":179,"column":21}},"type":"if","locations":[{"start":{"line":162,"column":20},"end":{"line":179,"column":21}},{"start":{"line":162,"column":20},"end":{"line":179,"column":21}}],"line":162},"17":{"loc":{"start":{"line":211,"column":8},"end":{"line":217,"column":9}},"type":"if","locations":[{"start":{"line":211,"column":8},"end":{"line":217,"column":9}},{"start":{"line":211,"column":8},"end":{"line":217,"column":9}}],"line":211},"18":{"loc":{"start":{"line":236,"column":8},"end":{"line":241,"column":9}},"type":"if","locations":[{"start":{"line":236,"column":8},"end":{"line":241,"column":9}},{"start":{"line":236,"column":8},"end":{"line":241,"column":9}}],"line":236},"19":{"loc":{"start":{"line":264,"column":8},"end":{"line":270,"column":9}},"type":"if","locations":[{"start":{"line":264,"column":8},"end":{"line":270,"column":9}},{"start":{"line":264,"column":8},"end":{"line":270,"column":9}}],"line":264},"20":{"loc":{"start":{"line":295,"column":8},"end":{"line":301,"column":9}},"type":"if","locations":[{"start":{"line":295,"column":8},"end":{"line":301,"column":9}},{"start":{"line":295,"column":8},"end":{"line":301,"column":9}}],"line":295},"21":{"loc":{"start":{"line":303,"column":8},"end":{"line":309,"column":9}},"type":"if","locations":[{"start":{"line":303,"column":8},"end":{"line":309,"column":9}},{"start":{"line":303,"column":8},"end":{"line":309,"column":9}}],"line":303},"22":{"loc":{"start":{"line":303,"column":12},"end":{"line":303,"column":74}},"type":"binary-expr","locations":[{"start":{"line":303,"column":12},"end":{"line":303,"column":54}},{"start":{"line":303,"column":58},"end":{"line":303,"column":74}}],"line":303},"23":{"loc":{"start":{"line":333,"column":8},"end":{"line":339,"column":9}},"type":"if","locations":[{"start":{"line":333,"column":8},"end":{"line":339,"column":9}},{"start":{"line":333,"column":8},"end":{"line":339,"column":9}}],"line":333}},"s":{"0":1,"1":1,"2":1,"3":1,"4":1,"5":1,"6":1,"7":1,"8":1,"9":1,"10":1,"11":5,"12":1,"13":1,"14":1,"15":1,"16":1,"17":4,"18":4,"19":4,"20":4,"21":1,"22":1,"23":3,"24":3,"25":1,"26":1,"27":2,"28":2,"29":0,"30":0,"31":2,"32":2,"33":1,"34":1,"35":1,"36":1,"37":1,"38":1,"39":1,"40":0,"41":0,"42":0,"43":0,"44":0,"45":0,"46":0,"47":1,"48":1,"49":1,"50":0,"51":0,"52":1,"53":0,"54":0,"55":1,"56":1,"57":1,"58":1,"59":1,"60":1,"61":1,"62":0,"63":0,"64":0,"65":1,"66":1,"67":0,"68":0,"69":0,"70":0,"71":0,"72":0,"73":0,"74":0,"75":0,"76":0,"77":0,"78":0,"79":0,"80":0,"81":0,"82":0,"83":0,"84":0,"85":0,"86":0,"87":0,"88":0,"89":0,"90":0,"91":0,"92":0,"93":0,"94":0,"95":0,"96":0,"97":0,"98":0,"99":0,"100":0,"101":0,"102":0,"103":0,"104":0,"105":0,"106":0,"107":0,"108":0,"109":0,"110":0},"f":{"0":5,"1":4,"2":1,"3":1,"4":0,"5":1,"6":1,"7":1,"8":0,"9":1,"10":1,"11":0,"12":0,"13":0,"14":0,"15":0,"16":0,"17":0,"18":0,"19":0,"20":0,"21":0,"22":0,"23":0,"24":0,"25":0,"26":0,"27":0},"b":{"0":[1,4],"1":[5,5],"2":[1,3],"3":[4,4],"4":[1,2],"5":[3,3],"6":[0,2],"7":[2,2],"8":[1,1],"9":[1,0],"10":[0,0],"11":[0,0],"12":[0,0],"13":[0,1],"14":[0,1],"15":[1,0],"16":[1,0],"17":[0,0],"18":[0,0],"19":[0,0],"20":[0,0],"21":[0,0],"22":[0,0],"23":[0,0]},"_coverageSchema":"332fd63041d2c1bcb487cc26dd0d5f7d97098a6c","hash":"c7f9b8ffe79a972c1f050369687f4ed13f86ea29","contentHash":"da694ce6f5d533e73fe16744e0ef450e_11.1.0"},"C:\\Users\\Seamfix\\Documents\\Andela\\HelloBooks\\server\\server\\models\\index.js":{"path":"C:\\Users\\Seamfix\\Documents\\Andela\\HelloBooks\\server\\server\\models\\index.js","statementMap":{"0":{"start":{"line":3,"column":0},"end":{"line":5,"column":3}},"1":{"start":{"line":7,"column":10},"end":{"line":7,"column":23}},"2":{"start":{"line":9,"column":11},"end":{"line":9,"column":38}},"3":{"start":{"line":11,"column":12},"end":{"line":11,"column":27}},"4":{"start":{"line":13,"column":13},"end":{"line":13,"column":42}},"5":{"start":{"line":15,"column":17},"end":{"line":15,"column":37}},"6":{"start":{"line":17,"column":18},"end":{"line":17,"column":52}},"7":{"start":{"line":19,"column":14},"end":{"line":19,"column":46}},"8":{"start":{"line":21,"column":15},"end":{"line":21,"column":46}},"9":{"start":{"line":23,"column":39},"end":{"line":23,"column":93}},"10":{"start":{"line":25,"column":15},"end":{"line":25,"column":55}},"11":{"start":{"line":26,"column":10},"end":{"line":26,"column":23}},"12":{"start":{"line":27,"column":13},"end":{"line":27,"column":34}},"13":{"start":{"line":28,"column":9},"end":{"line":28,"column":11}},"14":{"start":{"line":30,"column":16},"end":{"line":30,"column":22}},"15":{"start":{"line":31,"column":0},"end":{"line":35,"column":1}},"16":{"start":{"line":32,"column":2},"end":{"line":32,"column":63}},"17":{"start":{"line":34,"column":2},"end":{"line":34,"column":97}},"18":{"start":{"line":37,"column":0},"end":{"line":42,"column":3}},"19":{"start":{"line":38,"column":2},"end":{"line":38,"column":82}},"20":{"start":{"line":40,"column":14},"end":{"line":40,"column":71}},"21":{"start":{"line":41,"column":2},"end":{"line":41,"column":25}},"22":{"start":{"line":44,"column":0},"end":{"line":48,"column":3}},"23":{"start":{"line":45,"column":2},"end":{"line":47,"column":3}},"24":{"start":{"line":46,"column":4},"end":{"line":46,"column":32}},"25":{"start":{"line":50,"column":0},"end":{"line":50,"column":25}},"26":{"start":{"line":51,"column":0},"end":{"line":51,"column":35}},"27":{"start":{"line":55,"column":0},"end":{"line":55,"column":21}}},"fnMap":{"0":{"name":"_interopRequireDefault","decl":{"start":{"line":23,"column":9},"end":{"line":23,"column":31}},"loc":{"start":{"line":23,"column":37},"end":{"line":23,"column":95}},"line":23},"1":{"name":"(anonymous_1)","decl":{"start":{"line":37,"column":43},"end":{"line":37,"column":44}},"loc":{"start":{"line":37,"column":59},"end":{"line":39,"column":1}},"line":37},"2":{"name":"(anonymous_2)","decl":{"start":{"line":39,"column":11},"end":{"line":39,"column":12}},"loc":{"start":{"line":39,"column":27},"end":{"line":42,"column":1}},"line":39},"3":{"name":"(anonymous_3)","decl":{"start":{"line":44,"column":24},"end":{"line":44,"column":25}},"loc":{"start":{"line":44,"column":45},"end":{"line":48,"column":1}},"line":44}},"branchMap":{"0":{"loc":{"start":{"line":23,"column":46},"end":{"line":23,"column":92}},"type":"cond-expr","locations":[{"start":{"line":23,"column":70},"end":{"line":23,"column":73}},{"start":{"line":23,"column":76},"end":{"line":23,"column":92}}],"line":23},"1":{"loc":{"start":{"line":23,"column":46},"end":{"line":23,"column":67}},"type":"binary-expr","locations":[{"start":{"line":23,"column":46},"end":{"line":23,"column":49}},{"start":{"line":23,"column":53},"end":{"line":23,"column":67}}],"line":23},"2":{"loc":{"start":{"line":31,"column":0},"end":{"line":35,"column":1}},"type":"if","locations":[{"start":{"line":31,"column":0},"end":{"line":35,"column":1}},{"start":{"line":31,"column":0},"end":{"line":35,"column":1}}],"line":31},"3":{"loc":{"start":{"line":38,"column":9},"end":{"line":38,"column":81}},"type":"binary-expr","locations":[{"start":{"line":38,"column":9},"end":{"line":38,"column":32}},{"start":{"line":38,"column":36},"end":{"line":38,"column":53}},{"start":{"line":38,"column":57},"end":{"line":38,"column":81}}],"line":38},"4":{"loc":{"start":{"line":45,"column":2},"end":{"line":47,"column":3}},"type":"if","locations":[{"start":{"line":45,"column":2},"end":{"line":47,"column":3}},{"start":{"line":45,"column":2},"end":{"line":47,"column":3}}],"line":45}},"s":{"0":1,"1":1,"2":1,"3":1,"4":1,"5":1,"6":1,"7":1,"8":1,"9":4,"10":1,"11":1,"12":1,"13":1,"14":1,"15":1,"16":1,"17":0,"18":1,"19":7,"20":6,"21":6,"22":1,"23":6,"24":3,"25":1,"26":1,"27":1},"f":{"0":4,"1":7,"2":6,"3":6},"b":{"0":[0,4],"1":[4,4],"2":[1,0],"3":[7,7,6],"4":[3,3]},"_coverageSchema":"332fd63041d2c1bcb487cc26dd0d5f7d97098a6c","hash":"d39865a5e0f68dc79c8ad6ad31f8824fd42d954e","contentHash":"570c3889442e7175edccaf27478d583b_11.1.0"},"C:\\Users\\Seamfix\\Documents\\Andela\\HelloBooks\\server\\server\\models\\accounttype.js":{"path":"C:\\Users\\Seamfix\\Documents\\Andela\\HelloBooks\\server\\server\\models\\accounttype.js","statementMap":{"0":{"start":{"line":3,"column":0},"end":{"line":5,"column":3}},"1":{"start":{"line":7,"column":0},"end":{"line":30,"column":2}},"2":{"start":{"line":8,"column":20},"end":{"line":27,"column":4}},"3":{"start":{"line":29,"column":2},"end":{"line":29,"column":21}}},"fnMap":{"0":{"name":"(anonymous_0)","decl":{"start":{"line":7,"column":18},"end":{"line":7,"column":19}},"loc":{"start":{"line":7,"column":50},"end":{"line":30,"column":1}},"line":7}},"branchMap":{},"s":{"0":1,"1":1,"2":1,"3":1},"f":{"0":1},"b":{},"_coverageSchema":"332fd63041d2c1bcb487cc26dd0d5f7d97098a6c","hash":"94cc4537599316a57fc77d671afd8f55bfdea50f","contentHash":"1a6c261efc7ea8a6897166c9119de0b1_11.1.0"},"C:\\Users\\Seamfix\\Documents\\Andela\\HelloBooks\\server\\server\\models\\book.js":{"path":"C:\\Users\\Seamfix\\Documents\\Andela\\HelloBooks\\server\\server\\models\\book.js","statementMap":{"0":{"start":{"line":3,"column":0},"end":{"line":5,"column":3}},"1":{"start":{"line":7,"column":0},"end":{"line":39,"column":2}},"2":{"start":{"line":8,"column":13},"end":{"line":34,"column":4}},"3":{"start":{"line":35,"column":2},"end":{"line":37,"column":4}},"4":{"start":{"line":36,"column":4},"end":{"line":36,"column":88}},"5":{"start":{"line":38,"column":2},"end":{"line":38,"column":14}}},"fnMap":{"0":{"name":"(anonymous_0)","decl":{"start":{"line":7,"column":18},"end":{"line":7,"column":19}},"loc":{"start":{"line":7,"column":50},"end":{"line":39,"column":1}},"line":7},"1":{"name":"(anonymous_1)","decl":{"start":{"line":35,"column":19},"end":{"line":35,"column":20}},"loc":{"start":{"line":35,"column":37},"end":{"line":37,"column":3}},"line":35}},"branchMap":{},"s":{"0":1,"1":1,"2":1,"3":1,"4":1,"5":1},"f":{"0":1,"1":1},"b":{},"_coverageSchema":"332fd63041d2c1bcb487cc26dd0d5f7d97098a6c","hash":"15459ab87ea5d72974b236028731a0bc4a56a4a1","contentHash":"8415b52b45bfd3a90635d343afab49ec_11.1.0"},"C:\\Users\\Seamfix\\Documents\\Andela\\HelloBooks\\server\\server\\models\\BookCategory.js":{"path":"C:\\Users\\Seamfix\\Documents\\Andela\\HelloBooks\\server\\server\\models\\BookCategory.js","statementMap":{"0":{"start":{"line":3,"column":0},"end":{"line":5,"column":3}},"1":{"start":{"line":7,"column":0},"end":{"line":50,"column":2}},"2":{"start":{"line":8,"column":21},"end":{"line":26,"column":4}},"3":{"start":{"line":49,"column":2},"end":{"line":49,"column":22}}},"fnMap":{"0":{"name":"(anonymous_0)","decl":{"start":{"line":7,"column":18},"end":{"line":7,"column":19}},"loc":{"start":{"line":7,"column":50},"end":{"line":50,"column":1}},"line":7}},"branchMap":{},"s":{"0":1,"1":1,"2":1,"3":1},"f":{"0":1},"b":{},"_coverageSchema":"332fd63041d2c1bcb487cc26dd0d5f7d97098a6c","hash":"cb47ec15da0fef2522a4622e7866eb84f561ddfc","contentHash":"1d14f90dd7eb3bebd8c2b637fde482a6_11.1.0"},"C:\\Users\\Seamfix\\Documents\\Andela\\HelloBooks\\server\\server\\models\\borrowlog.js":{"path":"C:\\Users\\Seamfix\\Documents\\Andela\\HelloBooks\\server\\server\\models\\borrowlog.js","statementMap":{"0":{"start":{"line":3,"column":0},"end":{"line":5,"column":3}},"1":{"start":{"line":7,"column":0},"end":{"line":41,"column":2}},"2":{"start":{"line":8,"column":18},"end":{"line":35,"column":4}},"3":{"start":{"line":36,"column":2},"end":{"line":39,"column":4}},"4":{"start":{"line":37,"column":4},"end":{"line":37,"column":81}},"5":{"start":{"line":38,"column":4},"end":{"line":38,"column":81}},"6":{"start":{"line":40,"column":2},"end":{"line":40,"column":19}}},"fnMap":{"0":{"name":"(anonymous_0)","decl":{"start":{"line":7,"column":18},"end":{"line":7,"column":19}},"loc":{"start":{"line":7,"column":50},"end":{"line":41,"column":1}},"line":7},"1":{"name":"(anonymous_1)","decl":{"start":{"line":36,"column":24},"end":{"line":36,"column":25}},"loc":{"start":{"line":36,"column":42},"end":{"line":39,"column":3}},"line":36}},"branchMap":{},"s":{"0":1,"1":1,"2":1,"3":1,"4":1,"5":1,"6":1},"f":{"0":1,"1":1},"b":{},"_coverageSchema":"332fd63041d2c1bcb487cc26dd0d5f7d97098a6c","hash":"9eea197f0de39498266310b6ec2a1926dd3d6dd8","contentHash":"d978855b35e24b59b835fc620acdd3b4_11.1.0"},"C:\\Users\\Seamfix\\Documents\\Andela\\HelloBooks\\server\\server\\models\\user.js":{"path":"C:\\Users\\Seamfix\\Documents\\Andela\\HelloBooks\\server\\server\\models\\user.js","statementMap":{"0":{"start":{"line":3,"column":0},"end":{"line":5,"column":3}},"1":{"start":{"line":7,"column":0},"end":{"line":53,"column":2}},"2":{"start":{"line":8,"column":13},"end":{"line":47,"column":4}},"3":{"start":{"line":48,"column":2},"end":{"line":51,"column":4}},"4":{"start":{"line":49,"column":4},"end":{"line":49,"column":85}},"5":{"start":{"line":50,"column":4},"end":{"line":50,"column":91}},"6":{"start":{"line":52,"column":2},"end":{"line":52,"column":14}}},"fnMap":{"0":{"name":"(anonymous_0)","decl":{"start":{"line":7,"column":18},"end":{"line":7,"column":19}},"loc":{"start":{"line":7,"column":50},"end":{"line":53,"column":1}},"line":7},"1":{"name":"(anonymous_1)","decl":{"start":{"line":48,"column":19},"end":{"line":48,"column":20}},"loc":{"start":{"line":48,"column":37},"end":{"line":51,"column":3}},"line":48}},"branchMap":{},"s":{"0":1,"1":1,"2":1,"3":1,"4":1,"5":1,"6":1},"f":{"0":1,"1":1},"b":{},"_coverageSchema":"332fd63041d2c1bcb487cc26dd0d5f7d97098a6c","hash":"c81aa829e81631dc414f9b7522806ea485ec8ee9","contentHash":"8ff21f206bcb57389220dbcff57e5462_11.1.0"},"C:\\Users\\Seamfix\\Documents\\Andela\\HelloBooks\\server\\server\\models\\usertype.js":{"path":"C:\\Users\\Seamfix\\Documents\\Andela\\HelloBooks\\server\\server\\models\\usertype.js","statementMap":{"0":{"start":{"line":3,"column":0},"end":{"line":5,"column":3}},"1":{"start":{"line":7,"column":0},"end":{"line":43,"column":2}},"2":{"start":{"line":8,"column":17},"end":{"line":26,"column":4}},"3":{"start":{"line":42,"column":2},"end":{"line":42,"column":18}}},"fnMap":{"0":{"name":"(anonymous_0)","decl":{"start":{"line":7,"column":18},"end":{"line":7,"column":19}},"loc":{"start":{"line":7,"column":50},"end":{"line":43,"column":1}},"line":7}},"branchMap":{},"s":{"0":1,"1":1,"2":1,"3":1},"f":{"0":1},"b":{},"_coverageSchema":"332fd63041d2c1bcb487cc26dd0d5f7d97098a6c","hash":"d76a90dcb9af137f103dd2ceb99a0d2745040ba3","contentHash":"63432b44f03b9c15db34a4cdff824707_11.1.0"},"C:\\Users\\Seamfix\\Documents\\Andela\\HelloBooks\\server\\server\\controller\\book.js":{"path":"C:\\Users\\Seamfix\\Documents\\Andela\\HelloBooks\\server\\server\\controller\\book.js","statementMap":{"0":{"start":{"line":3,"column":0},"end":{"line":5,"column":3}},"1":{"start":{"line":7,"column":14},"end":{"line":7,"column":34}},"2":{"start":{"line":9,"column":15},"end":{"line":9,"column":46}},"3":{"start":{"line":11,"column":17},"end":{"line":11,"column":37}},"4":{"start":{"line":13,"column":18},"end":{"line":13,"column":52}},"5":{"start":{"line":15,"column":39},"end":{"line":15,"column":93}},"6":{"start":{"line":17,"column":11},"end":{"line":17,"column":32}},"7":{"start":{"line":19,"column":0},"end":{"line":225,"column":2}},"8":{"start":{"line":22,"column":8},"end":{"line":38,"column":11}},"9":{"start":{"line":31,"column":12},"end":{"line":35,"column":15}},"10":{"start":{"line":37,"column":12},"end":{"line":37,"column":47}},"11":{"start":{"line":44,"column":25},"end":{"line":44,"column":44}},"12":{"start":{"line":46,"column":8},"end":{"line":52,"column":9}},"13":{"start":{"line":47,"column":12},"end":{"line":50,"column":15}},"14":{"start":{"line":51,"column":12},"end":{"line":51,"column":19}},"15":{"start":{"line":53,"column":8},"end":{"line":70,"column":11}},"16":{"start":{"line":63,"column":12},"end":{"line":67,"column":15}},"17":{"start":{"line":69,"column":12},"end":{"line":69,"column":47}},"18":{"start":{"line":73,"column":8},"end":{"line":90,"column":11}},"19":{"start":{"line":83,"column":12},"end":{"line":87,"column":15}},"20":{"start":{"line":89,"column":12},"end":{"line":89,"column":47}},"21":{"start":{"line":93,"column":27},"end":{"line":93,"column":45}},"22":{"start":{"line":94,"column":8},"end":{"line":111,"column":11}},"23":{"start":{"line":104,"column":12},"end":{"line":108,"column":15}},"24":{"start":{"line":110,"column":12},"end":{"line":110,"column":47}},"25":{"start":{"line":114,"column":19},"end":{"line":114,"column":32}},"26":{"start":{"line":115,"column":21},"end":{"line":115,"column":36}},"27":{"start":{"line":116,"column":26},"end":{"line":116,"column":46}},"28":{"start":{"line":117,"column":25},"end":{"line":117,"column":44}},"29":{"start":{"line":118,"column":23},"end":{"line":118,"column":40}},"30":{"start":{"line":119,"column":20},"end":{"line":119,"column":34}},"31":{"start":{"line":122,"column":8},"end":{"line":130,"column":9}},"32":{"start":{"line":123,"column":12},"end":{"line":126,"column":15}},"33":{"start":{"line":127,"column":12},"end":{"line":127,"column":19}},"34":{"start":{"line":129,"column":12},"end":{"line":129,"column":55}},"35":{"start":{"line":133,"column":8},"end":{"line":141,"column":9}},"36":{"start":{"line":134,"column":12},"end":{"line":137,"column":15}},"37":{"start":{"line":138,"column":12},"end":{"line":138,"column":19}},"38":{"start":{"line":140,"column":12},"end":{"line":140,"column":59}},"39":{"start":{"line":144,"column":8},"end":{"line":152,"column":9}},"40":{"start":{"line":145,"column":12},"end":{"line":148,"column":15}},"41":{"start":{"line":149,"column":12},"end":{"line":149,"column":19}},"42":{"start":{"line":151,"column":12},"end":{"line":151,"column":42}},"43":{"start":{"line":155,"column":8},"end":{"line":163,"column":9}},"44":{"start":{"line":156,"column":12},"end":{"line":159,"column":15}},"45":{"start":{"line":160,"column":12},"end":{"line":160,"column":19}},"46":{"start":{"line":162,"column":12},"end":{"line":162,"column":46}},"47":{"start":{"line":165,"column":8},"end":{"line":165,"column":53}},"48":{"start":{"line":167,"column":8},"end":{"line":187,"column":11}},"49":{"start":{"line":177,"column":12},"end":{"line":181,"column":15}},"50":{"start":{"line":183,"column":12},"end":{"line":186,"column":15}},"51":{"start":{"line":190,"column":26},"end":{"line":190,"column":46}},"52":{"start":{"line":191,"column":23},"end":{"line":191,"column":40}},"53":{"start":{"line":192,"column":25},"end":{"line":192,"column":44}},"54":{"start":{"line":193,"column":21},"end":{"line":193,"column":38}},"55":{"start":{"line":194,"column":24},"end":{"line":194,"column":38}},"56":{"start":{"line":196,"column":8},"end":{"line":202,"column":9}},"57":{"start":{"line":197,"column":12},"end":{"line":200,"column":15}},"58":{"start":{"line":201,"column":12},"end":{"line":201,"column":19}},"59":{"start":{"line":204,"column":8},"end":{"line":223,"column":11}},"60":{"start":{"line":214,"column":12},"end":{"line":217,"column":15}},"61":{"start":{"line":219,"column":12},"end":{"line":222,"column":15}}},"fnMap":{"0":{"name":"_interopRequireDefault","decl":{"start":{"line":15,"column":9},"end":{"line":15,"column":31}},"loc":{"start":{"line":15,"column":37},"end":{"line":15,"column":95}},"line":15},"1":{"name":"getBooks","decl":{"start":{"line":21,"column":23},"end":{"line":21,"column":31}},"loc":{"start":{"line":21,"column":42},"end":{"line":39,"column":5}},"line":21},"2":{"name":"(anonymous_2)","decl":{"start":{"line":30,"column":16},"end":{"line":30,"column":17}},"loc":{"start":{"line":30,"column":32},"end":{"line":36,"column":9}},"line":30},"3":{"name":"(anonymous_3)","decl":{"start":{"line":36,"column":17},"end":{"line":36,"column":18}},"loc":{"start":{"line":36,"column":34},"end":{"line":38,"column":9}},"line":36},"4":{"name":"getBookByCategory","decl":{"start":{"line":43,"column":32},"end":{"line":43,"column":49}},"loc":{"start":{"line":43,"column":60},"end":{"line":71,"column":5}},"line":43},"5":{"name":"(anonymous_5)","decl":{"start":{"line":62,"column":16},"end":{"line":62,"column":17}},"loc":{"start":{"line":62,"column":32},"end":{"line":68,"column":9}},"line":62},"6":{"name":"(anonymous_6)","decl":{"start":{"line":68,"column":17},"end":{"line":68,"column":18}},"loc":{"start":{"line":68,"column":34},"end":{"line":70,"column":9}},"line":68},"7":{"name":"getFinishedBooks","decl":{"start":{"line":72,"column":31},"end":{"line":72,"column":47}},"loc":{"start":{"line":72,"column":58},"end":{"line":91,"column":5}},"line":72},"8":{"name":"(anonymous_8)","decl":{"start":{"line":82,"column":16},"end":{"line":82,"column":17}},"loc":{"start":{"line":82,"column":32},"end":{"line":88,"column":9}},"line":82},"9":{"name":"(anonymous_9)","decl":{"start":{"line":88,"column":17},"end":{"line":88,"column":18}},"loc":{"start":{"line":88,"column":34},"end":{"line":90,"column":9}},"line":88},"10":{"name":"getBooksByBorrowStatus","decl":{"start":{"line":92,"column":37},"end":{"line":92,"column":59}},"loc":{"start":{"line":92,"column":70},"end":{"line":112,"column":5}},"line":92},"11":{"name":"(anonymous_11)","decl":{"start":{"line":103,"column":16},"end":{"line":103,"column":17}},"loc":{"start":{"line":103,"column":32},"end":{"line":109,"column":9}},"line":103},"12":{"name":"(anonymous_12)","decl":{"start":{"line":109,"column":17},"end":{"line":109,"column":18}},"loc":{"start":{"line":109,"column":34},"end":{"line":111,"column":9}},"line":109},"13":{"name":"addBook","decl":{"start":{"line":113,"column":22},"end":{"line":113,"column":29}},"loc":{"start":{"line":113,"column":40},"end":{"line":188,"column":5}},"line":113},"14":{"name":"(anonymous_14)","decl":{"start":{"line":176,"column":16},"end":{"line":176,"column":17}},"loc":{"start":{"line":176,"column":32},"end":{"line":182,"column":9}},"line":176},"15":{"name":"(anonymous_15)","decl":{"start":{"line":182,"column":17},"end":{"line":182,"column":18}},"loc":{"start":{"line":182,"column":34},"end":{"line":187,"column":9}},"line":182},"16":{"name":"editBook","decl":{"start":{"line":189,"column":23},"end":{"line":189,"column":31}},"loc":{"start":{"line":189,"column":42},"end":{"line":224,"column":5}},"line":189},"17":{"name":"(anonymous_17)","decl":{"start":{"line":213,"column":16},"end":{"line":213,"column":17}},"loc":{"start":{"line":213,"column":32},"end":{"line":218,"column":9}},"line":213},"18":{"name":"(anonymous_18)","decl":{"start":{"line":218,"column":17},"end":{"line":218,"column":18}},"loc":{"start":{"line":218,"column":34},"end":{"line":223,"column":9}},"line":218}},"branchMap":{"0":{"loc":{"start":{"line":15,"column":46},"end":{"line":15,"column":92}},"type":"cond-expr","locations":[{"start":{"line":15,"column":70},"end":{"line":15,"column":73}},{"start":{"line":15,"column":76},"end":{"line":15,"column":92}}],"line":15},"1":{"loc":{"start":{"line":15,"column":46},"end":{"line":15,"column":67}},"type":"binary-expr","locations":[{"start":{"line":15,"column":46},"end":{"line":15,"column":49}},{"start":{"line":15,"column":53},"end":{"line":15,"column":67}}],"line":15},"2":{"loc":{"start":{"line":46,"column":8},"end":{"line":52,"column":9}},"type":"if","locations":[{"start":{"line":46,"column":8},"end":{"line":52,"column":9}},{"start":{"line":46,"column":8},"end":{"line":52,"column":9}}],"line":46},"3":{"loc":{"start":{"line":122,"column":8},"end":{"line":130,"column":9}},"type":"if","locations":[{"start":{"line":122,"column":8},"end":{"line":130,"column":9}},{"start":{"line":122,"column":8},"end":{"line":130,"column":9}}],"line":122},"4":{"loc":{"start":{"line":122,"column":12},"end":{"line":122,"column":66}},"type":"binary-expr","locations":[{"start":{"line":122,"column":12},"end":{"line":122,"column":50}},{"start":{"line":122,"column":54},"end":{"line":122,"column":66}}],"line":122},"5":{"loc":{"start":{"line":133,"column":8},"end":{"line":141,"column":9}},"type":"if","locations":[{"start":{"line":133,"column":8},"end":{"line":141,"column":9}},{"start":{"line":133,"column":8},"end":{"line":141,"column":9}}],"line":133},"6":{"loc":{"start":{"line":133,"column":12},"end":{"line":133,"column":70}},"type":"binary-expr","locations":[{"start":{"line":133,"column":12},"end":{"line":133,"column":52}},{"start":{"line":133,"column":56},"end":{"line":133,"column":70}}],"line":133},"7":{"loc":{"start":{"line":144,"column":8},"end":{"line":152,"column":9}},"type":"if","locations":[{"start":{"line":144,"column":8},"end":{"line":152,"column":9}},{"start":{"line":144,"column":8},"end":{"line":152,"column":9}}],"line":144},"8":{"loc":{"start":{"line":144,"column":12},"end":{"line":144,"column":74}},"type":"binary-expr","locations":[{"start":{"line":144,"column":12},"end":{"line":144,"column":54}},{"start":{"line":144,"column":58},"end":{"line":144,"column":74}}],"line":144},"9":{"loc":{"start":{"line":155,"column":8},"end":{"line":163,"column":9}},"type":"if","locations":[{"start":{"line":155,"column":8},"end":{"line":163,"column":9}},{"start":{"line":155,"column":8},"end":{"line":163,"column":9}}],"line":155},"10":{"loc":{"start":{"line":155,"column":12},"end":{"line":155,"column":78}},"type":"binary-expr","locations":[{"start":{"line":155,"column":12},"end":{"line":155,"column":56}},{"start":{"line":155,"column":60},"end":{"line":155,"column":78}}],"line":155},"11":{"loc":{"start":{"line":196,"column":8},"end":{"line":202,"column":9}},"type":"if","locations":[{"start":{"line":196,"column":8},"end":{"line":202,"column":9}},{"start":{"line":196,"column":8},"end":{"line":202,"column":9}}],"line":196},"12":{"loc":{"start":{"line":196,"column":12},"end":{"line":196,"column":64}},"type":"binary-expr","locations":[{"start":{"line":196,"column":12},"end":{"line":196,"column":26}},{"start":{"line":196,"column":30},"end":{"line":196,"column":41}},{"start":{"line":196,"column":45},"end":{"line":196,"column":64}}],"line":196}},"s":{"0":1,"1":1,"2":1,"3":1,"4":1,"5":2,"6":1,"7":1,"8":1,"9":1,"10":0,"11":0,"12":0,"13":0,"14":0,"15":0,"16":0,"17":0,"18":0,"19":0,"20":0,"21":0,"22":0,"23":0,"24":0,"25":5,"26":5,"27":5,"28":5,"29":5,"30":5,"31":5,"32":1,"33":1,"34":4,"35":4,"36":1,"37":1,"38":3,"39":3,"40":1,"41":1,"42":2,"43":2,"44":1,"45":1,"46":1,"47":1,"48":1,"49":1,"50":0,"51":1,"52":1,"53":1,"54":1,"55":1,"56":1,"57":0,"58":0,"59":1,"60":1,"61":0},"f":{"0":2,"1":1,"2":1,"3":0,"4":0,"5":0,"6":0,"7":0,"8":0,"9":0,"10":0,"11":0,"12":0,"13":5,"14":1,"15":0,"16":1,"17":1,"18":0},"b":{"0":[1,1],"1":[2,2],"2":[0,0],"3":[1,4],"4":[5,5],"5":[1,3],"6":[4,4],"7":[1,2],"8":[3,3],"9":[1,1],"10":[2,2],"11":[0,1],"12":[1,1,1]},"_coverageSchema":"332fd63041d2c1bcb487cc26dd0d5f7d97098a6c","hash":"fb63d48ad3d85e52d5c0ae788ec94c3528fcfe95","contentHash":"a6f79c1a4eca8545838cf9772c6ef3ea_11.1.0"},"C:\\Users\\Seamfix\\Documents\\Andela\\HelloBooks\\server\\server\\controller\\borrowlog.js":{"path":"C:\\Users\\Seamfix\\Documents\\Andela\\HelloBooks\\server\\server\\controller\\borrowlog.js","statementMap":{"0":{"start":{"line":3,"column":0},"end":{"line":5,"column":3}},"1":{"start":{"line":7,"column":14},"end":{"line":7,"column":34}},"2":{"start":{"line":9,"column":15},"end":{"line":9,"column":46}},"3":{"start":{"line":11,"column":17},"end":{"line":11,"column":37}},"4":{"start":{"line":13,"column":18},"end":{"line":13,"column":52}},"5":{"start":{"line":15,"column":14},"end":{"line":15,"column":31}},"6":{"start":{"line":17,"column":15},"end":{"line":17,"column":46}},"7":{"start":{"line":19,"column":39},"end":{"line":19,"column":93}},"8":{"start":{"line":21,"column":13},"end":{"line":21,"column":38}},"9":{"start":{"line":23,"column":16},"end":{"line":23,"column":42}},"10":{"start":{"line":24,"column":11},"end":{"line":24,"column":32}},"11":{"start":{"line":25,"column":11},"end":{"line":25,"column":32}},"12":{"start":{"line":27,"column":0},"end":{"line":336,"column":2}},"13":{"start":{"line":29,"column":20},"end":{"line":29,"column":30}},"14":{"start":{"line":30,"column":25},"end":{"line":30,"column":30}},"15":{"start":{"line":32,"column":8},"end":{"line":32,"column":59}},"16":{"start":{"line":33,"column":25},"end":{"line":33,"column":234}},"17":{"start":{"line":35,"column":21},"end":{"line":35,"column":38}},"18":{"start":{"line":36,"column":21},"end":{"line":36,"column":36}},"19":{"start":{"line":41,"column":8},"end":{"line":46,"column":9}},"20":{"start":{"line":42,"column":12},"end":{"line":45,"column":15}},"21":{"start":{"line":51,"column":8},"end":{"line":57,"column":9}},"22":{"start":{"line":52,"column":12},"end":{"line":55,"column":15}},"23":{"start":{"line":56,"column":12},"end":{"line":56,"column":19}},"24":{"start":{"line":60,"column":8},"end":{"line":138,"column":11}},"25":{"start":{"line":67,"column":12},"end":{"line":132,"column":13}},"26":{"start":{"line":70,"column":16},"end":{"line":126,"column":17}},"27":{"start":{"line":71,"column":20},"end":{"line":74,"column":23}},"28":{"start":{"line":77,"column":20},"end":{"line":125,"column":23}},"29":{"start":{"line":86,"column":24},"end":{"line":119,"column":25}},"30":{"start":{"line":87,"column":28},"end":{"line":90,"column":31}},"31":{"start":{"line":94,"column":28},"end":{"line":118,"column":31}},"32":{"start":{"line":104,"column":32},"end":{"line":112,"column":35}},"33":{"start":{"line":108,"column":36},"end":{"line":111,"column":39}},"34":{"start":{"line":114,"column":32},"end":{"line":117,"column":35}},"35":{"start":{"line":121,"column":24},"end":{"line":124,"column":27}},"36":{"start":{"line":128,"column":16},"end":{"line":131,"column":19}},"37":{"start":{"line":134,"column":12},"end":{"line":137,"column":15}},"38":{"start":{"line":148,"column":20},"end":{"line":148,"column":30}},"39":{"start":{"line":149,"column":25},"end":{"line":149,"column":30}},"40":{"start":{"line":150,"column":21},"end":{"line":150,"column":38}},"41":{"start":{"line":151,"column":21},"end":{"line":151,"column":36}},"42":{"start":{"line":153,"column":8},"end":{"line":159,"column":9}},"43":{"start":{"line":154,"column":12},"end":{"line":157,"column":15}},"44":{"start":{"line":158,"column":12},"end":{"line":158,"column":19}},"45":{"start":{"line":161,"column":8},"end":{"line":167,"column":9}},"46":{"start":{"line":162,"column":12},"end":{"line":165,"column":15}},"47":{"start":{"line":166,"column":12},"end":{"line":166,"column":19}},"48":{"start":{"line":170,"column":8},"end":{"line":266,"column":11}},"49":{"start":{"line":177,"column":12},"end":{"line":177,"column":36}},"50":{"start":{"line":178,"column":12},"end":{"line":260,"column":13}},"51":{"start":{"line":179,"column":16},"end":{"line":182,"column":19}},"52":{"start":{"line":185,"column":16},"end":{"line":259,"column":19}},"53":{"start":{"line":192,"column":20},"end":{"line":258,"column":21}},"54":{"start":{"line":194,"column":24},"end":{"line":229,"column":27}},"55":{"start":{"line":207,"column":28},"end":{"line":223,"column":31}},"56":{"start":{"line":210,"column":32},"end":{"line":217,"column":35}},"57":{"start":{"line":211,"column":36},"end":{"line":214,"column":39}},"58":{"start":{"line":216,"column":36},"end":{"line":216,"column":64}},"59":{"start":{"line":219,"column":32},"end":{"line":222,"column":35}},"60":{"start":{"line":225,"column":28},"end":{"line":228,"column":31}},"61":{"start":{"line":232,"column":24},"end":{"line":257,"column":27}},"62":{"start":{"line":239,"column":28},"end":{"line":251,"column":29}},"63":{"start":{"line":240,"column":32},"end":{"line":244,"column":35}},"64":{"start":{"line":246,"column":32},"end":{"line":250,"column":35}},"65":{"start":{"line":253,"column":28},"end":{"line":256,"column":31}},"66":{"start":{"line":262,"column":12},"end":{"line":265,"column":15}},"67":{"start":{"line":276,"column":21},"end":{"line":276,"column":38}},"68":{"start":{"line":277,"column":25},"end":{"line":277,"column":43}},"69":{"start":{"line":279,"column":8},"end":{"line":285,"column":9}},"70":{"start":{"line":280,"column":12},"end":{"line":283,"column":15}},"71":{"start":{"line":284,"column":12},"end":{"line":284,"column":19}},"72":{"start":{"line":287,"column":8},"end":{"line":334,"column":9}},"73":{"start":{"line":288,"column":12},"end":{"line":309,"column":15}},"74":{"start":{"line":294,"column":16},"end":{"line":306,"column":17}},"75":{"start":{"line":295,"column":20},"end":{"line":299,"column":23}},"76":{"start":{"line":301,"column":20},"end":{"line":305,"column":23}},"77":{"start":{"line":308,"column":16},"end":{"line":308,"column":51}},"78":{"start":{"line":311,"column":12},"end":{"line":333,"column":15}},"79":{"start":{"line":318,"column":16},"end":{"line":330,"column":17}},"80":{"start":{"line":319,"column":20},"end":{"line":323,"column":23}},"81":{"start":{"line":325,"column":20},"end":{"line":329,"column":23}},"82":{"start":{"line":332,"column":16},"end":{"line":332,"column":51}}},"fnMap":{"0":{"name":"_interopRequireDefault","decl":{"start":{"line":19,"column":9},"end":{"line":19,"column":31}},"loc":{"start":{"line":19,"column":37},"end":{"line":19,"column":95}},"line":19},"1":{"name":"borrowBook","decl":{"start":{"line":28,"column":25},"end":{"line":28,"column":35}},"loc":{"start":{"line":28,"column":46},"end":{"line":139,"column":5}},"line":28},"2":{"name":"(anonymous_2)","decl":{"start":{"line":64,"column":16},"end":{"line":64,"column":17}},"loc":{"start":{"line":64,"column":32},"end":{"line":133,"column":9}},"line":64},"3":{"name":"(anonymous_3)","decl":{"start":{"line":85,"column":28},"end":{"line":85,"column":29}},"loc":{"start":{"line":85,"column":49},"end":{"line":120,"column":21}},"line":85},"4":{"name":"(anonymous_4)","decl":{"start":{"line":101,"column":36},"end":{"line":101,"column":37}},"loc":{"start":{"line":101,"column":55},"end":{"line":113,"column":29}},"line":101},"5":{"name":"(anonymous_5)","decl":{"start":{"line":107,"column":42},"end":{"line":107,"column":43}},"loc":{"start":{"line":107,"column":59},"end":{"line":112,"column":33}},"line":107},"6":{"name":"(anonymous_6)","decl":{"start":{"line":113,"column":37},"end":{"line":113,"column":38}},"loc":{"start":{"line":113,"column":54},"end":{"line":118,"column":29}},"line":113},"7":{"name":"(anonymous_7)","decl":{"start":{"line":120,"column":29},"end":{"line":120,"column":30}},"loc":{"start":{"line":120,"column":46},"end":{"line":125,"column":21}},"line":120},"8":{"name":"(anonymous_8)","decl":{"start":{"line":133,"column":17},"end":{"line":133,"column":18}},"loc":{"start":{"line":133,"column":34},"end":{"line":138,"column":9}},"line":133},"9":{"name":"returnBook","decl":{"start":{"line":147,"column":25},"end":{"line":147,"column":35}},"loc":{"start":{"line":147,"column":46},"end":{"line":267,"column":5}},"line":147},"10":{"name":"(anonymous_10)","decl":{"start":{"line":176,"column":16},"end":{"line":176,"column":17}},"loc":{"start":{"line":176,"column":38},"end":{"line":261,"column":9}},"line":176},"11":{"name":"(anonymous_11)","decl":{"start":{"line":191,"column":24},"end":{"line":191,"column":25}},"loc":{"start":{"line":191,"column":49},"end":{"line":259,"column":17}},"line":191},"12":{"name":"(anonymous_12)","decl":{"start":{"line":204,"column":32},"end":{"line":204,"column":33}},"loc":{"start":{"line":204,"column":53},"end":{"line":224,"column":25}},"line":204},"13":{"name":"(anonymous_13)","decl":{"start":{"line":207,"column":145},"end":{"line":207,"column":146}},"loc":{"start":{"line":207,"column":167},"end":{"line":218,"column":29}},"line":207},"14":{"name":"(anonymous_14)","decl":{"start":{"line":210,"column":151},"end":{"line":210,"column":152}},"loc":{"start":{"line":210,"column":173},"end":{"line":215,"column":33}},"line":210},"15":{"name":"(anonymous_15)","decl":{"start":{"line":215,"column":41},"end":{"line":215,"column":42}},"loc":{"start":{"line":215,"column":58},"end":{"line":217,"column":33}},"line":215},"16":{"name":"(anonymous_16)","decl":{"start":{"line":218,"column":37},"end":{"line":218,"column":38}},"loc":{"start":{"line":218,"column":54},"end":{"line":223,"column":29}},"line":218},"17":{"name":"(anonymous_17)","decl":{"start":{"line":224,"column":33},"end":{"line":224,"column":34}},"loc":{"start":{"line":224,"column":50},"end":{"line":229,"column":25}},"line":224},"18":{"name":"(anonymous_18)","decl":{"start":{"line":238,"column":32},"end":{"line":238,"column":33}},"loc":{"start":{"line":238,"column":54},"end":{"line":252,"column":25}},"line":238},"19":{"name":"(anonymous_19)","decl":{"start":{"line":252,"column":33},"end":{"line":252,"column":34}},"loc":{"start":{"line":252,"column":50},"end":{"line":257,"column":25}},"line":252},"20":{"name":"(anonymous_20)","decl":{"start":{"line":261,"column":17},"end":{"line":261,"column":18}},"loc":{"start":{"line":261,"column":34},"end":{"line":266,"column":9}},"line":261},"21":{"name":"getBorrowedBooks","decl":{"start":{"line":275,"column":31},"end":{"line":275,"column":47}},"loc":{"start":{"line":275,"column":58},"end":{"line":335,"column":5}},"line":275},"22":{"name":"(anonymous_22)","decl":{"start":{"line":293,"column":20},"end":{"line":293,"column":21}},"loc":{"start":{"line":293,"column":39},"end":{"line":307,"column":13}},"line":293},"23":{"name":"(anonymous_23)","decl":{"start":{"line":307,"column":21},"end":{"line":307,"column":22}},"loc":{"start":{"line":307,"column":38},"end":{"line":309,"column":13}},"line":307},"24":{"name":"(anonymous_24)","decl":{"start":{"line":317,"column":20},"end":{"line":317,"column":21}},"loc":{"start":{"line":317,"column":39},"end":{"line":331,"column":13}},"line":317},"25":{"name":"(anonymous_25)","decl":{"start":{"line":331,"column":21},"end":{"line":331,"column":22}},"loc":{"start":{"line":331,"column":38},"end":{"line":333,"column":13}},"line":331}},"branchMap":{"0":{"loc":{"start":{"line":19,"column":46},"end":{"line":19,"column":92}},"type":"cond-expr","locations":[{"start":{"line":19,"column":70},"end":{"line":19,"column":73}},{"start":{"line":19,"column":76},"end":{"line":19,"column":92}}],"line":19},"1":{"loc":{"start":{"line":19,"column":46},"end":{"line":19,"column":67}},"type":"binary-expr","locations":[{"start":{"line":19,"column":46},"end":{"line":19,"column":49}},{"start":{"line":19,"column":53},"end":{"line":19,"column":67}}],"line":19},"2":{"loc":{"start":{"line":33,"column":25},"end":{"line":33,"column":234}},"type":"cond-expr","locations":[{"start":{"line":33,"column":114},"end":{"line":33,"column":201}},{"start":{"line":33,"column":204},"end":{"line":33,"column":234}}],"line":33},"3":{"loc":{"start":{"line":33,"column":25},"end":{"line":33,"column":111}},"type":"binary-expr","locations":[{"start":{"line":33,"column":25},"end":{"line":33,"column":79}},{"start":{"line":33,"column":83},"end":{"line":33,"column":111}}],"line":33},"4":{"loc":{"start":{"line":41,"column":8},"end":{"line":46,"column":9}},"type":"if","locations":[{"start":{"line":41,"column":8},"end":{"line":46,"column":9}},{"start":{"line":41,"column":8},"end":{"line":46,"column":9}}],"line":41},"5":{"loc":{"start":{"line":41,"column":12},"end":{"line":41,"column":65}},"type":"binary-expr","locations":[{"start":{"line":41,"column":12},"end":{"line":41,"column":26}},{"start":{"line":41,"column":30},"end":{"line":41,"column":42}},{"start":{"line":41,"column":46},"end":{"line":41,"column":65}}],"line":41},"6":{"loc":{"start":{"line":51,"column":8},"end":{"line":57,"column":9}},"type":"if","locations":[{"start":{"line":51,"column":8},"end":{"line":57,"column":9}},{"start":{"line":51,"column":8},"end":{"line":57,"column":9}}],"line":51},"7":{"loc":{"start":{"line":51,"column":12},"end":{"line":51,"column":65}},"type":"binary-expr","locations":[{"start":{"line":51,"column":12},"end":{"line":51,"column":26}},{"start":{"line":51,"column":30},"end":{"line":51,"column":42}},{"start":{"line":51,"column":46},"end":{"line":51,"column":65}}],"line":51},"8":{"loc":{"start":{"line":67,"column":12},"end":{"line":132,"column":13}},"type":"if","locations":[{"start":{"line":67,"column":12},"end":{"line":132,"column":13}},{"start":{"line":67,"column":12},"end":{"line":132,"column":13}}],"line":67},"9":{"loc":{"start":{"line":70,"column":16},"end":{"line":126,"column":17}},"type":"if","locations":[{"start":{"line":70,"column":16},"end":{"line":126,"column":17}},{"start":{"line":70,"column":16},"end":{"line":126,"column":17}}],"line":70},"10":{"loc":{"start":{"line":86,"column":24},"end":{"line":119,"column":25}},"type":"if","locations":[{"start":{"line":86,"column":24},"end":{"line":119,"column":25}},{"start":{"line":86,"column":24},"end":{"line":119,"column":25}}],"line":86},"11":{"loc":{"start":{"line":153,"column":8},"end":{"line":159,"column":9}},"type":"if","locations":[{"start":{"line":153,"column":8},"end":{"line":159,"column":9}},{"start":{"line":153,"column":8},"end":{"line":159,"column":9}}],"line":153},"12":{"loc":{"start":{"line":153,"column":12},"end":{"line":153,"column":64}},"type":"binary-expr","locations":[{"start":{"line":153,"column":12},"end":{"line":153,"column":26}},{"start":{"line":153,"column":30},"end":{"line":153,"column":41}},{"start":{"line":153,"column":45},"end":{"line":153,"column":64}}],"line":153},"13":{"loc":{"start":{"line":161,"column":8},"end":{"line":167,"column":9}},"type":"if","locations":[{"start":{"line":161,"column":8},"end":{"line":167,"column":9}},{"start":{"line":161,"column":8},"end":{"line":167,"column":9}}],"line":161},"14":{"loc":{"start":{"line":161,"column":12},"end":{"line":161,"column":65}},"type":"binary-expr","locations":[{"start":{"line":161,"column":12},"end":{"line":161,"column":26}},{"start":{"line":161,"column":30},"end":{"line":161,"column":42}},{"start":{"line":161,"column":46},"end":{"line":161,"column":65}}],"line":161},"15":{"loc":{"start":{"line":178,"column":12},"end":{"line":260,"column":13}},"type":"if","locations":[{"start":{"line":178,"column":12},"end":{"line":260,"column":13}},{"start":{"line":178,"column":12},"end":{"line":260,"column":13}}],"line":178},"16":{"loc":{"start":{"line":192,"column":20},"end":{"line":258,"column":21}},"type":"if","locations":[{"start":{"line":192,"column":20},"end":{"line":258,"column":21}},{"start":{"line":192,"column":20},"end":{"line":258,"column":21}}],"line":192},"17":{"loc":{"start":{"line":239,"column":28},"end":{"line":251,"column":29}},"type":"if","locations":[{"start":{"line":239,"column":28},"end":{"line":251,"column":29}},{"start":{"line":239,"column":28},"end":{"line":251,"column":29}}],"line":239},"18":{"loc":{"start":{"line":279,"column":8},"end":{"line":285,"column":9}},"type":"if","locations":[{"start":{"line":279,"column":8},"end":{"line":285,"column":9}},{"start":{"line":279,"column":8},"end":{"line":285,"column":9}}],"line":279},"19":{"loc":{"start":{"line":279,"column":12},"end":{"line":279,"column":65}},"type":"binary-expr","locations":[{"start":{"line":279,"column":12},"end":{"line":279,"column":26}},{"start":{"line":279,"column":30},"end":{"line":279,"column":42}},{"start":{"line":279,"column":46},"end":{"line":279,"column":65}}],"line":279},"20":{"loc":{"start":{"line":287,"column":8},"end":{"line":334,"column":9}},"type":"if","locations":[{"start":{"line":287,"column":8},"end":{"line":334,"column":9}},{"start":{"line":287,"column":8},"end":{"line":334,"column":9}}],"line":287},"21":{"loc":{"start":{"line":294,"column":16},"end":{"line":306,"column":17}},"type":"if","locations":[{"start":{"line":294,"column":16},"end":{"line":306,"column":17}},{"start":{"line":294,"column":16},"end":{"line":306,"column":17}}],"line":294},"22":{"loc":{"start":{"line":318,"column":16},"end":{"line":330,"column":17}},"type":"if","locations":[{"start":{"line":318,"column":16},"end":{"line":330,"column":17}},{"start":{"line":318,"column":16},"end":{"line":330,"column":17}}],"line":318}},"s":{"0":1,"1":1,"2":1,"3":1,"4":1,"5":1,"6":1,"7":3,"8":1,"9":1,"10":1,"11":1,"12":1,"13":0,"14":0,"15":0,"16":0,"17":0,"18":0,"19":0,"20":0,"21":0,"22":0,"23":0,"24":0,"25":0,"26":0,"27":0,"28":0,"29":0,"30":0,"31":0,"32":0,"33":0,"34":0,"35":0,"36":0,"37":0,"38":0,"39":0,"40":0,"41":0,"42":0,"43":0,"44":0,"45":0,"46":0,"47":0,"4
[...]
"line":32,"column":16},"end":{"line":32,"column":17}},"loc":{"start":{"line":32,"column":39},"end":{"line":34,"column":9}},"line":32},"3":{"name":"(anonymous_3)","decl":{"start":{"line":34,"column":17},"end":{"line":34,"column":18}},"loc":{"start":{"line":34,"column":34},"end":{"line":36,"column":9}},"line":34},"4":{"name":"addAccountType","decl":{"start":{"line":45,"column":29},"end":{"line":45,"column":43}},"loc":{"start":{"line":45,"column":54},"end":{"line":86,"column":5}},"line":45},"5":{"name":"(anonymous_5)","decl":{"start":{"line":79,"column":16},"end":{"line":79,"column":17}},"loc":{"start":{"line":79,"column":39},"end":{"line":83,"column":9}},"line":79},"6":{"name":"(anonymous_6)","decl":{"start":{"line":83,"column":17},"end":{"line":83,"column":18}},"loc":{"start":{"line":83,"column":34},"end":{"line":85,"column":9}},"line":83}},"branchMap":{"0":{"loc":{"start":{"line":15,"column":46},"end":{"line":15,"column":92}},"type":"cond-expr","locations":[{"start":{"line":15,"column":70},"end":{"line":15,"column":73}},{"start":{"line":15,"column":76},"end":{"line":15,"column":92}}],"line":15},"1":{"loc":{"start":{"line":15,"column":46},"end":{"line":15,"column":67}},"type":"binary-expr","locations":[{"start":{"line":15,"column":46},"end":{"line":15,"column":49}},{"start":{"line":15,"column":53},"end":{"line":15,"column":67}}],"line":15},"2":{"loc":{"start":{"line":50,"column":8},"end":{"line":56,"column":9}},"type":"if","locations":[{"start":{"line":50,"column":8},"end":{"line":56,"column":9}},{"start":{"line":50,"column":8},"end":{"line":56,"column":9}}],"line":50},"3":{"loc":{"start":{"line":58,"column":8},"end":{"line":64,"column":9}},"type":"if","locations":[{"start":{"line":58,"column":8},"end":{"line":64,"column":9}},{"start":{"line":58,"column":8},"end":{"line":64,"column":9}}],"line":58},"4":{"loc":{"start":{"line":66,"column":8},"end":{"line":72,"column":9}},"type":"if","locations":[{"start":{"line":66,"column":8},"end":{"line":72,"column":9}},{"start":{"line":66,"column":8},"end":{"line":72,"column":9}}],"line":66}},"s":{"0":1,"1":1,"2":1,"3":1,"4":1,"5":2,"6":1,"7":1,"8":0,"9":0,"10":0,"11":0,"12":0,"13":0,"14":0,"15":0,"16":0,"17":0,"18":0,"19":0,"20":0,"21":0,"22":0,"23":0,"24":0,"25":0},"f":{"0":2,"1":0,"2":0,"3":0,"4":0,"5":0,"6":0},"b":{"0":[1,1],"1":[2,2],"2":[0,0],"3":[0,0],"4":[0,0]},"_coverageSchema":"332fd63041d2c1bcb487cc26dd0d5f7d97098a6c","hash":"efa0951edd25bdce78c4551357aec1404d268860","contentHash":"c0d178469c03fa95564628128042bca8_11.1.0"},"C:\\Users\\Seamfix\\Documents\\Andela\\HelloBooks\\server\\server\\helper\\checkuser.js":{"path":"C:\\Users\\Seamfix\\Documents\\Andela\\HelloBooks\\server\\server\\helper\\checkuser.js","statementMap":{"0":{"start":{"line":3,"column":0},"end":{"line":5,"column":3}},"1":{"start":{"line":7,"column":16},"end":{"line":28,"column":1}},"2":{"start":{"line":8,"column":19},"end":{"line":8,"column":31}},"3":{"start":{"line":10,"column":4},"end":{"line":27,"column":5}},"4":{"start":{"line":11,"column":8},"end":{"line":20,"column":9}},"5":{"start":{"line":12,"column":12},"end":{"line":15,"column":15}},"6":{"start":{"line":16,"column":12},"end":{"line":16,"column":26}},"7":{"start":{"line":18,"column":12},"end":{"line":18,"column":35}},"8":{"start":{"line":19,"column":12},"end":{"line":19,"column":19}},"9":{"start":{"line":22,"column":8},"end":{"line":25,"column":11}},"10":{"start":{"line":26,"column":8},"end":{"line":26,"column":22}},"11":{"start":{"line":30,"column":0},"end":{"line":30,"column":28}}},"fnMap":{"0":{"name":"checkUser","decl":{"start":{"line":7,"column":25},"end":{"line":7,"column":34}},"loc":{"start":{"line":7,"column":51},"end":{"line":28,"column":1}},"line":7}},"branchMap":{"0":{"loc":{"start":{"line":10,"column":4},"end":{"line":27,"column":5}},"type":"if","locations":[{"start":{"line":10,"column":4},"end":{"line":27,"column":5}},{"start":{"line":10,"column":4},"end":{"line":27,"column":5}}],"line":10},"1":{"loc":{"start":{"line":11,"column":8},"end":{"line":20,"column":9}},"type":"if","locations":[{"start":{"line":11,"column":8},"end":{"line":20,"column":9}},{"start":{"line":11,"column":8},"end":{"line":20,"column":9}}],"line":11}},"s":{"0":1,"1":1,"2":0,"3":0,"4":0,"5":0,"6":0,"7":0,"8":0,"9":0,"10":0,"11":1},"f":{"0":0},"b":{"0":[0,0],"1":[0,0]},"_coverageSchema":"332fd63041d2c1bcb487cc26dd0d5f7d97098a6c","hash":"d6637b32537fc8ea8b2923240ba41eb6b3b7e876","contentHash":"7b238a910724837a7f1f9f2b6be023bb_11.1.0"},"C:\\Users\\Seamfix\\Documents\\Andela\\HelloBooks\\server\\server\\helper\\checklogin.js":{"path":"C:\\Users\\Seamfix\\Documents\\Andela\\HelloBooks\\server\\server\\helper\\checklogin.js","statementMap":{"0":{"start":{"line":3,"column":0},"end":{"line":5,"column":3}},"1":{"start":{"line":7,"column":20},"end":{"line":7,"column":43}},"2":{"start":{"line":9,"column":21},"end":{"line":9,"column":58}},"3":{"start":{"line":11,"column":14},"end":{"line":11,"column":31}},"4":{"start":{"line":13,"column":15},"end":{"line":13,"column":46}},"5":{"start":{"line":15,"column":39},"end":{"line":15,"column":93}},"6":{"start":{"line":17,"column":13},"end":{"line":17,"column":38}},"7":{"start":{"line":19,"column":17},"end":{"line":44,"column":1}},"8":{"start":{"line":21,"column":16},"end":{"line":21,"column":59}},"9":{"start":{"line":24,"column":4},"end":{"line":43,"column":5}},"10":{"start":{"line":25,"column":8},"end":{"line":37,"column":11}},"11":{"start":{"line":26,"column":12},"end":{"line":36,"column":13}},"12":{"start":{"line":27,"column":16},"end":{"line":30,"column":19}},"13":{"start":{"line":31,"column":16},"end":{"line":31,"column":30}},"14":{"start":{"line":33,"column":16},"end":{"line":33,"column":48}},"15":{"start":{"line":34,"column":16},"end":{"line":34,"column":54}},"16":{"start":{"line":35,"column":16},"end":{"line":35,"column":23}},"17":{"start":{"line":39,"column":8},"end":{"line":42,"column":11}},"18":{"start":{"line":46,"column":0},"end":{"line":46,"column":29}}},"fnMap":{"0":{"name":"_interopRequireDefault","decl":{"start":{"line":15,"column":9},"end":{"line":15,"column":31}},"loc":{"start":{"line":15,"column":37},"end":{"line":15,"column":95}},"line":15},"1":{"name":"checkLogin","decl":{"start":{"line":19,"column":26},"end":{"line":19,"column":36}},"loc":{"start":{"line":19,"column":53},"end":{"line":44,"column":1}},"line":19},"2":{"name":"(anonymous_2)","decl":{"start":{"line":25,"column":67},"end":{"line":25,"column":68}},"loc":{"start":{"line":25,"column":93},"end":{"line":37,"column":9}},"line":25}},"branchMap":{"0":{"loc":{"start":{"line":15,"column":46},"end":{"line":15,"column":92}},"type":"cond-expr","locations":[{"start":{"line":15,"column":70},"end":{"line":15,"column":73}},{"start":{"line":15,"column":76},"end":{"line":15,"column":92}}],"line":15},"1":{"loc":{"start":{"line":15,"column":46},"end":{"line":15,"column":67}},"type":"binary-expr","locations":[{"start":{"line":15,"column":46},"end":{"line":15,"column":49}},{"start":{"line":15,"column":53},"end":{"line":15,"column":67}}],"line":15},"2":{"loc":{"start":{"line":21,"column":16},"end":{"line":21,"column":59}},"type":"binary-expr","locations":[{"start":{"line":21,"column":16},"end":{"line":21,"column":30}},{"start":{"line":21,"column":34},"end":{"line":21,"column":59}}],"line":21},"3":{"loc":{"start":{"line":24,"column":4},"end":{"line":43,"column":5}},"type":"if","locations":[{"start":{"line":24,"column":4},"end":{"line":43,"column":5}},{"start":{"line":24,"column":4},"end":{"line":43,"column":5}}],"line":24},"4":{"loc":{"start":{"line":26,"column":12},"end":{"line":36,"column":13}},"type":"if","locations":[{"start":{"line":26,"column":12},"end":{"line":36,"column":13}},{"start":{"line":26,"column":12},"end":{"line":36,"column":13}}],"line":26}},"s":{"0":1,"1":1,"2":1,"3":1,"4":1,"5":2,"6":1,"7":1,"8":0,"9":0,"10":0,"11":0,"12":0,"13":0,"14":0,"15":0,"16":0,"17":0,"18":1},"f":{"0":2,"1":0,"2":0},"b":{"0":[0,2],"1":[2,2],"2":[0,0],"3":[0,0],"4":[0,0]},"_coverageSchema":"332fd63041d2c1bcb487cc26dd0d5f7d97098a6c","hash":"5e7b9bd8ec26cc386db7207758739a9c8293df4e","contentHash":"70a86a957b204013ee11e1e3feb0d9bc_11.1.0"},"C:\\Users\\Seamfix\\Documents\\Andela\\HelloBooks\\server\\test\\testdata.js":{"path":"C:\\Users\\Seamfix\\Documents\\Andela\\HelloBooks\\server\\test\\testdata.js","statementMap":{"0":{"start":{"line":3,"column":0},"end":{"line":5,"column":3}},"1":{"start":{"line":6,"column":0},"end":{"line":6,"column":393}},"2":{"start":{"line":8,"column":12},"end":{"line":8,"column":40}},"3":{"start":{"line":10,"column":13},"end":{"line":10,"column":42}},"4":{"start":{"line":12,"column":39},"end":{"line":12,"column":93}},"5":{"start":{"line":15,"column":15},"end":{"line":15,"column":71}},"6":{"start":{"line":16,"column":12},"end":{"line":16,"column":56}},"7":{"start":{"line":17,"column":15},"end":{"line":17,"column":44}},"8":{"start":{"line":19,"column":21},"end":{"line":19,"column":56}},"9":{"start":{"line":20,"column":21},"end":{"line":20,"column":56}},"10":{"start":{"line":21,"column":12},"end":{"line":21,"column":30}},"11":{"start":{"line":24,"column":13},"end":{"line":24,"column":31}},"12":{"start":{"line":25,"column":13},"end":{"line":25,"column":31}},"13":{"start":{"line":27,"column":21},"end":{"line":27,"column":47}},"14":{"start":{"line":28,"column":23},"end":{"line":28,"column":52}},"15":{"start":{"line":31,"column":15},"end":{"line":31,"column":71}},"16":{"start":{"line":32,"column":17},"end":{"line":32,"column":75}},"17":{"start":{"line":33,"column":22},"end":{"line":33,"column":82}},"18":{"start":{"line":34,"column":21},"end":{"line":34,"column":47}},"19":{"start":{"line":35,"column":19},"end":{"line":35,"column":43}},"20":{"start":{"line":36,"column":16},"end":{"line":36,"column":47}},"21":{"start":{"line":38,"column":17},"end":{"line":38,"column":236}},"22":{"start":{"line":39,"column":18},"end":{"line":39,"column":235}}},"fnMap":{"0":{"name":"_interopRequireDefault","decl":{"start":{"line":12,"column":9},"end":{"line":12,"column":31}},"loc":{"start":{"line":12,"column":37},"end":{"line":12,"column":95}},"line":12}},"branchMap":{"0":{"loc":{"start":{"line":12,"column":46},"end":{"line":12,"column":92}},"type":"cond-expr","locations":[{"start":{"line":12,"column":70},"end":{"line":12,"column":73}},{"start":{"line":12,"column":76},"end":{"line":12,"column":92}}],"line":12},"1":{"loc":{"start":{"line":12,"column":46},"end":{"line":12,"column":67}},"type":"binary-expr","locations":[{"start":{"line":12,"column":46},"end":{"line":12,"column":49}},{"start":{"line":12,"column":53},"end":{"line":12,"column":67}}],"line":12}},"s":{"0":1,"1":1,"2":1,"3":1,"4":1,"5":1,"6":1,"7":1,"8":1,"9":1,"10":1,"11":1,"12":1,"13":1,"14":1,"15":1,"16":1,"17":1,"18":1,"19":1,"20":1,"21":1,"22":1},"f":{"0":1},"b":{"0":[0,1],"1":[1,1]},"_coverageSchema":"332fd63041d2c1bcb487cc26dd0d5f7d97098a6c","hash":"f6be2f3939cb6c2a98752f716d7a493a2cffc1b0","contentHash":"914ed906edea4c24121655724b16abe5_11.1.0"},"C:\\Users\\Seamfix\\Documents\\Andela\\HelloBooks\\server\\test\\usertest.js":{"path":"C:\\Users\\Seamfix\\Documents\\Andela\\HelloBooks\\server\\test\\usertest.js","statementMap":{"0":{"start":{"line":3,"column":12},"end":{"line":3,"column":27}},"1":{"start":{"line":5,"column":13},"end":{"line":5,"column":42}},"2":{"start":{"line":7,"column":14},"end":{"line":7,"column":31}},"3":{"start":{"line":9,"column":15},"end":{"line":9,"column":46}},"4":{"start":{"line":11,"column":17},"end":{"line":11,"column":37}},"5":{"start":{"line":13,"column":18},"end":{"line":13,"column":52}},"6":{"start":{"line":15,"column":11},"end":{"line":15,"column":31}},"7":{"start":{"line":17,"column":12},"end":{"line":17,"column":40}},"8":{"start":{"line":19,"column":16},"end":{"line":19,"column":37}},"9":{"start":{"line":21,"column":20},"end":{"line":21,"column":54}},"10":{"start":{"line":23,"column":40},"end":{"line":23,"column":267}},"11":{"start":{"line":23,"column":69},"end":{"line":23,"column":80}},"12":{"start":{"line":23,"column":103},"end":{"line":23,"column":105}},"13":{"start":{"line":23,"column":107},"end":{"line":23,"column":228}},"14":{"start":{"line":23,"column":126},"end":{"line":23,"column":226}},"15":{"start":{"line":23,"column":149},"end":{"line":23,"column":224}},"16":{"start":{"line":23,"column":201},"end":{"line":23,"column":224}},"17":{"start":{"line":23,"column":229},"end":{"line":23,"column":250}},"18":{"start":{"line":23,"column":251},"end":{"line":23,"column":265}},"19":{"start":{"line":25,"column":39},"end":{"line":25,"column":93}},"20":{"start":{"line":27,"column":13},"end":{"line":27,"column":36}},"21":{"start":{"line":28,"column":13},"end":{"line":28,"column":34}},"22":{"start":{"line":29,"column":15},"end":{"line":29,"column":37}},"23":{"start":{"line":30,"column":15},"end":{"line":30,"column":37}},"24":{"start":{"line":32,"column":0},"end":{"line":100,"column":3}},"25":{"start":{"line":34,"column":4},"end":{"line":44,"column":7}},"26":{"start":{"line":35,"column":8},"end":{"line":43,"column":11}},"27":{"start":{"line":40,"column":12},"end":{"line":40,"column":46}},"28":{"start":{"line":41,"column":12},"end":{"line":41,"column":49}},"29":{"start":{"line":42,"column":12},"end":{"line":42,"column":19}},"30":{"start":{"line":46,"column":4},"end":{"line":56,"column":7}},"31":{"start":{"line":47,"column":8},"end":{"line":55,"column":11}},"32":{"start":{"line":51,"column":12},"end":{"line":51,"column":46}},"33":{"start":{"line":52,"column":12},"end":{"line":52,"column":50}},"34":{"start":{"line":53,"column":12},"end":{"line":53,"column":67}},"35":{"start":{"line":54,"column":12},"end":{"line":54,"column":19}},"36":{"start":{"line":58,"column":4},"end":{"line":68,"column":7}},"37":{"start":{"line":59,"column":8},"end":{"line":67,"column":11}},"38":{"start":{"line":63,"column":12},"end":{"line":63,"column":46}},"39":{"start":{"line":64,"column":12},"end":{"line":64,"column":50}},"40":{"start":{"line":65,"column":12},"end":{"line":65,"column":64}},"41":{"start":{"line":66,"column":12},"end":{"line":66,"column":19}},"42":{"start":{"line":70,"column":4},"end":{"line":81,"column":7}},"43":{"start":{"line":71,"column":8},"end":{"line":80,"column":11}},"44":{"start":{"line":76,"column":12},"end":{"line":76,"column":46}},"45":{"start":{"line":77,"column":12},"end":{"line":77,"column":50}},"46":{"start":{"line":78,"column":12},"end":{"line":78,"column":74}},"47":{"start":{"line":79,"column":12},"end":{"line":79,"column":19}},"48":{"start":{"line":83,"column":4},"end":{"line":92,"column":7}},"49":{"start":{"line":84,"column":8},"end":{"line":91,"column":11}},"50":{"start":{"line":88,"column":12},"end":{"line":88,"column":46}},"51":{"start":{"line":89,"column":12},"end":{"line":89,"column":49}},"52":{"start":{"line":90,"column":12},"end":{"line":90,"column":19}},"53":{"start":{"line":94,"column":4},"end":{"line":99,"column":7}},"54":{"start":{"line":95,"column":8},"end":{"line":98,"column":11}},"55":{"start":{"line":96,"column":12},"end":{"line":96,"column":46}},"56":{"start":{"line":97,"column":12},"end":{"line":97,"column":19}}},"fnMap":{"0":{"name":"_interopRequireWildcard","decl":{"start":{"line":23,"column":9},"end":{"line":23,"column":32}},"loc":{"start":{"line":23,"column":38},"end":{"line":23,"column":269}},"line":23},"1":{"name":"_interopRequireDefault","decl":{"start":{"line":25,"column":9},"end":{"line":25,"column":31}},"loc":{"start":{"line":25,"column":37},"end":{"line":25,"column":95}},"line":25},"2":{"name":"(anonymous_2)","decl":{"start":{"line":32,"column":52},"end":{"line":32,"column":53}},"loc":{"start":{"line":32,"column":64},"end":{"line":100,"column":1}},"line":32},"3":{"name":"(anonymous_3)","decl":{"start":{"line":34,"column":28},"end":{"line":34,"column":29}},"loc":{"start":{"line":34,"column":44},"end":{"line":44,"column":5}},"line":34},"4":{"name":"(anonymous_4)","decl":{"start":{"line":39,"column":15},"end":{"line":39,"column":16}},"loc":{"start":{"line":39,"column":35},"end":{"line":43,"column":9}},"line":39},"5":{"name":"(anonymous_5)","decl":{"start":{"line":46,"column":28},"end":{"line":46,"column":29}},"loc":{"start":{"line":46,"column":44},"end":{"line":56,"column":5}},"line":46},"6":{"name":"(anonymous_6)","decl":{"start":{"line":50,"column":15},"end":{"line":50,"column":16}},"loc":{"start":{"line":50,"column":35},"end":{"line":55,"column":9}},"line":50},"7":{"name":"(anonymous_7)","decl":{"start":{"line":58,"column":28},"end":{"line":58,"column":29}},"loc":{"start":{"line":58,"column":44},"end":{"line":68,"column":5}},"line":58},"8":{"name":"(anonymous_8)","decl":{"start":{"line":62,"column":15},"end":{"line":62,"column":16}},"loc":{"start":{"line":62,"column":35},"end":{"line":67,"column":9}},"line":62},"9":{"name":"(anonymous_9)","decl":{"start":{"line":70,"column":28},"end":{"line":70,"column":29}},"loc":{"start":{"line":70,"column":44},"end":{"line":81,"column":5}},"line":70},"10":{"name":"(anonymous_10)","decl":{"start":{"line":75,"column":15},"end":{"line":75,"column":16}},"loc":{"start":{"line":75,"column":35},"end":{"line":80,"column":9}},"line":75},"11":{"name":"(anonymous_11)","decl":{"start":{"line":83,"column":27},"end":{"line":83,"column":28}},"loc":{"start":{"line":83,"column":43},"end":{"line":92,"column":5}},"line":83},"12":{"name":"(anonymous_12)","decl":{"start":{"line":87,"column":15},"end":{"line":87,"column":16}},"loc":{"start":{"line":87,"column":35},"end":{"line":91,"column":9}},"line":87},"13":{"name":"(anonymous_13)","decl":{"start":{"line":94,"column":30},"end":{"line":94,"column":31}},"loc":{"start":{"line":94,"column":46},"end":{"line":99,"column":5}},"line":94},"14":{"name":"(anonymous_14)","decl":{"start":{"line":95,"column":124},"end":{"line":95,"column":125}},"loc":{"start":{"line":95,"column":144},"end":{"line":98,"column":9}},"line":95}},"branchMap":{"0":{"loc":{"start":{"line":23,"column":40},"end":{"line":23,"column":267}},"type":"if","locations":[{"start":{"line":23,"column":40},"end":{"line":23,"column":267}},{"start":{"line":23,"column":40},"end":{"line":23,"column":267}}],"line":23},"1":{"loc":{"start":{"line":23,"column":44},"end":{"line":23,"column":65}},"type":"binary-expr","locations":[{"start":{"line":23,"column":44},"end":{"line":23,"column":47}},{"start":{"line":23,"column":51},"end":{"line":23,"column":65}}],"line":23},"2":{"loc":{"start":{"line":23,"column":107},"end":{"line":23,"column":228}},"type":"if","locations":[{"start":{"line":23,"column":107},"end":{"line":23,"column":228}},{"start":{"line":23,"column":107},"end":{"line":23,"column":228}}],"line":23},"3":{"loc":{"start":{"line":23,"column":149},"end":{"line":23,"column":224}},"type":"if","locations":[{"start":{"line":23,"column":149},"end":{"line":23,"column":224}},{"start":{"line":23,"column":149},"end":{"line":23,"column":224}}],"line":23},"4":{"loc":{"start":{"line":25,"column":46},"end":{"line":25,"column":92}},"type":"cond-expr","locations":[{"start":{"line":25,"column":70},"end":{"line":25,"column":73}},{"start":{"line":25,"column":76},"end":{"line":25,"column":92}}],"line":25},"5":{"loc":{"start":{"line":25,"column":46},"end":{"line":25,"column":67}},"type":"binary-expr","locations":[{"start":{"line":25,"column":46},"end":{"line":25,"column":49}},{"start":{"line":25,"column":53},"end":{"line":25,"column":67}}],"line":25}},"s":{"0":1,"1":1,"2":1,"3":1,"4":1,"5":1,"6":1,"7":1,"8":1,"9":1,"10":1,"11":1,"12":0,"13":0,"14":0,"15":0,"16":0,"17":0,"18":0,"19":4,"20":1,"21":1,"22":1,"23":1,"24":1,"25":1,"26":1,"27":1,"28":1,"29":1,"30":1,"31":1,"32":1,"33":1,"34":1,"35":1,"36":1,"37":1,"38":1,"39":1,"40":1,"41":1,"42":1,"43":1,"44":1,"45":1,"46":1,"47":1,"48":1,"49":1,"50":1,"51":1,"52":1,"53":1,"54":1,"55":1,"56":1},"f":{"0":1,"1":4,"2":1,"3":1,"4":1,"5":1,"6":1,"7":1,"8":1,"9":1,"10":1,"11":1,"12":1,"13":1,"14":1},"b":{"0":[1,0],"1":[1,1],"2":[0,0],"3":[0,0],"4":[1,3],"5":[4,4]},"_coverageSchema":"332fd63041d2c1bcb487cc26dd0d5f7d97098a6c","hash":"a6bb1d7ca5f0241df7afe5d636c4e26f7477c17e","contentHash":"82856c1d389c50d75736e1aa5305320e_11.1.0"}}